[0.119s] Invoking command in '/home/jisang/midterm/ros_ws/build/midterm_2024_msg': CMAKE_PREFIX_PATH=${CMAKE_PREFIX_PATH}:/opt/ros/humble WSLENV=ELECTRON_RUN_AS_NODE/w:WT_SESSION:WT_PROFILE_ID: /usr/bin/cmake --build /home/jisang/midterm/ros_ws/build/midterm_2024_msg -- -j4 -l4
[0.220s] [  3%] Built target midterm_2024_msg__cpp
[0.258s] [  3%] Built target ament_cmake_python_copy_midterm_2024_msg
[0.306s] [ 12%] Built target midterm_2024_msg__rosidl_typesupport_fastrtps_cpp
[0.339s] [ 22%] Built target midterm_2024_msg__rosidl_typesupport_introspection_cpp
[0.719s] running egg_info
[0.720s] writing midterm_2024_msg.egg-info/PKG-INFO
[0.721s] writing dependency_links to midterm_2024_msg.egg-info/dependency_links.txt
[0.721s] writing top-level names to midterm_2024_msg.egg-info/top_level.txt
[0.726s] reading manifest file 'midterm_2024_msg.egg-info/SOURCES.txt'
[0.727s] writing manifest file 'midterm_2024_msg.egg-info/SOURCES.txt'
[0.785s] [ 22%] Built target ament_cmake_python_build_midterm_2024_msg_egg
[0.828s] [ 32%] Built target midterm_2024_msg__rosidl_typesupport_cpp
[0.872s] [ 41%] Built target midterm_2024_msg__rosidl_generator_c
[0.906s] [ 51%] Built target midterm_2024_msg__rosidl_typesupport_fastrtps_c
[0.930s] [ 61%] Built target midterm_2024_msg__rosidl_typesupport_c
[0.960s] [ 70%] Built target midterm_2024_msg__rosidl_typesupport_introspection_c
[0.986s] [ 70%] Built target midterm_2024_msg
[1.023s] [ 74%] Built target midterm_2024_msg__py
[1.047s] [ 80%] Built target midterm_2024_msg__rosidl_generator_py
[1.079s] [ 87%] Built target midterm_2024_msg__rosidl_typesupport_fastrtps_c__pyext
[1.115s] [ 93%] Built target midterm_2024_msg__rosidl_typesupport_c__pyext
[1.144s] [100%] Built target midterm_2024_msg__rosidl_typesupport_introspection_c__pyext
[1.173s] Invoked command in '/home/jisang/midterm/ros_ws/build/midterm_2024_msg' returned '0': CMAKE_PREFIX_PATH=${CMAKE_PREFIX_PATH}:/opt/ros/humble WSLENV=ELECTRON_RUN_AS_NODE/w:WT_SESSION:WT_PROFILE_ID: /usr/bin/cmake --build /home/jisang/midterm/ros_ws/build/midterm_2024_msg -- -j4 -l4
[1.279s] Invoking command in '/home/jisang/midterm/ros_ws/build/midterm_2024_msg': CMAKE_PREFIX_PATH=${CMAKE_PREFIX_PATH}:/opt/ros/humble WSLENV=ELECTRON_RUN_AS_NODE/w:WT_SESSION:WT_PROFILE_ID: /usr/bin/cmake --install /home/jisang/midterm/ros_ws/build/midterm_2024_msg
[1.293s] -- Install configuration: ""
[1.297s] -- Up-to-date: /home/jisang/midterm/ros_ws/install/midterm_2024_msg/share/ament_index/resource_index/rosidl_interfaces/midterm_2024_msg
[1.297s] -- Up-to-date: /home/jisang/midterm/ros_ws/install/midterm_2024_msg/include/midterm_2024_msg/midterm_2024_msg
[1.297s] -- Up-to-date: /home/jisang/midterm/ros_ws/install/midterm_2024_msg/include/midterm_2024_msg/midterm_2024_msg/msg
[1.303s] -- Up-to-date: /home/jisang/midterm/ros_ws/install/midterm_2024_msg/include/midterm_2024_msg/midterm_2024_msg/msg/midterm.h
[1.303s] -- Up-to-date: /home/jisang/midterm/ros_ws/install/midterm_2024_msg/include/midterm_2024_msg/midterm_2024_msg/msg/rosidl_generator_c__visibility_control.h
[1.303s] -- Up-to-date: /home/jisang/midterm/ros_ws/install/midterm_2024_msg/include/midterm_2024_msg/midterm_2024_msg/msg/detail
[1.303s] -- Up-to-date: /home/jisang/midterm/ros_ws/install/midterm_2024_msg/include/midterm_2024_msg/midterm_2024_msg/msg/detail/midterm__type_support.h
[1.303s] -- Up-to-date: /home/jisang/midterm/ros_ws/install/midterm_2024_msg/include/midterm_2024_msg/midterm_2024_msg/msg/detail/midterm__functions.h
[1.303s] -- Up-to-date: /home/jisang/midterm/ros_ws/install/midterm_2024_msg/include/midterm_2024_msg/midterm_2024_msg/msg/detail/midterm__struct.h
[1.304s] -- Up-to-date: /home/jisang/midterm/ros_ws/install/midterm_2024_msg/include/midterm_2024_msg/midterm_2024_msg/msg/detail/midterm__functions.c
[1.304s] -- Up-to-date: /home/jisang/midterm/ros_ws/install/midterm_2024_msg/share/midterm_2024_msg/environment/library_path.sh
[1.304s] -- Up-to-date: /home/jisang/midterm/ros_ws/install/midterm_2024_msg/share/midterm_2024_msg/environment/library_path.dsv
[1.304s] -- Up-to-date: /home/jisang/midterm/ros_ws/install/midterm_2024_msg/lib/libmidterm_2024_msg__rosidl_generator_c.so
[1.304s] -- Up-to-date: /home/jisang/midterm/ros_ws/install/midterm_2024_msg/include/midterm_2024_msg/midterm_2024_msg
[1.304s] -- Up-to-date: /home/jisang/midterm/ros_ws/install/midterm_2024_msg/include/midterm_2024_msg/midterm_2024_msg/msg
[1.304s] -- Up-to-date: /home/jisang/midterm/ros_ws/install/midterm_2024_msg/include/midterm_2024_msg/midterm_2024_msg/msg/rosidl_typesupport_fastrtps_c__visibility_control.h
[1.304s] -- Up-to-date: /home/jisang/midterm/ros_ws/install/midterm_2024_msg/include/midterm_2024_msg/midterm_2024_msg/msg/detail
[1.304s] -- Up-to-date: /home/jisang/midterm/ros_ws/install/midterm_2024_msg/include/midterm_2024_msg/midterm_2024_msg/msg/detail/midterm__rosidl_typesupport_fastrtps_c.h
[1.304s] -- Up-to-date: /home/jisang/midterm/ros_ws/install/midterm_2024_msg/lib/libmidterm_2024_msg__rosidl_typesupport_fastrtps_c.so
[1.304s] -- Up-to-date: /home/jisang/midterm/ros_ws/install/midterm_2024_msg/include/midterm_2024_msg/midterm_2024_msg
[1.304s] -- Up-to-date: /home/jisang/midterm/ros_ws/install/midterm_2024_msg/include/midterm_2024_msg/midterm_2024_msg/msg
[1.305s] -- Up-to-date: /home/jisang/midterm/ros_ws/install/midterm_2024_msg/include/midterm_2024_msg/midterm_2024_msg/msg/rosidl_typesupport_introspection_c__visibility_control.h
[1.305s] -- Up-to-date: /home/jisang/midterm/ros_ws/install/midterm_2024_msg/include/midterm_2024_msg/midterm_2024_msg/msg/detail
[1.305s] -- Up-to-date: /home/jisang/midterm/ros_ws/install/midterm_2024_msg/include/midterm_2024_msg/midterm_2024_msg/msg/detail/midterm__rosidl_typesupport_introspection_c.h
[1.305s] -- Up-to-date: /home/jisang/midterm/ros_ws/install/midterm_2024_msg/include/midterm_2024_msg/midterm_2024_msg/msg/detail/midterm__type_support.c
[1.305s] -- Up-to-date: /home/jisang/midterm/ros_ws/install/midterm_2024_msg/lib/libmidterm_2024_msg__rosidl_typesupport_introspection_c.so
[1.305s] -- Up-to-date: /home/jisang/midterm/ros_ws/install/midterm_2024_msg/lib/libmidterm_2024_msg__rosidl_typesupport_c.so
[1.305s] -- Up-to-date: /home/jisang/midterm/ros_ws/install/midterm_2024_msg/include/midterm_2024_msg/midterm_2024_msg
[1.305s] -- Up-to-date: /home/jisang/midterm/ros_ws/install/midterm_2024_msg/include/midterm_2024_msg/midterm_2024_msg/msg
[1.305s] -- Up-to-date: /home/jisang/midterm/ros_ws/install/midterm_2024_msg/include/midterm_2024_msg/midterm_2024_msg/msg/midterm.hpp
[1.305s] -- Up-to-date: /home/jisang/midterm/ros_ws/install/midterm_2024_msg/include/midterm_2024_msg/midterm_2024_msg/msg/detail
[1.305s] -- Up-to-date: /home/jisang/midterm/ros_ws/install/midterm_2024_msg/include/midterm_2024_msg/midterm_2024_msg/msg/detail/midterm__builder.hpp
[1.305s] -- Up-to-date: /home/jisang/midterm/ros_ws/install/midterm_2024_msg/include/midterm_2024_msg/midterm_2024_msg/msg/detail/midterm__struct.hpp
[1.305s] -- Up-to-date: /home/jisang/midterm/ros_ws/install/midterm_2024_msg/include/midterm_2024_msg/midterm_2024_msg/msg/detail/midterm__traits.hpp
[1.306s] -- Up-to-date: /home/jisang/midterm/ros_ws/install/midterm_2024_msg/include/midterm_2024_msg/midterm_2024_msg
[1.306s] -- Up-to-date: /home/jisang/midterm/ros_ws/install/midterm_2024_msg/include/midterm_2024_msg/midterm_2024_msg/msg
[1.306s] -- Up-to-date: /home/jisang/midterm/ros_ws/install/midterm_2024_msg/include/midterm_2024_msg/midterm_2024_msg/msg/rosidl_typesupport_fastrtps_cpp__visibility_control.h
[1.306s] -- Up-to-date: /home/jisang/midterm/ros_ws/install/midterm_2024_msg/include/midterm_2024_msg/midterm_2024_msg/msg/detail
[1.306s] -- Up-to-date: /home/jisang/midterm/ros_ws/install/midterm_2024_msg/include/midterm_2024_msg/midterm_2024_msg/msg/detail/midterm__rosidl_typesupport_fastrtps_cpp.hpp
[1.306s] -- Up-to-date: /home/jisang/midterm/ros_ws/install/midterm_2024_msg/include/midterm_2024_msg/midterm_2024_msg/msg/detail/dds_fastrtps
[1.306s] -- Up-to-date: /home/jisang/midterm/ros_ws/install/midterm_2024_msg/lib/libmidterm_2024_msg__rosidl_typesupport_fastrtps_cpp.so
[1.306s] -- Up-to-date: /home/jisang/midterm/ros_ws/install/midterm_2024_msg/include/midterm_2024_msg/midterm_2024_msg
[1.306s] -- Up-to-date: /home/jisang/midterm/ros_ws/install/midterm_2024_msg/include/midterm_2024_msg/midterm_2024_msg/msg
[1.306s] -- Up-to-date: /home/jisang/midterm/ros_ws/install/midterm_2024_msg/include/midterm_2024_msg/midterm_2024_msg/msg/detail
[1.306s] -- Up-to-date: /home/jisang/midterm/ros_ws/install/midterm_2024_msg/include/midterm_2024_msg/midterm_2024_msg/msg/detail/midterm__rosidl_typesupport_introspection_cpp.hpp
[1.306s] -- Up-to-date: /home/jisang/midterm/ros_ws/install/midterm_2024_msg/include/midterm_2024_msg/midterm_2024_msg/msg/detail/midterm__type_support.cpp
[1.306s] -- Up-to-date: /home/jisang/midterm/ros_ws/install/midterm_2024_msg/lib/libmidterm_2024_msg__rosidl_typesupport_introspection_cpp.so
[1.307s] -- Up-to-date: /home/jisang/midterm/ros_ws/install/midterm_2024_msg/lib/libmidterm_2024_msg__rosidl_typesupport_cpp.so
[1.307s] -- Up-to-date: /home/jisang/midterm/ros_ws/install/midterm_2024_msg/share/midterm_2024_msg/environment/pythonpath.sh
[1.307s] -- Up-to-date: /home/jisang/midterm/ros_ws/install/midterm_2024_msg/share/midterm_2024_msg/environment/pythonpath.dsv
[1.307s] -- Up-to-date: /home/jisang/midterm/ros_ws/install/midterm_2024_msg/local/lib/python3.10/dist-packages/midterm_2024_msg-0.0.0-py3.10.egg-info
[1.307s] -- Installing: /home/jisang/midterm/ros_ws/install/midterm_2024_msg/local/lib/python3.10/dist-packages/midterm_2024_msg-0.0.0-py3.10.egg-info/top_level.txt
[1.307s] -- Installing: /home/jisang/midterm/ros_ws/install/midterm_2024_msg/local/lib/python3.10/dist-packages/midterm_2024_msg-0.0.0-py3.10.egg-info/dependency_links.txt
[1.307s] -- Installing: /home/jisang/midterm/ros_ws/install/midterm_2024_msg/local/lib/python3.10/dist-packages/midterm_2024_msg-0.0.0-py3.10.egg-info/SOURCES.txt
[1.307s] -- Installing: /home/jisang/midterm/ros_ws/install/midterm_2024_msg/local/lib/python3.10/dist-packages/midterm_2024_msg-0.0.0-py3.10.egg-info/PKG-INFO
[1.307s] -- Up-to-date: /home/jisang/midterm/ros_ws/install/midterm_2024_msg/local/lib/python3.10/dist-packages/midterm_2024_msg
[1.307s] -- Up-to-date: /home/jisang/midterm/ros_ws/install/midterm_2024_msg/local/lib/python3.10/dist-packages/midterm_2024_msg/midterm_2024_msg_s__rosidl_typesupport_introspection_c.cpython-310-x86_64-linux-gnu.so
[1.307s] -- Up-to-date: /home/jisang/midterm/ros_ws/install/midterm_2024_msg/local/lib/python3.10/dist-packages/midterm_2024_msg/midterm_2024_msg_s__rosidl_typesupport_fastrtps_c.cpython-310-x86_64-linux-gnu.so
[1.307s] -- Up-to-date: /home/jisang/midterm/ros_ws/install/midterm_2024_msg/local/lib/python3.10/dist-packages/midterm_2024_msg/libmidterm_2024_msg__rosidl_generator_py.so
[1.308s] -- Up-to-date: /home/jisang/midterm/ros_ws/install/midterm_2024_msg/local/lib/python3.10/dist-packages/midterm_2024_msg/_midterm_2024_msg_s.ep.rosidl_typesupport_introspection_c.c
[1.308s] -- Up-to-date: /home/jisang/midterm/ros_ws/install/midterm_2024_msg/local/lib/python3.10/dist-packages/midterm_2024_msg/msg
[1.308s] -- Up-to-date: /home/jisang/midterm/ros_ws/install/midterm_2024_msg/local/lib/python3.10/dist-packages/midterm_2024_msg/msg/_midterm.py
[1.308s] -- Up-to-date: /home/jisang/midterm/ros_ws/install/midterm_2024_msg/local/lib/python3.10/dist-packages/midterm_2024_msg/msg/_midterm_s.c
[1.308s] -- Up-to-date: /home/jisang/midterm/ros_ws/install/midterm_2024_msg/local/lib/python3.10/dist-packages/midterm_2024_msg/msg/__init__.py
[1.308s] -- Up-to-date: /home/jisang/midterm/ros_ws/install/midterm_2024_msg/local/lib/python3.10/dist-packages/midterm_2024_msg/_midterm_2024_msg_s.ep.rosidl_typesupport_c.c
[1.308s] -- Up-to-date: /home/jisang/midterm/ros_ws/install/midterm_2024_msg/local/lib/python3.10/dist-packages/midterm_2024_msg/_midterm_2024_msg_s.ep.rosidl_typesupport_fastrtps_c.c
[1.308s] -- Up-to-date: /home/jisang/midterm/ros_ws/install/midterm_2024_msg/local/lib/python3.10/dist-packages/midterm_2024_msg/midterm_2024_msg_s__rosidl_typesupport_c.cpython-310-x86_64-linux-gnu.so
[1.308s] -- Up-to-date: /home/jisang/midterm/ros_ws/install/midterm_2024_msg/local/lib/python3.10/dist-packages/midterm_2024_msg/__init__.py
[1.343s] Listing '/home/jisang/midterm/ros_ws/install/midterm_2024_msg/local/lib/python3.10/dist-packages/midterm_2024_msg'...
[1.343s] Listing '/home/jisang/midterm/ros_ws/install/midterm_2024_msg/local/lib/python3.10/dist-packages/midterm_2024_msg/msg'...
[1.358s] -- Up-to-date: /home/jisang/midterm/ros_ws/install/midterm_2024_msg/local/lib/python3.10/dist-packages/midterm_2024_msg/midterm_2024_msg_s__rosidl_typesupport_fastrtps_c.cpython-310-x86_64-linux-gnu.so
[1.359s] -- Up-to-date: /home/jisang/midterm/ros_ws/install/midterm_2024_msg/local/lib/python3.10/dist-packages/midterm_2024_msg/midterm_2024_msg_s__rosidl_typesupport_introspection_c.cpython-310-x86_64-linux-gnu.so
[1.359s] -- Up-to-date: /home/jisang/midterm/ros_ws/install/midterm_2024_msg/local/lib/python3.10/dist-packages/midterm_2024_msg/midterm_2024_msg_s__rosidl_typesupport_c.cpython-310-x86_64-linux-gnu.so
[1.359s] -- Up-to-date: /home/jisang/midterm/ros_ws/install/midterm_2024_msg/lib/libmidterm_2024_msg__rosidl_generator_py.so
[1.361s] -- Up-to-date: /home/jisang/midterm/ros_ws/install/midterm_2024_msg/share/midterm_2024_msg/msg/Midterm.idl
[1.361s] -- Up-to-date: /home/jisang/midterm/ros_ws/install/midterm_2024_msg/share/midterm_2024_msg/msg/Midterm.msg
[1.361s] -- Up-to-date: /home/jisang/midterm/ros_ws/install/midterm_2024_msg/share/ament_index/resource_index/package_run_dependencies/midterm_2024_msg
[1.361s] -- Up-to-date: /home/jisang/midterm/ros_ws/install/midterm_2024_msg/share/ament_index/resource_index/parent_prefix_path/midterm_2024_msg
[1.362s] -- Up-to-date: /home/jisang/midterm/ros_ws/install/midterm_2024_msg/share/midterm_2024_msg/environment/ament_prefix_path.sh
[1.362s] -- Up-to-date: /home/jisang/midterm/ros_ws/install/midterm_2024_msg/share/midterm_2024_msg/environment/ament_prefix_path.dsv
[1.362s] -- Up-to-date: /home/jisang/midterm/ros_ws/install/midterm_2024_msg/share/midterm_2024_msg/environment/path.sh
[1.362s] -- Up-to-date: /home/jisang/midterm/ros_ws/install/midterm_2024_msg/share/midterm_2024_msg/environment/path.dsv
[1.385s] -- Up-to-date: /home/jisang/midterm/ros_ws/install/midterm_2024_msg/share/midterm_2024_msg/local_setup.bash
[1.385s] -- Up-to-date: /home/jisang/midterm/ros_ws/install/midterm_2024_msg/share/midterm_2024_msg/local_setup.sh
[1.385s] -- Up-to-date: /home/jisang/midterm/ros_ws/install/midterm_2024_msg/share/midterm_2024_msg/local_setup.zsh
[1.385s] -- Up-to-date: /home/jisang/midterm/ros_ws/install/midterm_2024_msg/share/midterm_2024_msg/local_setup.dsv
[1.385s] -- Installing: /home/jisang/midterm/ros_ws/install/midterm_2024_msg/share/midterm_2024_msg/package.dsv
[1.385s] -- Up-to-date: /home/jisang/midterm/ros_ws/install/midterm_2024_msg/share/ament_index/resource_index/packages/midterm_2024_msg
[1.385s] -- Up-to-date: /home/jisang/midterm/ros_ws/install/midterm_2024_msg/share/midterm_2024_msg/cmake/export_midterm_2024_msg__rosidl_generator_cExport.cmake
[1.385s] -- Up-to-date: /home/jisang/midterm/ros_ws/install/midterm_2024_msg/share/midterm_2024_msg/cmake/export_midterm_2024_msg__rosidl_generator_cExport-noconfig.cmake
[1.386s] -- Up-to-date: /home/jisang/midterm/ros_ws/install/midterm_2024_msg/share/midterm_2024_msg/cmake/export_midterm_2024_msg__rosidl_typesupport_fastrtps_cExport.cmake
[1.386s] -- Up-to-date: /home/jisang/midterm/ros_ws/install/midterm_2024_msg/share/midterm_2024_msg/cmake/export_midterm_2024_msg__rosidl_typesupport_fastrtps_cExport-noconfig.cmake
[1.386s] -- Up-to-date: /home/jisang/midterm/ros_ws/install/midterm_2024_msg/share/midterm_2024_msg/cmake/midterm_2024_msg__rosidl_typesupport_introspection_cExport.cmake
[1.386s] -- Up-to-date: /home/jisang/midterm/ros_ws/install/midterm_2024_msg/share/midterm_2024_msg/cmake/midterm_2024_msg__rosidl_typesupport_introspection_cExport-noconfig.cmake
[1.386s] -- Up-to-date: /home/jisang/midterm/ros_ws/install/midterm_2024_msg/share/midterm_2024_msg/cmake/midterm_2024_msg__rosidl_typesupport_cExport.cmake
[1.386s] -- Up-to-date: /home/jisang/midterm/ros_ws/install/midterm_2024_msg/share/midterm_2024_msg/cmake/midterm_2024_msg__rosidl_typesupport_cExport-noconfig.cmake
[1.386s] -- Up-to-date: /home/jisang/midterm/ros_ws/install/midterm_2024_msg/share/midterm_2024_msg/cmake/export_midterm_2024_msg__rosidl_generator_cppExport.cmake
[1.386s] -- Up-to-date: /home/jisang/midterm/ros_ws/install/midterm_2024_msg/share/midterm_2024_msg/cmake/export_midterm_2024_msg__rosidl_typesupport_fastrtps_cppExport.cmake
[1.386s] -- Up-to-date: /home/jisang/midterm/ros_ws/install/midterm_2024_msg/share/midterm_2024_msg/cmake/export_midterm_2024_msg__rosidl_typesupport_fastrtps_cppExport-noconfig.cmake
[1.386s] -- Up-to-date: /home/jisang/midterm/ros_ws/install/midterm_2024_msg/share/midterm_2024_msg/cmake/midterm_2024_msg__rosidl_typesupport_introspection_cppExport.cmake
[1.386s] -- Up-to-date: /home/jisang/midterm/ros_ws/install/midterm_2024_msg/share/midterm_2024_msg/cmake/midterm_2024_msg__rosidl_typesupport_introspection_cppExport-noconfig.cmake
[1.386s] -- Up-to-date: /home/jisang/midterm/ros_ws/install/midterm_2024_msg/share/midterm_2024_msg/cmake/midterm_2024_msg__rosidl_typesupport_cppExport.cmake
[1.386s] -- Up-to-date: /home/jisang/midterm/ros_ws/install/midterm_2024_msg/share/midterm_2024_msg/cmake/midterm_2024_msg__rosidl_typesupport_cppExport-noconfig.cmake
[1.386s] -- Up-to-date: /home/jisang/midterm/ros_ws/install/midterm_2024_msg/share/midterm_2024_msg/cmake/export_midterm_2024_msg__rosidl_generator_pyExport.cmake
[1.386s] -- Up-to-date: /home/jisang/midterm/ros_ws/install/midterm_2024_msg/share/midterm_2024_msg/cmake/export_midterm_2024_msg__rosidl_generator_pyExport-noconfig.cmake
[1.387s] -- Up-to-date: /home/jisang/midterm/ros_ws/install/midterm_2024_msg/share/midterm_2024_msg/cmake/rosidl_cmake-extras.cmake
[1.387s] -- Up-to-date: /home/jisang/midterm/ros_ws/install/midterm_2024_msg/share/midterm_2024_msg/cmake/ament_cmake_export_dependencies-extras.cmake
[1.387s] -- Up-to-date: /home/jisang/midterm/ros_ws/install/midterm_2024_msg/share/midterm_2024_msg/cmake/ament_cmake_export_include_directories-extras.cmake
[1.387s] -- Up-to-date: /home/jisang/midterm/ros_ws/install/midterm_2024_msg/share/midterm_2024_msg/cmake/ament_cmake_export_libraries-extras.cmake
[1.387s] -- Up-to-date: /home/jisang/midterm/ros_ws/install/midterm_2024_msg/share/midterm_2024_msg/cmake/ament_cmake_export_targets-extras.cmake
[1.387s] -- Up-to-date: /home/jisang/midterm/ros_ws/install/midterm_2024_msg/share/midterm_2024_msg/cmake/rosidl_cmake_export_typesupport_targets-extras.cmake
[1.387s] -- Up-to-date: /home/jisang/midterm/ros_ws/install/midterm_2024_msg/share/midterm_2024_msg/cmake/rosidl_cmake_export_typesupport_libraries-extras.cmake
[1.387s] -- Up-to-date: /home/jisang/midterm/ros_ws/install/midterm_2024_msg/share/midterm_2024_msg/cmake/midterm_2024_msgConfig.cmake
[1.387s] -- Up-to-date: /home/jisang/midterm/ros_ws/install/midterm_2024_msg/share/midterm_2024_msg/cmake/midterm_2024_msgConfig-version.cmake
[1.387s] -- Up-to-date: /home/jisang/midterm/ros_ws/install/midterm_2024_msg/share/midterm_2024_msg/package.xml
[1.387s] Invoked command in '/home/jisang/midterm/ros_ws/build/midterm_2024_msg' returned '0': CMAKE_PREFIX_PATH=${CMAKE_PREFIX_PATH}:/opt/ros/humble WSLENV=ELECTRON_RUN_AS_NODE/w:WT_SESSION:WT_PROFILE_ID: /usr/bin/cmake --install /home/jisang/midterm/ros_ws/build/midterm_2024_msg
