[1.184s] DEBUG:colcon:Command line arguments: ['/usr/bin/colcon', 'build']
[1.185s] DEBUG:colcon:Parsed command line arguments: Namespace(log_base=None, log_level=None, verb_name='build', build_base='build', install_base='install', merge_install=False, symlink_install=False, test_result_base=None, continue_on_error=False, executor='parallel', parallel_workers=4, event_handlers=None, ignore_user_meta=False, metas=['./colcon.meta'], base_paths=['.'], packages_ignore=None, packages_ignore_regex=None, paths=None, packages_up_to=None, packages_up_to_regex=None, packages_above=None, packages_above_and_dependencies=None, packages_above_depth=None, packages_select_by_dep=None, packages_skip_by_dep=None, packages_skip_up_to=None, packages_select_build_failed=False, packages_skip_build_finished=False, packages_select_test_failures=False, packages_skip_test_passed=False, packages_select=None, packages_skip=None, packages_select_regex=None, packages_skip_regex=None, packages_start=None, packages_end=None, allow_overriding=[], cmake_args=None, cmake_target=None, cmake_target_skip_unavailable=False, cmake_clean_cache=False, cmake_clean_first=False, cmake_force_configure=False, ament_cmake_args=None, catkin_cmake_args=None, catkin_skip_building_tests=False, verb_parser=<colcon_defaults.argument_parser.defaults.DefaultArgumentsDecorator object at 0x7f4d0e8aa620>, verb_extension=<colcon_core.verb.build.BuildVerb object at 0x7f4d0ea0f5e0>, main=<bound method BuildVerb.main of <colcon_core.verb.build.BuildVerb object at 0x7f4d0ea0f5e0>>)
[1.234s] Level 1:colcon.colcon_core.package_discovery:discover_packages(colcon_meta) check parameters
[1.234s] Level 1:colcon.colcon_core.package_discovery:discover_packages(recursive) check parameters
[1.234s] Level 1:colcon.colcon_core.package_discovery:discover_packages(ignore) check parameters
[1.234s] Level 1:colcon.colcon_core.package_discovery:discover_packages(path) check parameters
[1.234s] Level 1:colcon.colcon_core.package_discovery:discover_packages(colcon_meta) discover
[1.234s] Level 1:colcon.colcon_core.package_discovery:discover_packages(recursive) discover
[1.234s] INFO:colcon.colcon_core.package_discovery:Crawling recursively for packages in '/home/jisang/midterm/ros_ws'
[1.234s] Level 1:colcon.colcon_core.package_identification:_identify(.) by extensions ['ignore', 'ignore_ament_install']
[1.235s] Level 1:colcon.colcon_core.package_identification:_identify(.) by extension 'ignore'
[1.235s] Level 1:colcon.colcon_core.package_identification:_identify(.) by extension 'ignore_ament_install'
[1.235s] Level 1:colcon.colcon_core.package_identification:_identify(.) by extensions ['colcon_pkg']
[1.235s] Level 1:colcon.colcon_core.package_identification:_identify(.) by extension 'colcon_pkg'
[1.235s] Level 1:colcon.colcon_core.package_identification:_identify(.) by extensions ['colcon_meta']
[1.235s] Level 1:colcon.colcon_core.package_identification:_identify(.) by extension 'colcon_meta'
[1.235s] Level 1:colcon.colcon_core.package_identification:_identify(.) by extensions ['ros']
[1.235s] Level 1:colcon.colcon_core.package_identification:_identify(.) by extension 'ros'
[1.248s] Level 1:colcon.colcon_core.package_identification:_identify(.) by extensions ['cmake', 'python']
[1.248s] Level 1:colcon.colcon_core.package_identification:_identify(.) by extension 'cmake'
[1.248s] Level 1:colcon.colcon_core.package_identification:_identify(.) by extension 'python'
[1.248s] Level 1:colcon.colcon_core.package_identification:_identify(.) by extensions ['python_setup_py']
[1.248s] Level 1:colcon.colcon_core.package_identification:_identify(.) by extension 'python_setup_py'
[1.248s] Level 1:colcon.colcon_core.package_identification:_identify(build) by extensions ['ignore', 'ignore_ament_install']
[1.248s] Level 1:colcon.colcon_core.package_identification:_identify(build) by extension 'ignore'
[1.248s] Level 1:colcon.colcon_core.package_identification:_identify(build) ignored
[1.249s] Level 1:colcon.colcon_core.package_identification:_identify(install) by extensions ['ignore', 'ignore_ament_install']
[1.249s] Level 1:colcon.colcon_core.package_identification:_identify(install) by extension 'ignore'
[1.249s] Level 1:colcon.colcon_core.package_identification:_identify(install) ignored
[1.250s] Level 1:colcon.colcon_core.package_identification:_identify(log) by extensions ['ignore', 'ignore_ament_install']
[1.250s] Level 1:colcon.colcon_core.package_identification:_identify(log) by extension 'ignore'
[1.250s] Level 1:colcon.colcon_core.package_identification:_identify(log) ignored
[1.250s] Level 1:colcon.colcon_core.package_identification:_identify(src) by extensions ['ignore', 'ignore_ament_install']
[1.250s] Level 1:colcon.colcon_core.package_identification:_identify(src) by extension 'ignore'
[1.250s] Level 1:colcon.colcon_core.package_identification:_identify(src) by extension 'ignore_ament_install'
[1.250s] Level 1:colcon.colcon_core.package_identification:_identify(src) by extensions ['colcon_pkg']
[1.250s] Level 1:colcon.colcon_core.package_identification:_identify(src) by extension 'colcon_pkg'
[1.251s] Level 1:colcon.colcon_core.package_identification:_identify(src) by extensions ['colcon_meta']
[1.251s] Level 1:colcon.colcon_core.package_identification:_identify(src) by extension 'colcon_meta'
[1.251s] Level 1:colcon.colcon_core.package_identification:_identify(src) by extensions ['ros']
[1.251s] Level 1:colcon.colcon_core.package_identification:_identify(src) by extension 'ros'
[1.251s] Level 1:colcon.colcon_core.package_identification:_identify(src) by extensions ['cmake', 'python']
[1.251s] Level 1:colcon.colcon_core.package_identification:_identify(src) by extension 'cmake'
[1.251s] Level 1:colcon.colcon_core.package_identification:_identify(src) by extension 'python'
[1.251s] Level 1:colcon.colcon_core.package_identification:_identify(src) by extensions ['python_setup_py']
[1.251s] Level 1:colcon.colcon_core.package_identification:_identify(src) by extension 'python_setup_py'
[1.251s] Level 1:colcon.colcon_core.package_identification:_identify(src/midterm_2024) by extensions ['ignore', 'ignore_ament_install']
[1.251s] Level 1:colcon.colcon_core.package_identification:_identify(src/midterm_2024) by extension 'ignore'
[1.251s] Level 1:colcon.colcon_core.package_identification:_identify(src/midterm_2024) by extension 'ignore_ament_install'
[1.251s] Level 1:colcon.colcon_core.package_identification:_identify(src/midterm_2024) by extensions ['colcon_pkg']
[1.251s] Level 1:colcon.colcon_core.package_identification:_identify(src/midterm_2024) by extension 'colcon_pkg'
[1.251s] Level 1:colcon.colcon_core.package_identification:_identify(src/midterm_2024) by extensions ['colcon_meta']
[1.251s] Level 1:colcon.colcon_core.package_identification:_identify(src/midterm_2024) by extension 'colcon_meta'
[1.252s] Level 1:colcon.colcon_core.package_identification:_identify(src/midterm_2024) by extensions ['ros']
[1.252s] Level 1:colcon.colcon_core.package_identification:_identify(src/midterm_2024) by extension 'ros'
[1.255s] DEBUG:colcon.colcon_core.package_identification:Package 'src/midterm_2024' with type 'ros.ament_cmake' and name 'midterm_2024'
[1.255s] Level 1:colcon.colcon_core.package_identification:_identify(src/midterm_2024_msg) by extensions ['ignore', 'ignore_ament_install']
[1.255s] Level 1:colcon.colcon_core.package_identification:_identify(src/midterm_2024_msg) by extension 'ignore'
[1.256s] Level 1:colcon.colcon_core.package_identification:_identify(src/midterm_2024_msg) by extension 'ignore_ament_install'
[1.256s] Level 1:colcon.colcon_core.package_identification:_identify(src/midterm_2024_msg) by extensions ['colcon_pkg']
[1.256s] Level 1:colcon.colcon_core.package_identification:_identify(src/midterm_2024_msg) by extension 'colcon_pkg'
[1.256s] Level 1:colcon.colcon_core.package_identification:_identify(src/midterm_2024_msg) by extensions ['colcon_meta']
[1.256s] Level 1:colcon.colcon_core.package_identification:_identify(src/midterm_2024_msg) by extension 'colcon_meta'
[1.256s] Level 1:colcon.colcon_core.package_identification:_identify(src/midterm_2024_msg) by extensions ['ros']
[1.256s] Level 1:colcon.colcon_core.package_identification:_identify(src/midterm_2024_msg) by extension 'ros'
[1.257s] DEBUG:colcon.colcon_core.package_identification:Package 'src/midterm_2024_msg' with type 'ros.ament_cmake' and name 'midterm_2024_msg'
[1.257s] Level 1:colcon.colcon_core.package_discovery:discover_packages(recursive) using defaults
[1.257s] Level 1:colcon.colcon_core.package_discovery:discover_packages(ignore) discover
[1.257s] Level 1:colcon.colcon_core.package_discovery:discover_packages(ignore) using defaults
[1.257s] Level 1:colcon.colcon_core.package_discovery:discover_packages(path) discover
[1.257s] Level 1:colcon.colcon_core.package_discovery:discover_packages(path) using defaults
[1.350s] Level 1:colcon.colcon_core.package_discovery:discover_packages(prefix_path) check parameters
[1.350s] Level 1:colcon.colcon_core.package_discovery:discover_packages(prefix_path) discover
[1.391s] DEBUG:colcon.colcon_installed_package_information.package_discovery:Found 2 installed packages in /home/jisang/midterm/ros_ws/install
[1.423s] DEBUG:colcon.colcon_installed_package_information.package_discovery:Found 309 installed packages in /opt/ros/humble
[1.426s] Level 1:colcon.colcon_core.package_discovery:discover_packages(prefix_path) using defaults
[1.564s] Level 5:colcon.colcon_core.verb:set package 'midterm_2024_msg' build argument 'cmake_args' from command line to 'None'
[1.565s] Level 5:colcon.colcon_core.verb:set package 'midterm_2024_msg' build argument 'cmake_target' from command line to 'None'
[1.565s] Level 5:colcon.colcon_core.verb:set package 'midterm_2024_msg' build argument 'cmake_target_skip_unavailable' from command line to 'False'
[1.565s] Level 5:colcon.colcon_core.verb:set package 'midterm_2024_msg' build argument 'cmake_clean_cache' from command line to 'False'
[1.565s] Level 5:colcon.colcon_core.verb:set package 'midterm_2024_msg' build argument 'cmake_clean_first' from command line to 'False'
[1.565s] Level 5:colcon.colcon_core.verb:set package 'midterm_2024_msg' build argument 'cmake_force_configure' from command line to 'False'
[1.565s] Level 5:colcon.colcon_core.verb:set package 'midterm_2024_msg' build argument 'ament_cmake_args' from command line to 'None'
[1.565s] Level 5:colcon.colcon_core.verb:set package 'midterm_2024_msg' build argument 'catkin_cmake_args' from command line to 'None'
[1.565s] Level 5:colcon.colcon_core.verb:set package 'midterm_2024_msg' build argument 'catkin_skip_building_tests' from command line to 'False'
[1.565s] DEBUG:colcon.colcon_core.verb:Building package 'midterm_2024_msg' with the following arguments: {'ament_cmake_args': None, 'build_base': '/home/jisang/midterm/ros_ws/build/midterm_2024_msg', 'catkin_cmake_args': None, 'catkin_skip_building_tests': False, 'cmake_args': None, 'cmake_clean_cache': False, 'cmake_clean_first': False, 'cmake_force_configure': False, 'cmake_target': None, 'cmake_target_skip_unavailable': False, 'install_base': '/home/jisang/midterm/ros_ws/install/midterm_2024_msg', 'merge_install': False, 'path': '/home/jisang/midterm/ros_ws/src/midterm_2024_msg', 'symlink_install': False, 'test_result_base': None}
[1.581s] Level 5:colcon.colcon_core.verb:set package 'midterm_2024' build argument 'cmake_args' from command line to 'None'
[1.581s] Level 5:colcon.colcon_core.verb:set package 'midterm_2024' build argument 'cmake_target' from command line to 'None'
[1.581s] Level 5:colcon.colcon_core.verb:set package 'midterm_2024' build argument 'cmake_target_skip_unavailable' from command line to 'False'
[1.581s] Level 5:colcon.colcon_core.verb:set package 'midterm_2024' build argument 'cmake_clean_cache' from command line to 'False'
[1.581s] Level 5:colcon.colcon_core.verb:set package 'midterm_2024' build argument 'cmake_clean_first' from command line to 'False'
[1.581s] Level 5:colcon.colcon_core.verb:set package 'midterm_2024' build argument 'cmake_force_configure' from command line to 'False'
[1.581s] Level 5:colcon.colcon_core.verb:set package 'midterm_2024' build argument 'ament_cmake_args' from command line to 'None'
[1.581s] Level 5:colcon.colcon_core.verb:set package 'midterm_2024' build argument 'catkin_cmake_args' from command line to 'None'
[1.581s] Level 5:colcon.colcon_core.verb:set package 'midterm_2024' build argument 'catkin_skip_building_tests' from command line to 'False'
[1.581s] DEBUG:colcon.colcon_core.verb:Building package 'midterm_2024' with the following arguments: {'ament_cmake_args': None, 'build_base': '/home/jisang/midterm/ros_ws/build/midterm_2024', 'catkin_cmake_args': None, 'catkin_skip_building_tests': False, 'cmake_args': None, 'cmake_clean_cache': False, 'cmake_clean_first': False, 'cmake_force_configure': False, 'cmake_target': None, 'cmake_target_skip_unavailable': False, 'install_base': '/home/jisang/midterm/ros_ws/install/midterm_2024', 'merge_install': False, 'path': '/home/jisang/midterm/ros_ws/src/midterm_2024', 'symlink_install': False, 'test_result_base': None}
[1.596s] INFO:colcon.colcon_core.executor:Executing jobs using 'parallel' executor
[1.617s] DEBUG:colcon.colcon_parallel_executor.executor.parallel:run_until_complete
[1.618s] INFO:colcon.colcon_ros.task.ament_cmake.build:Building ROS package in '/home/jisang/midterm/ros_ws/src/midterm_2024_msg' with build type 'ament_cmake'
[1.618s] INFO:colcon.colcon_cmake.task.cmake.build:Building CMake package in '/home/jisang/midterm/ros_ws/src/midterm_2024_msg'
[1.647s] INFO:colcon.colcon_core.plugin_system:Skipping extension 'colcon_core.shell.bat': Not used on non-Windows systems
[1.648s] INFO:colcon.colcon_core.shell:Skip shell extension 'powershell' for command environment: Not usable outside of PowerShell
[1.648s] DEBUG:colcon.colcon_core.shell:Skip shell extension 'dsv' for command environment
[1.727s] DEBUG:colcon.colcon_core.event_handler.log_command:Invoking command in '/home/jisang/midterm/ros_ws/build/midterm_2024_msg': CMAKE_PREFIX_PATH=${CMAKE_PREFIX_PATH}:/opt/ros/humble WSLENV=ELECTRON_RUN_AS_NODE/w:WT_SESSION:WT_PROFILE_ID: /usr/bin/cmake --build /home/jisang/midterm/ros_ws/build/midterm_2024_msg -- -j4 -l4
[2.193s] DEBUG:colcon.colcon_core.event_handler.log_command:Invoked command in '/home/jisang/midterm/ros_ws/build/midterm_2024_msg' returned '0': CMAKE_PREFIX_PATH=${CMAKE_PREFIX_PATH}:/opt/ros/humble WSLENV=ELECTRON_RUN_AS_NODE/w:WT_SESSION:WT_PROFILE_ID: /usr/bin/cmake --build /home/jisang/midterm/ros_ws/build/midterm_2024_msg -- -j4 -l4
[2.290s] DEBUG:colcon.colcon_core.event_handler.log_command:Invoking command in '/home/jisang/midterm/ros_ws/build/midterm_2024_msg': CMAKE_PREFIX_PATH=${CMAKE_PREFIX_PATH}:/opt/ros/humble WSLENV=ELECTRON_RUN_AS_NODE/w:WT_SESSION:WT_PROFILE_ID: /usr/bin/cmake --install /home/jisang/midterm/ros_ws/build/midterm_2024_msg
[2.383s] Level 1:colcon.colcon_core.environment:create_environment_scripts_only(midterm_2024_msg)
[2.392s] DEBUG:colcon.colcon_core.event_handler.log_command:Invoked command in '/home/jisang/midterm/ros_ws/build/midterm_2024_msg' returned '0': CMAKE_PREFIX_PATH=${CMAKE_PREFIX_PATH}:/opt/ros/humble WSLENV=ELECTRON_RUN_AS_NODE/w:WT_SESSION:WT_PROFILE_ID: /usr/bin/cmake --install /home/jisang/midterm/ros_ws/build/midterm_2024_msg
[2.418s] Level 1:colcon.colcon_core.environment:checking '/home/jisang/midterm/ros_ws/install/midterm_2024_msg' for CMake module files
[2.419s] Level 1:colcon.colcon_core.environment:checking '/home/jisang/midterm/ros_ws/install/midterm_2024_msg' for CMake config files
[2.419s] Level 1:colcon.colcon_core.shell:create_environment_hook('midterm_2024_msg', 'cmake_prefix_path')
[2.440s] INFO:colcon.colcon_core.shell:Creating environment hook '/home/jisang/midterm/ros_ws/install/midterm_2024_msg/share/midterm_2024_msg/hook/cmake_prefix_path.ps1'
[2.441s] INFO:colcon.colcon_core.shell:Creating environment descriptor '/home/jisang/midterm/ros_ws/install/midterm_2024_msg/share/midterm_2024_msg/hook/cmake_prefix_path.dsv'
[2.443s] INFO:colcon.colcon_core.shell:Creating environment hook '/home/jisang/midterm/ros_ws/install/midterm_2024_msg/share/midterm_2024_msg/hook/cmake_prefix_path.sh'
[2.445s] Level 1:colcon.colcon_core.environment:checking '/home/jisang/midterm/ros_ws/install/midterm_2024_msg/lib'
[2.445s] Level 1:colcon.colcon_core.shell:create_environment_hook('midterm_2024_msg', 'ld_library_path_lib')
[2.462s] INFO:colcon.colcon_core.shell:Creating environment hook '/home/jisang/midterm/ros_ws/install/midterm_2024_msg/share/midterm_2024_msg/hook/ld_library_path_lib.ps1'
[2.462s] INFO:colcon.colcon_core.shell:Creating environment descriptor '/home/jisang/midterm/ros_ws/install/midterm_2024_msg/share/midterm_2024_msg/hook/ld_library_path_lib.dsv'
[2.463s] INFO:colcon.colcon_core.shell:Creating environment hook '/home/jisang/midterm/ros_ws/install/midterm_2024_msg/share/midterm_2024_msg/hook/ld_library_path_lib.sh'
[2.463s] Level 1:colcon.colcon_core.environment:checking '/home/jisang/midterm/ros_ws/install/midterm_2024_msg/bin'
[2.464s] Level 1:colcon.colcon_core.environment:checking '/home/jisang/midterm/ros_ws/install/midterm_2024_msg/lib/pkgconfig/midterm_2024_msg.pc'
[2.464s] Level 1:colcon.colcon_core.environment:checking '/home/jisang/midterm/ros_ws/install/midterm_2024_msg/lib/python3.10/site-packages'
[2.464s] Level 1:colcon.colcon_core.environment:checking '/home/jisang/midterm/ros_ws/install/midterm_2024_msg/bin'
[2.481s] INFO:colcon.colcon_core.shell:Creating package script '/home/jisang/midterm/ros_ws/install/midterm_2024_msg/share/midterm_2024_msg/package.ps1'
[2.482s] INFO:colcon.colcon_core.shell:Creating package descriptor '/home/jisang/midterm/ros_ws/install/midterm_2024_msg/share/midterm_2024_msg/package.dsv'
[2.483s] INFO:colcon.colcon_core.shell:Creating package script '/home/jisang/midterm/ros_ws/install/midterm_2024_msg/share/midterm_2024_msg/package.sh'
[2.484s] INFO:colcon.colcon_core.shell:Creating package script '/home/jisang/midterm/ros_ws/install/midterm_2024_msg/share/midterm_2024_msg/package.bash'
[2.485s] INFO:colcon.colcon_core.shell:Creating package script '/home/jisang/midterm/ros_ws/install/midterm_2024_msg/share/midterm_2024_msg/package.zsh'
[2.486s] Level 1:colcon.colcon_core.environment:create_file_with_runtime_dependencies(/home/jisang/midterm/ros_ws/install/midterm_2024_msg/share/colcon-core/packages/midterm_2024_msg)
[2.585s] Level 1:colcon.colcon_core.environment:create_environment_scripts_only(midterm_2024_msg)
[2.601s] Level 1:colcon.colcon_core.environment:checking '/home/jisang/midterm/ros_ws/install/midterm_2024_msg' for CMake module files
[2.602s] Level 1:colcon.colcon_core.environment:checking '/home/jisang/midterm/ros_ws/install/midterm_2024_msg' for CMake config files
[2.603s] Level 1:colcon.colcon_core.shell:create_environment_hook('midterm_2024_msg', 'cmake_prefix_path')
[2.619s] INFO:colcon.colcon_core.shell:Creating environment hook '/home/jisang/midterm/ros_ws/install/midterm_2024_msg/share/midterm_2024_msg/hook/cmake_prefix_path.ps1'
[2.620s] INFO:colcon.colcon_core.shell:Creating environment descriptor '/home/jisang/midterm/ros_ws/install/midterm_2024_msg/share/midterm_2024_msg/hook/cmake_prefix_path.dsv'
[2.620s] INFO:colcon.colcon_core.shell:Creating environment hook '/home/jisang/midterm/ros_ws/install/midterm_2024_msg/share/midterm_2024_msg/hook/cmake_prefix_path.sh'
[2.621s] Level 1:colcon.colcon_core.environment:checking '/home/jisang/midterm/ros_ws/install/midterm_2024_msg/lib'
[2.621s] Level 1:colcon.colcon_core.shell:create_environment_hook('midterm_2024_msg', 'ld_library_path_lib')
[2.644s] INFO:colcon.colcon_core.shell:Creating environment hook '/home/jisang/midterm/ros_ws/install/midterm_2024_msg/share/midterm_2024_msg/hook/ld_library_path_lib.ps1'
[2.645s] INFO:colcon.colcon_core.shell:Creating environment descriptor '/home/jisang/midterm/ros_ws/install/midterm_2024_msg/share/midterm_2024_msg/hook/ld_library_path_lib.dsv'
[2.645s] INFO:colcon.colcon_core.shell:Creating environment hook '/home/jisang/midterm/ros_ws/install/midterm_2024_msg/share/midterm_2024_msg/hook/ld_library_path_lib.sh'
[2.646s] Level 1:colcon.colcon_core.environment:checking '/home/jisang/midterm/ros_ws/install/midterm_2024_msg/bin'
[2.646s] Level 1:colcon.colcon_core.environment:checking '/home/jisang/midterm/ros_ws/install/midterm_2024_msg/lib/pkgconfig/midterm_2024_msg.pc'
[2.647s] Level 1:colcon.colcon_core.environment:checking '/home/jisang/midterm/ros_ws/install/midterm_2024_msg/lib/python3.10/site-packages'
[2.647s] Level 1:colcon.colcon_core.environment:checking '/home/jisang/midterm/ros_ws/install/midterm_2024_msg/bin'
[2.695s] INFO:colcon.colcon_core.shell:Creating package script '/home/jisang/midterm/ros_ws/install/midterm_2024_msg/share/midterm_2024_msg/package.ps1'
[2.696s] INFO:colcon.colcon_core.shell:Creating package descriptor '/home/jisang/midterm/ros_ws/install/midterm_2024_msg/share/midterm_2024_msg/package.dsv'
[2.697s] INFO:colcon.colcon_core.shell:Creating package script '/home/jisang/midterm/ros_ws/install/midterm_2024_msg/share/midterm_2024_msg/package.sh'
[2.698s] INFO:colcon.colcon_core.shell:Creating package script '/home/jisang/midterm/ros_ws/install/midterm_2024_msg/share/midterm_2024_msg/package.bash'
[2.698s] INFO:colcon.colcon_core.shell:Creating package script '/home/jisang/midterm/ros_ws/install/midterm_2024_msg/share/midterm_2024_msg/package.zsh'
[2.699s] Level 1:colcon.colcon_core.environment:create_file_with_runtime_dependencies(/home/jisang/midterm/ros_ws/install/midterm_2024_msg/share/colcon-core/packages/midterm_2024_msg)
[2.700s] INFO:colcon.colcon_ros.task.ament_cmake.build:Building ROS package in '/home/jisang/midterm/ros_ws/src/midterm_2024' with build type 'ament_cmake'
[2.700s] INFO:colcon.colcon_cmake.task.cmake.build:Building CMake package in '/home/jisang/midterm/ros_ws/src/midterm_2024'
[2.736s] INFO:colcon.colcon_core.shell:Skip shell extension 'powershell' for command environment: Not usable outside of PowerShell
[2.736s] DEBUG:colcon.colcon_core.shell:Skip shell extension 'dsv' for command environment
[2.936s] DEBUG:colcon.colcon_core.event_handler.log_command:Invoking command in '/home/jisang/midterm/ros_ws/build/midterm_2024': CMAKE_PREFIX_PATH=/home/jisang/midterm/ros_ws/install/midterm_2024_msg:/home/jisang/midterm/ros_ws/install/midterm_2024:/opt/ros/humble WSLENV=ELECTRON_RUN_AS_NODE/w:WT_SESSION:WT_PROFILE_ID: /usr/bin/cmake --build /home/jisang/midterm/ros_ws/build/midterm_2024 -- -j4 -l4
[14.035s] DEBUG:colcon.colcon_core.event_handler.log_command:Invoked command in '/home/jisang/midterm/ros_ws/build/midterm_2024' returned '0': CMAKE_PREFIX_PATH=/home/jisang/midterm/ros_ws/install/midterm_2024_msg:/home/jisang/midterm/ros_ws/install/midterm_2024:/opt/ros/humble WSLENV=ELECTRON_RUN_AS_NODE/w:WT_SESSION:WT_PROFILE_ID: /usr/bin/cmake --build /home/jisang/midterm/ros_ws/build/midterm_2024 -- -j4 -l4
[14.063s] DEBUG:colcon.colcon_core.event_handler.log_command:Invoking command in '/home/jisang/midterm/ros_ws/build/midterm_2024': CMAKE_PREFIX_PATH=/home/jisang/midterm/ros_ws/install/midterm_2024_msg:/home/jisang/midterm/ros_ws/install/midterm_2024:/opt/ros/humble WSLENV=ELECTRON_RUN_AS_NODE/w:WT_SESSION:WT_PROFILE_ID: /usr/bin/cmake --install /home/jisang/midterm/ros_ws/build/midterm_2024
[14.082s] Level 1:colcon.colcon_core.environment:create_environment_scripts_only(midterm_2024)
[14.109s] DEBUG:colcon.colcon_core.event_handler.log_command:Invoked command in '/home/jisang/midterm/ros_ws/build/midterm_2024' returned '0': CMAKE_PREFIX_PATH=/home/jisang/midterm/ros_ws/install/midterm_2024_msg:/home/jisang/midterm/ros_ws/install/midterm_2024:/opt/ros/humble WSLENV=ELECTRON_RUN_AS_NODE/w:WT_SESSION:WT_PROFILE_ID: /usr/bin/cmake --install /home/jisang/midterm/ros_ws/build/midterm_2024
[14.117s] Level 1:colcon.colcon_core.environment:checking '/home/jisang/midterm/ros_ws/install/midterm_2024' for CMake module files
[14.118s] Level 1:colcon.colcon_core.environment:checking '/home/jisang/midterm/ros_ws/install/midterm_2024' for CMake config files
[14.118s] Level 1:colcon.colcon_core.shell:create_environment_hook('midterm_2024', 'cmake_prefix_path')
[14.134s] INFO:colcon.colcon_core.shell:Creating environment hook '/home/jisang/midterm/ros_ws/install/midterm_2024/share/midterm_2024/hook/cmake_prefix_path.ps1'
[14.134s] INFO:colcon.colcon_core.shell:Creating environment descriptor '/home/jisang/midterm/ros_ws/install/midterm_2024/share/midterm_2024/hook/cmake_prefix_path.dsv'
[14.135s] INFO:colcon.colcon_core.shell:Creating environment hook '/home/jisang/midterm/ros_ws/install/midterm_2024/share/midterm_2024/hook/cmake_prefix_path.sh'
[14.136s] Level 1:colcon.colcon_core.environment:checking '/home/jisang/midterm/ros_ws/install/midterm_2024/lib'
[14.136s] Level 1:colcon.colcon_core.environment:checking '/home/jisang/midterm/ros_ws/install/midterm_2024/bin'
[14.136s] Level 1:colcon.colcon_core.environment:checking '/home/jisang/midterm/ros_ws/install/midterm_2024/lib/pkgconfig/midterm_2024.pc'
[14.136s] Level 1:colcon.colcon_core.environment:checking '/home/jisang/midterm/ros_ws/install/midterm_2024/lib/python3.10/site-packages'
[14.137s] Level 1:colcon.colcon_core.environment:checking '/home/jisang/midterm/ros_ws/install/midterm_2024/bin'
[14.154s] INFO:colcon.colcon_core.shell:Creating package script '/home/jisang/midterm/ros_ws/install/midterm_2024/share/midterm_2024/package.ps1'
[14.155s] INFO:colcon.colcon_core.shell:Creating package descriptor '/home/jisang/midterm/ros_ws/install/midterm_2024/share/midterm_2024/package.dsv'
[14.155s] INFO:colcon.colcon_core.shell:Creating package script '/home/jisang/midterm/ros_ws/install/midterm_2024/share/midterm_2024/package.sh'
[14.156s] INFO:colcon.colcon_core.shell:Creating package script '/home/jisang/midterm/ros_ws/install/midterm_2024/share/midterm_2024/package.bash'
[14.157s] INFO:colcon.colcon_core.shell:Creating package script '/home/jisang/midterm/ros_ws/install/midterm_2024/share/midterm_2024/package.zsh'
[14.158s] Level 1:colcon.colcon_core.environment:create_file_with_runtime_dependencies(/home/jisang/midterm/ros_ws/install/midterm_2024/share/colcon-core/packages/midterm_2024)
[14.206s] Level 1:colcon.colcon_core.environment:create_environment_scripts_only(midterm_2024)
[14.223s] Level 1:colcon.colcon_core.environment:checking '/home/jisang/midterm/ros_ws/install/midterm_2024' for CMake module files
[14.224s] Level 1:colcon.colcon_core.environment:checking '/home/jisang/midterm/ros_ws/install/midterm_2024' for CMake config files
[14.224s] Level 1:colcon.colcon_core.shell:create_environment_hook('midterm_2024', 'cmake_prefix_path')
[14.241s] INFO:colcon.colcon_core.shell:Creating environment hook '/home/jisang/midterm/ros_ws/install/midterm_2024/share/midterm_2024/hook/cmake_prefix_path.ps1'
[14.241s] INFO:colcon.colcon_core.shell:Creating environment descriptor '/home/jisang/midterm/ros_ws/install/midterm_2024/share/midterm_2024/hook/cmake_prefix_path.dsv'
[14.242s] INFO:colcon.colcon_core.shell:Creating environment hook '/home/jisang/midterm/ros_ws/install/midterm_2024/share/midterm_2024/hook/cmake_prefix_path.sh'
[14.242s] Level 1:colcon.colcon_core.environment:checking '/home/jisang/midterm/ros_ws/install/midterm_2024/lib'
[14.243s] Level 1:colcon.colcon_core.environment:checking '/home/jisang/midterm/ros_ws/install/midterm_2024/bin'
[14.243s] Level 1:colcon.colcon_core.environment:checking '/home/jisang/midterm/ros_ws/install/midterm_2024/lib/pkgconfig/midterm_2024.pc'
[14.243s] Level 1:colcon.colcon_core.environment:checking '/home/jisang/midterm/ros_ws/install/midterm_2024/lib/python3.10/site-packages'
[14.243s] Level 1:colcon.colcon_core.environment:checking '/home/jisang/midterm/ros_ws/install/midterm_2024/bin'
[14.263s] INFO:colcon.colcon_core.shell:Creating package script '/home/jisang/midterm/ros_ws/install/midterm_2024/share/midterm_2024/package.ps1'
[14.264s] INFO:colcon.colcon_core.shell:Creating package descriptor '/home/jisang/midterm/ros_ws/install/midterm_2024/share/midterm_2024/package.dsv'
[14.265s] INFO:colcon.colcon_core.shell:Creating package script '/home/jisang/midterm/ros_ws/install/midterm_2024/share/midterm_2024/package.sh'
[14.265s] INFO:colcon.colcon_core.shell:Creating package script '/home/jisang/midterm/ros_ws/install/midterm_2024/share/midterm_2024/package.bash'
[14.266s] INFO:colcon.colcon_core.shell:Creating package script '/home/jisang/midterm/ros_ws/install/midterm_2024/share/midterm_2024/package.zsh'
[14.266s] Level 1:colcon.colcon_core.environment:create_file_with_runtime_dependencies(/home/jisang/midterm/ros_ws/install/midterm_2024/share/colcon-core/packages/midterm_2024)
[14.266s] DEBUG:colcon.colcon_parallel_executor.executor.parallel:closing loop
[14.267s] DEBUG:colcon.colcon_parallel_executor.executor.parallel:loop closed
[14.267s] DEBUG:colcon.colcon_parallel_executor.executor.parallel:run_until_complete finished with '0'
[14.267s] DEBUG:colcon.colcon_core.event_reactor:joining thread
[14.345s] INFO:colcon.colcon_core.plugin_system:Skipping extension 'colcon_notification.desktop_notification.notify_send': Could not find 'notify-send'
[14.345s] INFO:colcon.colcon_core.plugin_system:Skipping extension 'colcon_notification.desktop_notification.terminal_notifier': Not used on non-Darwin systems
[14.345s] INFO:colcon.colcon_core.plugin_system:Skipping extension 'colcon_notification.desktop_notification.win32': Not used on non-Windows systems
[14.346s] INFO:colcon.colcon_notification.desktop_notification:Sending desktop notification using 'notify2'
