[1.127s] DEBUG:colcon:Command line arguments: ['/usr/bin/colcon', 'build']
[1.127s] DEBUG:colcon:Parsed command line arguments: Namespace(log_base=None, log_level=None, verb_name='build', build_base='build', install_base='install', merge_install=False, symlink_install=False, test_result_base=None, continue_on_error=False, executor='parallel', parallel_workers=4, event_handlers=None, ignore_user_meta=False, metas=['./colcon.meta'], base_paths=['.'], packages_ignore=None, packages_ignore_regex=None, paths=None, packages_up_to=None, packages_up_to_regex=None, packages_above=None, packages_above_and_dependencies=None, packages_above_depth=None, packages_select_by_dep=None, packages_skip_by_dep=None, packages_skip_up_to=None, packages_select_build_failed=False, packages_skip_build_finished=False, packages_select_test_failures=False, packages_skip_test_passed=False, packages_select=None, packages_skip=None, packages_select_regex=None, packages_skip_regex=None, packages_start=None, packages_end=None, allow_overriding=[], cmake_args=None, cmake_target=None, cmake_target_skip_unavailable=False, cmake_clean_cache=False, cmake_clean_first=False, cmake_force_configure=False, ament_cmake_args=None, catkin_cmake_args=None, catkin_skip_building_tests=False, verb_parser=<colcon_defaults.argument_parser.defaults.DefaultArgumentsDecorator object at 0x7f817e58e740>, verb_extension=<colcon_core.verb.build.BuildVerb object at 0x7f817e6f35e0>, main=<bound method BuildVerb.main of <colcon_core.verb.build.BuildVerb object at 0x7f817e6f35e0>>)
[1.174s] Level 1:colcon.colcon_core.package_discovery:discover_packages(colcon_meta) check parameters
[1.175s] Level 1:colcon.colcon_core.package_discovery:discover_packages(recursive) check parameters
[1.175s] Level 1:colcon.colcon_core.package_discovery:discover_packages(ignore) check parameters
[1.175s] Level 1:colcon.colcon_core.package_discovery:discover_packages(path) check parameters
[1.175s] Level 1:colcon.colcon_core.package_discovery:discover_packages(colcon_meta) discover
[1.175s] Level 1:colcon.colcon_core.package_discovery:discover_packages(recursive) discover
[1.175s] INFO:colcon.colcon_core.package_discovery:Crawling recursively for packages in '/home/jisang/midterm/ros_ws'
[1.175s] Level 1:colcon.colcon_core.package_identification:_identify(.) by extensions ['ignore', 'ignore_ament_install']
[1.175s] Level 1:colcon.colcon_core.package_identification:_identify(.) by extension 'ignore'
[1.175s] Level 1:colcon.colcon_core.package_identification:_identify(.) by extension 'ignore_ament_install'
[1.175s] Level 1:colcon.colcon_core.package_identification:_identify(.) by extensions ['colcon_pkg']
[1.176s] Level 1:colcon.colcon_core.package_identification:_identify(.) by extension 'colcon_pkg'
[1.176s] Level 1:colcon.colcon_core.package_identification:_identify(.) by extensions ['colcon_meta']
[1.176s] Level 1:colcon.colcon_core.package_identification:_identify(.) by extension 'colcon_meta'
[1.176s] Level 1:colcon.colcon_core.package_identification:_identify(.) by extensions ['ros']
[1.176s] Level 1:colcon.colcon_core.package_identification:_identify(.) by extension 'ros'
[1.187s] Level 1:colcon.colcon_core.package_identification:_identify(.) by extensions ['cmake', 'python']
[1.187s] Level 1:colcon.colcon_core.package_identification:_identify(.) by extension 'cmake'
[1.187s] Level 1:colcon.colcon_core.package_identification:_identify(.) by extension 'python'
[1.188s] Level 1:colcon.colcon_core.package_identification:_identify(.) by extensions ['python_setup_py']
[1.188s] Level 1:colcon.colcon_core.package_identification:_identify(.) by extension 'python_setup_py'
[1.188s] Level 1:colcon.colcon_core.package_identification:_identify(build) by extensions ['ignore', 'ignore_ament_install']
[1.188s] Level 1:colcon.colcon_core.package_identification:_identify(build) by extension 'ignore'
[1.188s] Level 1:colcon.colcon_core.package_identification:_identify(build) ignored
[1.188s] Level 1:colcon.colcon_core.package_identification:_identify(install) by extensions ['ignore', 'ignore_ament_install']
[1.188s] Level 1:colcon.colcon_core.package_identification:_identify(install) by extension 'ignore'
[1.189s] Level 1:colcon.colcon_core.package_identification:_identify(install) ignored
[1.189s] Level 1:colcon.colcon_core.package_identification:_identify(log) by extensions ['ignore', 'ignore_ament_install']
[1.189s] Level 1:colcon.colcon_core.package_identification:_identify(log) by extension 'ignore'
[1.189s] Level 1:colcon.colcon_core.package_identification:_identify(log) ignored
[1.189s] Level 1:colcon.colcon_core.package_identification:_identify(src) by extensions ['ignore', 'ignore_ament_install']
[1.189s] Level 1:colcon.colcon_core.package_identification:_identify(src) by extension 'ignore'
[1.189s] Level 1:colcon.colcon_core.package_identification:_identify(src) by extension 'ignore_ament_install'
[1.189s] Level 1:colcon.colcon_core.package_identification:_identify(src) by extensions ['colcon_pkg']
[1.189s] Level 1:colcon.colcon_core.package_identification:_identify(src) by extension 'colcon_pkg'
[1.189s] Level 1:colcon.colcon_core.package_identification:_identify(src) by extensions ['colcon_meta']
[1.189s] Level 1:colcon.colcon_core.package_identification:_identify(src) by extension 'colcon_meta'
[1.189s] Level 1:colcon.colcon_core.package_identification:_identify(src) by extensions ['ros']
[1.189s] Level 1:colcon.colcon_core.package_identification:_identify(src) by extension 'ros'
[1.190s] Level 1:colcon.colcon_core.package_identification:_identify(src) by extensions ['cmake', 'python']
[1.190s] Level 1:colcon.colcon_core.package_identification:_identify(src) by extension 'cmake'
[1.190s] Level 1:colcon.colcon_core.package_identification:_identify(src) by extension 'python'
[1.190s] Level 1:colcon.colcon_core.package_identification:_identify(src) by extensions ['python_setup_py']
[1.190s] Level 1:colcon.colcon_core.package_identification:_identify(src) by extension 'python_setup_py'
[1.190s] Level 1:colcon.colcon_core.package_identification:_identify(src/midterm_2024) by extensions ['ignore', 'ignore_ament_install']
[1.190s] Level 1:colcon.colcon_core.package_identification:_identify(src/midterm_2024) by extension 'ignore'
[1.190s] Level 1:colcon.colcon_core.package_identification:_identify(src/midterm_2024) by extension 'ignore_ament_install'
[1.190s] Level 1:colcon.colcon_core.package_identification:_identify(src/midterm_2024) by extensions ['colcon_pkg']
[1.190s] Level 1:colcon.colcon_core.package_identification:_identify(src/midterm_2024) by extension 'colcon_pkg'
[1.190s] Level 1:colcon.colcon_core.package_identification:_identify(src/midterm_2024) by extensions ['colcon_meta']
[1.190s] Level 1:colcon.colcon_core.package_identification:_identify(src/midterm_2024) by extension 'colcon_meta'
[1.190s] Level 1:colcon.colcon_core.package_identification:_identify(src/midterm_2024) by extensions ['ros']
[1.190s] Level 1:colcon.colcon_core.package_identification:_identify(src/midterm_2024) by extension 'ros'
[1.193s] DEBUG:colcon.colcon_core.package_identification:Package 'src/midterm_2024' with type 'ros.ament_cmake' and name 'midterm_2024'
[1.194s] Level 1:colcon.colcon_core.package_identification:_identify(src/midterm_2024_msg) by extensions ['ignore', 'ignore_ament_install']
[1.194s] Level 1:colcon.colcon_core.package_identification:_identify(src/midterm_2024_msg) by extension 'ignore'
[1.194s] Level 1:colcon.colcon_core.package_identification:_identify(src/midterm_2024_msg) by extension 'ignore_ament_install'
[1.194s] Level 1:colcon.colcon_core.package_identification:_identify(src/midterm_2024_msg) by extensions ['colcon_pkg']
[1.194s] Level 1:colcon.colcon_core.package_identification:_identify(src/midterm_2024_msg) by extension 'colcon_pkg'
[1.194s] Level 1:colcon.colcon_core.package_identification:_identify(src/midterm_2024_msg) by extensions ['colcon_meta']
[1.194s] Level 1:colcon.colcon_core.package_identification:_identify(src/midterm_2024_msg) by extension 'colcon_meta'
[1.195s] Level 1:colcon.colcon_core.package_identification:_identify(src/midterm_2024_msg) by extensions ['ros']
[1.195s] Level 1:colcon.colcon_core.package_identification:_identify(src/midterm_2024_msg) by extension 'ros'
[1.195s] DEBUG:colcon.colcon_core.package_identification:Package 'src/midterm_2024_msg' with type 'ros.ament_cmake' and name 'midterm_2024_msg'
[1.196s] Level 1:colcon.colcon_core.package_discovery:discover_packages(recursive) using defaults
[1.196s] Level 1:colcon.colcon_core.package_discovery:discover_packages(ignore) discover
[1.196s] Level 1:colcon.colcon_core.package_discovery:discover_packages(ignore) using defaults
[1.196s] Level 1:colcon.colcon_core.package_discovery:discover_packages(path) discover
[1.196s] Level 1:colcon.colcon_core.package_discovery:discover_packages(path) using defaults
[1.289s] Level 1:colcon.colcon_core.package_discovery:discover_packages(prefix_path) check parameters
[1.289s] Level 1:colcon.colcon_core.package_discovery:discover_packages(prefix_path) discover
[1.319s] DEBUG:colcon.colcon_installed_package_information.package_discovery:Found 2 installed packages in /home/jisang/midterm/ros_ws/install
[1.340s] DEBUG:colcon.colcon_installed_package_information.package_discovery:Found 309 installed packages in /opt/ros/humble
[1.343s] Level 1:colcon.colcon_core.package_discovery:discover_packages(prefix_path) using defaults
[1.456s] Level 5:colcon.colcon_core.verb:set package 'midterm_2024_msg' build argument 'cmake_args' from command line to 'None'
[1.456s] Level 5:colcon.colcon_core.verb:set package 'midterm_2024_msg' build argument 'cmake_target' from command line to 'None'
[1.456s] Level 5:colcon.colcon_core.verb:set package 'midterm_2024_msg' build argument 'cmake_target_skip_unavailable' from command line to 'False'
[1.457s] Level 5:colcon.colcon_core.verb:set package 'midterm_2024_msg' build argument 'cmake_clean_cache' from command line to 'False'
[1.457s] Level 5:colcon.colcon_core.verb:set package 'midterm_2024_msg' build argument 'cmake_clean_first' from command line to 'False'
[1.457s] Level 5:colcon.colcon_core.verb:set package 'midterm_2024_msg' build argument 'cmake_force_configure' from command line to 'False'
[1.457s] Level 5:colcon.colcon_core.verb:set package 'midterm_2024_msg' build argument 'ament_cmake_args' from command line to 'None'
[1.457s] Level 5:colcon.colcon_core.verb:set package 'midterm_2024_msg' build argument 'catkin_cmake_args' from command line to 'None'
[1.457s] Level 5:colcon.colcon_core.verb:set package 'midterm_2024_msg' build argument 'catkin_skip_building_tests' from command line to 'False'
[1.457s] DEBUG:colcon.colcon_core.verb:Building package 'midterm_2024_msg' with the following arguments: {'ament_cmake_args': None, 'build_base': '/home/jisang/midterm/ros_ws/build/midterm_2024_msg', 'catkin_cmake_args': None, 'catkin_skip_building_tests': False, 'cmake_args': None, 'cmake_clean_cache': False, 'cmake_clean_first': False, 'cmake_force_configure': False, 'cmake_target': None, 'cmake_target_skip_unavailable': False, 'install_base': '/home/jisang/midterm/ros_ws/install/midterm_2024_msg', 'merge_install': False, 'path': '/home/jisang/midterm/ros_ws/src/midterm_2024_msg', 'symlink_install': False, 'test_result_base': None}
[1.474s] Level 5:colcon.colcon_core.verb:set package 'midterm_2024' build argument 'cmake_args' from command line to 'None'
[1.475s] Level 5:colcon.colcon_core.verb:set package 'midterm_2024' build argument 'cmake_target' from command line to 'None'
[1.475s] Level 5:colcon.colcon_core.verb:set package 'midterm_2024' build argument 'cmake_target_skip_unavailable' from command line to 'False'
[1.475s] Level 5:colcon.colcon_core.verb:set package 'midterm_2024' build argument 'cmake_clean_cache' from command line to 'False'
[1.475s] Level 5:colcon.colcon_core.verb:set package 'midterm_2024' build argument 'cmake_clean_first' from command line to 'False'
[1.475s] Level 5:colcon.colcon_core.verb:set package 'midterm_2024' build argument 'cmake_force_configure' from command line to 'False'
[1.475s] Level 5:colcon.colcon_core.verb:set package 'midterm_2024' build argument 'ament_cmake_args' from command line to 'None'
[1.475s] Level 5:colcon.colcon_core.verb:set package 'midterm_2024' build argument 'catkin_cmake_args' from command line to 'None'
[1.475s] Level 5:colcon.colcon_core.verb:set package 'midterm_2024' build argument 'catkin_skip_building_tests' from command line to 'False'
[1.475s] DEBUG:colcon.colcon_core.verb:Building package 'midterm_2024' with the following arguments: {'ament_cmake_args': None, 'build_base': '/home/jisang/midterm/ros_ws/build/midterm_2024', 'catkin_cmake_args': None, 'catkin_skip_building_tests': False, 'cmake_args': None, 'cmake_clean_cache': False, 'cmake_clean_first': False, 'cmake_force_configure': False, 'cmake_target': None, 'cmake_target_skip_unavailable': False, 'install_base': '/home/jisang/midterm/ros_ws/install/midterm_2024', 'merge_install': False, 'path': '/home/jisang/midterm/ros_ws/src/midterm_2024', 'symlink_install': False, 'test_result_base': None}
[1.490s] INFO:colcon.colcon_core.executor:Executing jobs using 'parallel' executor
[1.507s] DEBUG:colcon.colcon_parallel_executor.executor.parallel:run_until_complete
[1.507s] INFO:colcon.colcon_ros.task.ament_cmake.build:Building ROS package in '/home/jisang/midterm/ros_ws/src/midterm_2024_msg' with build type 'ament_cmake'
[1.508s] INFO:colcon.colcon_cmake.task.cmake.build:Building CMake package in '/home/jisang/midterm/ros_ws/src/midterm_2024_msg'
[1.528s] INFO:colcon.colcon_core.plugin_system:Skipping extension 'colcon_core.shell.bat': Not used on non-Windows systems
[1.529s] INFO:colcon.colcon_core.shell:Skip shell extension 'powershell' for command environment: Not usable outside of PowerShell
[1.529s] DEBUG:colcon.colcon_core.shell:Skip shell extension 'dsv' for command environment
[1.593s] DEBUG:colcon.colcon_core.event_handler.log_command:Invoking command in '/home/jisang/midterm/ros_ws/build/midterm_2024_msg': CMAKE_PREFIX_PATH=${CMAKE_PREFIX_PATH}:/opt/ros/humble WSLENV=ELECTRON_RUN_AS_NODE/w:WT_SESSION:WT_PROFILE_ID: /usr/bin/cmake --build /home/jisang/midterm/ros_ws/build/midterm_2024_msg -- -j4 -l4
[2.104s] DEBUG:colcon.colcon_core.event_handler.log_command:Invoked command in '/home/jisang/midterm/ros_ws/build/midterm_2024_msg' returned '0': CMAKE_PREFIX_PATH=${CMAKE_PREFIX_PATH}:/opt/ros/humble WSLENV=ELECTRON_RUN_AS_NODE/w:WT_SESSION:WT_PROFILE_ID: /usr/bin/cmake --build /home/jisang/midterm/ros_ws/build/midterm_2024_msg -- -j4 -l4
[2.174s] DEBUG:colcon.colcon_core.event_handler.log_command:Invoking command in '/home/jisang/midterm/ros_ws/build/midterm_2024_msg': CMAKE_PREFIX_PATH=${CMAKE_PREFIX_PATH}:/opt/ros/humble WSLENV=ELECTRON_RUN_AS_NODE/w:WT_SESSION:WT_PROFILE_ID: /usr/bin/cmake --install /home/jisang/midterm/ros_ws/build/midterm_2024_msg
[2.237s] Level 1:colcon.colcon_core.environment:create_environment_scripts_only(midterm_2024_msg)
[2.247s] DEBUG:colcon.colcon_core.event_handler.log_command:Invoked command in '/home/jisang/midterm/ros_ws/build/midterm_2024_msg' returned '0': CMAKE_PREFIX_PATH=${CMAKE_PREFIX_PATH}:/opt/ros/humble WSLENV=ELECTRON_RUN_AS_NODE/w:WT_SESSION:WT_PROFILE_ID: /usr/bin/cmake --install /home/jisang/midterm/ros_ws/build/midterm_2024_msg
[2.263s] Level 1:colcon.colcon_core.environment:checking '/home/jisang/midterm/ros_ws/install/midterm_2024_msg' for CMake module files
[2.264s] Level 1:colcon.colcon_core.environment:checking '/home/jisang/midterm/ros_ws/install/midterm_2024_msg' for CMake config files
[2.264s] Level 1:colcon.colcon_core.shell:create_environment_hook('midterm_2024_msg', 'cmake_prefix_path')
[2.280s] INFO:colcon.colcon_core.shell:Creating environment hook '/home/jisang/midterm/ros_ws/install/midterm_2024_msg/share/midterm_2024_msg/hook/cmake_prefix_path.ps1'
[2.281s] INFO:colcon.colcon_core.shell:Creating environment descriptor '/home/jisang/midterm/ros_ws/install/midterm_2024_msg/share/midterm_2024_msg/hook/cmake_prefix_path.dsv'
[2.282s] INFO:colcon.colcon_core.shell:Creating environment hook '/home/jisang/midterm/ros_ws/install/midterm_2024_msg/share/midterm_2024_msg/hook/cmake_prefix_path.sh'
[2.283s] Level 1:colcon.colcon_core.environment:checking '/home/jisang/midterm/ros_ws/install/midterm_2024_msg/lib'
[2.283s] Level 1:colcon.colcon_core.shell:create_environment_hook('midterm_2024_msg', 'ld_library_path_lib')
[2.299s] INFO:colcon.colcon_core.shell:Creating environment hook '/home/jisang/midterm/ros_ws/install/midterm_2024_msg/share/midterm_2024_msg/hook/ld_library_path_lib.ps1'
[2.299s] INFO:colcon.colcon_core.shell:Creating environment descriptor '/home/jisang/midterm/ros_ws/install/midterm_2024_msg/share/midterm_2024_msg/hook/ld_library_path_lib.dsv'
[2.300s] INFO:colcon.colcon_core.shell:Creating environment hook '/home/jisang/midterm/ros_ws/install/midterm_2024_msg/share/midterm_2024_msg/hook/ld_library_path_lib.sh'
[2.301s] Level 1:colcon.colcon_core.environment:checking '/home/jisang/midterm/ros_ws/install/midterm_2024_msg/bin'
[2.302s] Level 1:colcon.colcon_core.environment:checking '/home/jisang/midterm/ros_ws/install/midterm_2024_msg/lib/pkgconfig/midterm_2024_msg.pc'
[2.302s] Level 1:colcon.colcon_core.environment:checking '/home/jisang/midterm/ros_ws/install/midterm_2024_msg/lib/python3.10/site-packages'
[2.302s] Level 1:colcon.colcon_core.environment:checking '/home/jisang/midterm/ros_ws/install/midterm_2024_msg/bin'
[2.320s] INFO:colcon.colcon_core.shell:Creating package script '/home/jisang/midterm/ros_ws/install/midterm_2024_msg/share/midterm_2024_msg/package.ps1'
[2.321s] INFO:colcon.colcon_core.shell:Creating package descriptor '/home/jisang/midterm/ros_ws/install/midterm_2024_msg/share/midterm_2024_msg/package.dsv'
[2.321s] INFO:colcon.colcon_core.shell:Creating package script '/home/jisang/midterm/ros_ws/install/midterm_2024_msg/share/midterm_2024_msg/package.sh'
[2.322s] INFO:colcon.colcon_core.shell:Creating package script '/home/jisang/midterm/ros_ws/install/midterm_2024_msg/share/midterm_2024_msg/package.bash'
[2.323s] INFO:colcon.colcon_core.shell:Creating package script '/home/jisang/midterm/ros_ws/install/midterm_2024_msg/share/midterm_2024_msg/package.zsh'
[2.324s] Level 1:colcon.colcon_core.environment:create_file_with_runtime_dependencies(/home/jisang/midterm/ros_ws/install/midterm_2024_msg/share/colcon-core/packages/midterm_2024_msg)
[2.402s] Level 1:colcon.colcon_core.environment:create_environment_scripts_only(midterm_2024_msg)
[2.422s] Level 1:colcon.colcon_core.environment:checking '/home/jisang/midterm/ros_ws/install/midterm_2024_msg' for CMake module files
[2.423s] Level 1:colcon.colcon_core.environment:checking '/home/jisang/midterm/ros_ws/install/midterm_2024_msg' for CMake config files
[2.424s] Level 1:colcon.colcon_core.shell:create_environment_hook('midterm_2024_msg', 'cmake_prefix_path')
[2.442s] INFO:colcon.colcon_core.shell:Creating environment hook '/home/jisang/midterm/ros_ws/install/midterm_2024_msg/share/midterm_2024_msg/hook/cmake_prefix_path.ps1'
[2.443s] INFO:colcon.colcon_core.shell:Creating environment descriptor '/home/jisang/midterm/ros_ws/install/midterm_2024_msg/share/midterm_2024_msg/hook/cmake_prefix_path.dsv'
[2.443s] INFO:colcon.colcon_core.shell:Creating environment hook '/home/jisang/midterm/ros_ws/install/midterm_2024_msg/share/midterm_2024_msg/hook/cmake_prefix_path.sh'
[2.444s] Level 1:colcon.colcon_core.environment:checking '/home/jisang/midterm/ros_ws/install/midterm_2024_msg/lib'
[2.444s] Level 1:colcon.colcon_core.shell:create_environment_hook('midterm_2024_msg', 'ld_library_path_lib')
[2.466s] INFO:colcon.colcon_core.shell:Creating environment hook '/home/jisang/midterm/ros_ws/install/midterm_2024_msg/share/midterm_2024_msg/hook/ld_library_path_lib.ps1'
[2.467s] INFO:colcon.colcon_core.shell:Creating environment descriptor '/home/jisang/midterm/ros_ws/install/midterm_2024_msg/share/midterm_2024_msg/hook/ld_library_path_lib.dsv'
[2.468s] INFO:colcon.colcon_core.shell:Creating environment hook '/home/jisang/midterm/ros_ws/install/midterm_2024_msg/share/midterm_2024_msg/hook/ld_library_path_lib.sh'
[2.469s] Level 1:colcon.colcon_core.environment:checking '/home/jisang/midterm/ros_ws/install/midterm_2024_msg/bin'
[2.469s] Level 1:colcon.colcon_core.environment:checking '/home/jisang/midterm/ros_ws/install/midterm_2024_msg/lib/pkgconfig/midterm_2024_msg.pc'
[2.469s] Level 1:colcon.colcon_core.environment:checking '/home/jisang/midterm/ros_ws/install/midterm_2024_msg/lib/python3.10/site-packages'
[2.470s] Level 1:colcon.colcon_core.environment:checking '/home/jisang/midterm/ros_ws/install/midterm_2024_msg/bin'
[2.500s] INFO:colcon.colcon_core.shell:Creating package script '/home/jisang/midterm/ros_ws/install/midterm_2024_msg/share/midterm_2024_msg/package.ps1'
[2.501s] INFO:colcon.colcon_core.shell:Creating package descriptor '/home/jisang/midterm/ros_ws/install/midterm_2024_msg/share/midterm_2024_msg/package.dsv'
[2.502s] INFO:colcon.colcon_core.shell:Creating package script '/home/jisang/midterm/ros_ws/install/midterm_2024_msg/share/midterm_2024_msg/package.sh'
[2.503s] INFO:colcon.colcon_core.shell:Creating package script '/home/jisang/midterm/ros_ws/install/midterm_2024_msg/share/midterm_2024_msg/package.bash'
[2.503s] INFO:colcon.colcon_core.shell:Creating package script '/home/jisang/midterm/ros_ws/install/midterm_2024_msg/share/midterm_2024_msg/package.zsh'
[2.504s] Level 1:colcon.colcon_core.environment:create_file_with_runtime_dependencies(/home/jisang/midterm/ros_ws/install/midterm_2024_msg/share/colcon-core/packages/midterm_2024_msg)
[2.504s] INFO:colcon.colcon_ros.task.ament_cmake.build:Building ROS package in '/home/jisang/midterm/ros_ws/src/midterm_2024' with build type 'ament_cmake'
[2.504s] INFO:colcon.colcon_cmake.task.cmake.build:Building CMake package in '/home/jisang/midterm/ros_ws/src/midterm_2024'
[2.526s] INFO:colcon.colcon_core.shell:Skip shell extension 'powershell' for command environment: Not usable outside of PowerShell
[2.526s] DEBUG:colcon.colcon_core.shell:Skip shell extension 'dsv' for command environment
[2.685s] DEBUG:colcon.colcon_core.event_handler.log_command:Invoking command in '/home/jisang/midterm/ros_ws/build/midterm_2024': CMAKE_PREFIX_PATH=/home/jisang/midterm/ros_ws/install/midterm_2024_msg:/home/jisang/midterm/ros_ws/install/midterm_2024:/opt/ros/humble WSLENV=ELECTRON_RUN_AS_NODE/w:WT_SESSION:WT_PROFILE_ID: /usr/bin/cmake --build /home/jisang/midterm/ros_ws/build/midterm_2024 -- -j4 -l4
[9.130s] DEBUG:colcon.colcon_core.event_handler.log_command:Invoked command in '/home/jisang/midterm/ros_ws/build/midterm_2024' returned '2': CMAKE_PREFIX_PATH=/home/jisang/midterm/ros_ws/install/midterm_2024_msg:/home/jisang/midterm/ros_ws/install/midterm_2024:/opt/ros/humble WSLENV=ELECTRON_RUN_AS_NODE/w:WT_SESSION:WT_PROFILE_ID: /usr/bin/cmake --build /home/jisang/midterm/ros_ws/build/midterm_2024 -- -j4 -l4
[9.179s] Level 1:colcon.colcon_core.environment:create_environment_scripts_only(midterm_2024)
[9.194s] Level 1:colcon.colcon_core.environment:checking '/home/jisang/midterm/ros_ws/install/midterm_2024' for CMake module files
[9.194s] Level 1:colcon.colcon_core.environment:checking '/home/jisang/midterm/ros_ws/install/midterm_2024' for CMake config files
[9.195s] Level 1:colcon.colcon_core.shell:create_environment_hook('midterm_2024', 'cmake_prefix_path')
[9.212s] INFO:colcon.colcon_core.shell:Creating environment hook '/home/jisang/midterm/ros_ws/install/midterm_2024/share/midterm_2024/hook/cmake_prefix_path.ps1'
[9.212s] INFO:colcon.colcon_core.shell:Creating environment descriptor '/home/jisang/midterm/ros_ws/install/midterm_2024/share/midterm_2024/hook/cmake_prefix_path.dsv'
[9.212s] INFO:colcon.colcon_core.shell:Creating environment hook '/home/jisang/midterm/ros_ws/install/midterm_2024/share/midterm_2024/hook/cmake_prefix_path.sh'
[9.213s] Level 1:colcon.colcon_core.environment:checking '/home/jisang/midterm/ros_ws/install/midterm_2024/lib'
[9.213s] Level 1:colcon.colcon_core.environment:checking '/home/jisang/midterm/ros_ws/install/midterm_2024/bin'
[9.213s] Level 1:colcon.colcon_core.environment:checking '/home/jisang/midterm/ros_ws/install/midterm_2024/lib/pkgconfig/midterm_2024.pc'
[9.214s] Level 1:colcon.colcon_core.environment:checking '/home/jisang/midterm/ros_ws/install/midterm_2024/lib/python3.10/site-packages'
[9.214s] Level 1:colcon.colcon_core.environment:checking '/home/jisang/midterm/ros_ws/install/midterm_2024/bin'
[9.229s] INFO:colcon.colcon_core.shell:Creating package script '/home/jisang/midterm/ros_ws/install/midterm_2024/share/midterm_2024/package.ps1'
[9.229s] INFO:colcon.colcon_core.shell:Creating package descriptor '/home/jisang/midterm/ros_ws/install/midterm_2024/share/midterm_2024/package.dsv'
[9.230s] INFO:colcon.colcon_core.shell:Creating package script '/home/jisang/midterm/ros_ws/install/midterm_2024/share/midterm_2024/package.sh'
[9.230s] INFO:colcon.colcon_core.shell:Creating package script '/home/jisang/midterm/ros_ws/install/midterm_2024/share/midterm_2024/package.bash'
[9.231s] INFO:colcon.colcon_core.shell:Creating package script '/home/jisang/midterm/ros_ws/install/midterm_2024/share/midterm_2024/package.zsh'
[9.231s] Level 1:colcon.colcon_core.environment:create_file_with_runtime_dependencies(/home/jisang/midterm/ros_ws/install/midterm_2024/share/colcon-core/packages/midterm_2024)
[9.242s] DEBUG:colcon.colcon_parallel_executor.executor.parallel:closing loop
[9.242s] DEBUG:colcon.colcon_parallel_executor.executor.parallel:loop closed
[9.243s] DEBUG:colcon.colcon_parallel_executor.executor.parallel:run_until_complete finished with '2'
[9.243s] DEBUG:colcon.colcon_core.event_reactor:joining thread
[9.322s] INFO:colcon.colcon_core.plugin_system:Skipping extension 'colcon_notification.desktop_notification.notify_send': Could not find 'notify-send'
[9.322s] INFO:colcon.colcon_core.plugin_system:Skipping extension 'colcon_notification.desktop_notification.terminal_notifier': Not used on non-Darwin systems
[9.322s] INFO:colcon.colcon_core.plugin_system:Skipping extension 'colcon_notification.desktop_notification.win32': Not used on non-Windows systems
[9.322s] INFO:colcon.colcon_notification.desktop_notification:Sending desktop notification using 'notify2'
