[1.106s] DEBUG:colcon:Command line arguments: ['/usr/bin/colcon', 'build']
[1.106s] DEBUG:colcon:Parsed command line arguments: Namespace(log_base=None, log_level=None, verb_name='build', build_base='build', install_base='install', merge_install=False, symlink_install=False, test_result_base=None, continue_on_error=False, executor='parallel', parallel_workers=4, event_handlers=None, ignore_user_meta=False, metas=['./colcon.meta'], base_paths=['.'], packages_ignore=None, packages_ignore_regex=None, paths=None, packages_up_to=None, packages_up_to_regex=None, packages_above=None, packages_above_and_dependencies=None, packages_above_depth=None, packages_select_by_dep=None, packages_skip_by_dep=None, packages_skip_up_to=None, packages_select_build_failed=False, packages_skip_build_finished=False, packages_select_test_failures=False, packages_skip_test_passed=False, packages_select=None, packages_skip=None, packages_select_regex=None, packages_skip_regex=None, packages_start=None, packages_end=None, allow_overriding=[], cmake_args=None, cmake_target=None, cmake_target_skip_unavailable=False, cmake_clean_cache=False, cmake_clean_first=False, cmake_force_configure=False, ament_cmake_args=None, catkin_cmake_args=None, catkin_skip_building_tests=False, verb_parser=<colcon_defaults.argument_parser.defaults.DefaultArgumentsDecorator object at 0x7f9f04a9e740>, verb_extension=<colcon_core.verb.build.BuildVerb object at 0x7f9f04c035e0>, main=<bound method BuildVerb.main of <colcon_core.verb.build.BuildVerb object at 0x7f9f04c035e0>>)
[1.156s] Level 1:colcon.colcon_core.package_discovery:discover_packages(colcon_meta) check parameters
[1.156s] Level 1:colcon.colcon_core.package_discovery:discover_packages(recursive) check parameters
[1.157s] Level 1:colcon.colcon_core.package_discovery:discover_packages(ignore) check parameters
[1.157s] Level 1:colcon.colcon_core.package_discovery:discover_packages(path) check parameters
[1.157s] Level 1:colcon.colcon_core.package_discovery:discover_packages(colcon_meta) discover
[1.157s] Level 1:colcon.colcon_core.package_discovery:discover_packages(recursive) discover
[1.157s] INFO:colcon.colcon_core.package_discovery:Crawling recursively for packages in '/home/jisang/midterm/ros_ws'
[1.157s] Level 1:colcon.colcon_core.package_identification:_identify(.) by extensions ['ignore', 'ignore_ament_install']
[1.157s] Level 1:colcon.colcon_core.package_identification:_identify(.) by extension 'ignore'
[1.157s] Level 1:colcon.colcon_core.package_identification:_identify(.) by extension 'ignore_ament_install'
[1.157s] Level 1:colcon.colcon_core.package_identification:_identify(.) by extensions ['colcon_pkg']
[1.157s] Level 1:colcon.colcon_core.package_identification:_identify(.) by extension 'colcon_pkg'
[1.158s] Level 1:colcon.colcon_core.package_identification:_identify(.) by extensions ['colcon_meta']
[1.158s] Level 1:colcon.colcon_core.package_identification:_identify(.) by extension 'colcon_meta'
[1.158s] Level 1:colcon.colcon_core.package_identification:_identify(.) by extensions ['ros']
[1.158s] Level 1:colcon.colcon_core.package_identification:_identify(.) by extension 'ros'
[1.170s] Level 1:colcon.colcon_core.package_identification:_identify(.) by extensions ['cmake', 'python']
[1.170s] Level 1:colcon.colcon_core.package_identification:_identify(.) by extension 'cmake'
[1.171s] Level 1:colcon.colcon_core.package_identification:_identify(.) by extension 'python'
[1.171s] Level 1:colcon.colcon_core.package_identification:_identify(.) by extensions ['python_setup_py']
[1.171s] Level 1:colcon.colcon_core.package_identification:_identify(.) by extension 'python_setup_py'
[1.171s] Level 1:colcon.colcon_core.package_identification:_identify(build) by extensions ['ignore', 'ignore_ament_install']
[1.171s] Level 1:colcon.colcon_core.package_identification:_identify(build) by extension 'ignore'
[1.171s] Level 1:colcon.colcon_core.package_identification:_identify(build) ignored
[1.171s] Level 1:colcon.colcon_core.package_identification:_identify(install) by extensions ['ignore', 'ignore_ament_install']
[1.171s] Level 1:colcon.colcon_core.package_identification:_identify(install) by extension 'ignore'
[1.172s] Level 1:colcon.colcon_core.package_identification:_identify(install) ignored
[1.172s] Level 1:colcon.colcon_core.package_identification:_identify(log) by extensions ['ignore', 'ignore_ament_install']
[1.172s] Level 1:colcon.colcon_core.package_identification:_identify(log) by extension 'ignore'
[1.172s] Level 1:colcon.colcon_core.package_identification:_identify(log) ignored
[1.172s] Level 1:colcon.colcon_core.package_identification:_identify(src) by extensions ['ignore', 'ignore_ament_install']
[1.172s] Level 1:colcon.colcon_core.package_identification:_identify(src) by extension 'ignore'
[1.172s] Level 1:colcon.colcon_core.package_identification:_identify(src) by extension 'ignore_ament_install'
[1.172s] Level 1:colcon.colcon_core.package_identification:_identify(src) by extensions ['colcon_pkg']
[1.172s] Level 1:colcon.colcon_core.package_identification:_identify(src) by extension 'colcon_pkg'
[1.172s] Level 1:colcon.colcon_core.package_identification:_identify(src) by extensions ['colcon_meta']
[1.172s] Level 1:colcon.colcon_core.package_identification:_identify(src) by extension 'colcon_meta'
[1.173s] Level 1:colcon.colcon_core.package_identification:_identify(src) by extensions ['ros']
[1.173s] Level 1:colcon.colcon_core.package_identification:_identify(src) by extension 'ros'
[1.173s] Level 1:colcon.colcon_core.package_identification:_identify(src) by extensions ['cmake', 'python']
[1.173s] Level 1:colcon.colcon_core.package_identification:_identify(src) by extension 'cmake'
[1.173s] Level 1:colcon.colcon_core.package_identification:_identify(src) by extension 'python'
[1.173s] Level 1:colcon.colcon_core.package_identification:_identify(src) by extensions ['python_setup_py']
[1.173s] Level 1:colcon.colcon_core.package_identification:_identify(src) by extension 'python_setup_py'
[1.173s] Level 1:colcon.colcon_core.package_identification:_identify(src/midterm_2024) by extensions ['ignore', 'ignore_ament_install']
[1.173s] Level 1:colcon.colcon_core.package_identification:_identify(src/midterm_2024) by extension 'ignore'
[1.173s] Level 1:colcon.colcon_core.package_identification:_identify(src/midterm_2024) by extension 'ignore_ament_install'
[1.173s] Level 1:colcon.colcon_core.package_identification:_identify(src/midterm_2024) by extensions ['colcon_pkg']
[1.173s] Level 1:colcon.colcon_core.package_identification:_identify(src/midterm_2024) by extension 'colcon_pkg'
[1.174s] Level 1:colcon.colcon_core.package_identification:_identify(src/midterm_2024) by extensions ['colcon_meta']
[1.174s] Level 1:colcon.colcon_core.package_identification:_identify(src/midterm_2024) by extension 'colcon_meta'
[1.174s] Level 1:colcon.colcon_core.package_identification:_identify(src/midterm_2024) by extensions ['ros']
[1.174s] Level 1:colcon.colcon_core.package_identification:_identify(src/midterm_2024) by extension 'ros'
[1.177s] DEBUG:colcon.colcon_core.package_identification:Package 'src/midterm_2024' with type 'ros.ament_cmake' and name 'midterm_2024'
[1.177s] Level 1:colcon.colcon_core.package_identification:_identify(src/midterm_2024_msg) by extensions ['ignore', 'ignore_ament_install']
[1.177s] Level 1:colcon.colcon_core.package_identification:_identify(src/midterm_2024_msg) by extension 'ignore'
[1.177s] Level 1:colcon.colcon_core.package_identification:_identify(src/midterm_2024_msg) by extension 'ignore_ament_install'
[1.178s] Level 1:colcon.colcon_core.package_identification:_identify(src/midterm_2024_msg) by extensions ['colcon_pkg']
[1.178s] Level 1:colcon.colcon_core.package_identification:_identify(src/midterm_2024_msg) by extension 'colcon_pkg'
[1.178s] Level 1:colcon.colcon_core.package_identification:_identify(src/midterm_2024_msg) by extensions ['colcon_meta']
[1.178s] Level 1:colcon.colcon_core.package_identification:_identify(src/midterm_2024_msg) by extension 'colcon_meta'
[1.178s] Level 1:colcon.colcon_core.package_identification:_identify(src/midterm_2024_msg) by extensions ['ros']
[1.178s] Level 1:colcon.colcon_core.package_identification:_identify(src/midterm_2024_msg) by extension 'ros'
[1.179s] DEBUG:colcon.colcon_core.package_identification:Package 'src/midterm_2024_msg' with type 'ros.ament_cmake' and name 'midterm_2024_msg'
[1.179s] Level 1:colcon.colcon_core.package_discovery:discover_packages(recursive) using defaults
[1.179s] Level 1:colcon.colcon_core.package_discovery:discover_packages(ignore) discover
[1.179s] Level 1:colcon.colcon_core.package_discovery:discover_packages(ignore) using defaults
[1.179s] Level 1:colcon.colcon_core.package_discovery:discover_packages(path) discover
[1.179s] Level 1:colcon.colcon_core.package_discovery:discover_packages(path) using defaults
[1.285s] Level 1:colcon.colcon_core.package_discovery:discover_packages(prefix_path) check parameters
[1.285s] Level 1:colcon.colcon_core.package_discovery:discover_packages(prefix_path) discover
[1.328s] DEBUG:colcon.colcon_installed_package_information.package_discovery:Found 2 installed packages in /home/jisang/midterm/ros_ws/install
[1.344s] DEBUG:colcon.colcon_installed_package_information.package_discovery:Found 309 installed packages in /opt/ros/humble
[1.346s] Level 1:colcon.colcon_core.package_discovery:discover_packages(prefix_path) using defaults
[1.455s] Level 5:colcon.colcon_core.verb:set package 'midterm_2024_msg' build argument 'cmake_args' from command line to 'None'
[1.455s] Level 5:colcon.colcon_core.verb:set package 'midterm_2024_msg' build argument 'cmake_target' from command line to 'None'
[1.455s] Level 5:colcon.colcon_core.verb:set package 'midterm_2024_msg' build argument 'cmake_target_skip_unavailable' from command line to 'False'
[1.455s] Level 5:colcon.colcon_core.verb:set package 'midterm_2024_msg' build argument 'cmake_clean_cache' from command line to 'False'
[1.456s] Level 5:colcon.colcon_core.verb:set package 'midterm_2024_msg' build argument 'cmake_clean_first' from command line to 'False'
[1.456s] Level 5:colcon.colcon_core.verb:set package 'midterm_2024_msg' build argument 'cmake_force_configure' from command line to 'False'
[1.456s] Level 5:colcon.colcon_core.verb:set package 'midterm_2024_msg' build argument 'ament_cmake_args' from command line to 'None'
[1.456s] Level 5:colcon.colcon_core.verb:set package 'midterm_2024_msg' build argument 'catkin_cmake_args' from command line to 'None'
[1.456s] Level 5:colcon.colcon_core.verb:set package 'midterm_2024_msg' build argument 'catkin_skip_building_tests' from command line to 'False'
[1.456s] DEBUG:colcon.colcon_core.verb:Building package 'midterm_2024_msg' with the following arguments: {'ament_cmake_args': None, 'build_base': '/home/jisang/midterm/ros_ws/build/midterm_2024_msg', 'catkin_cmake_args': None, 'catkin_skip_building_tests': False, 'cmake_args': None, 'cmake_clean_cache': False, 'cmake_clean_first': False, 'cmake_force_configure': False, 'cmake_target': None, 'cmake_target_skip_unavailable': False, 'install_base': '/home/jisang/midterm/ros_ws/install/midterm_2024_msg', 'merge_install': False, 'path': '/home/jisang/midterm/ros_ws/src/midterm_2024_msg', 'symlink_install': False, 'test_result_base': None}
[1.472s] Level 5:colcon.colcon_core.verb:set package 'midterm_2024' build argument 'cmake_args' from command line to 'None'
[1.473s] Level 5:colcon.colcon_core.verb:set package 'midterm_2024' build argument 'cmake_target' from command line to 'None'
[1.473s] Level 5:colcon.colcon_core.verb:set package 'midterm_2024' build argument 'cmake_target_skip_unavailable' from command line to 'False'
[1.473s] Level 5:colcon.colcon_core.verb:set package 'midterm_2024' build argument 'cmake_clean_cache' from command line to 'False'
[1.473s] Level 5:colcon.colcon_core.verb:set package 'midterm_2024' build argument 'cmake_clean_first' from command line to 'False'
[1.473s] Level 5:colcon.colcon_core.verb:set package 'midterm_2024' build argument 'cmake_force_configure' from command line to 'False'
[1.473s] Level 5:colcon.colcon_core.verb:set package 'midterm_2024' build argument 'ament_cmake_args' from command line to 'None'
[1.473s] Level 5:colcon.colcon_core.verb:set package 'midterm_2024' build argument 'catkin_cmake_args' from command line to 'None'
[1.473s] Level 5:colcon.colcon_core.verb:set package 'midterm_2024' build argument 'catkin_skip_building_tests' from command line to 'False'
[1.473s] DEBUG:colcon.colcon_core.verb:Building package 'midterm_2024' with the following arguments: {'ament_cmake_args': None, 'build_base': '/home/jisang/midterm/ros_ws/build/midterm_2024', 'catkin_cmake_args': None, 'catkin_skip_building_tests': False, 'cmake_args': None, 'cmake_clean_cache': False, 'cmake_clean_first': False, 'cmake_force_configure': False, 'cmake_target': None, 'cmake_target_skip_unavailable': False, 'install_base': '/home/jisang/midterm/ros_ws/install/midterm_2024', 'merge_install': False, 'path': '/home/jisang/midterm/ros_ws/src/midterm_2024', 'symlink_install': False, 'test_result_base': None}
[1.490s] INFO:colcon.colcon_core.executor:Executing jobs using 'parallel' executor
[1.507s] DEBUG:colcon.colcon_parallel_executor.executor.parallel:run_until_complete
[1.507s] INFO:colcon.colcon_ros.task.ament_cmake.build:Building ROS package in '/home/jisang/midterm/ros_ws/src/midterm_2024_msg' with build type 'ament_cmake'
[1.507s] INFO:colcon.colcon_cmake.task.cmake.build:Building CMake package in '/home/jisang/midterm/ros_ws/src/midterm_2024_msg'
[1.526s] INFO:colcon.colcon_core.plugin_system:Skipping extension 'colcon_core.shell.bat': Not used on non-Windows systems
[1.526s] INFO:colcon.colcon_core.shell:Skip shell extension 'powershell' for command environment: Not usable outside of PowerShell
[1.527s] DEBUG:colcon.colcon_core.shell:Skip shell extension 'dsv' for command environment
[1.593s] DEBUG:colcon.colcon_core.event_handler.log_command:Invoking command in '/home/jisang/midterm/ros_ws/build/midterm_2024_msg': CMAKE_PREFIX_PATH=${CMAKE_PREFIX_PATH}:/opt/ros/humble WSLENV=ELECTRON_RUN_AS_NODE/w:WT_SESSION:WT_PROFILE_ID: /usr/bin/cmake --build /home/jisang/midterm/ros_ws/build/midterm_2024_msg -- -j4 -l4
[2.023s] DEBUG:colcon.colcon_core.event_handler.log_command:Invoked command in '/home/jisang/midterm/ros_ws/build/midterm_2024_msg' returned '0': CMAKE_PREFIX_PATH=${CMAKE_PREFIX_PATH}:/opt/ros/humble WSLENV=ELECTRON_RUN_AS_NODE/w:WT_SESSION:WT_PROFILE_ID: /usr/bin/cmake --build /home/jisang/midterm/ros_ws/build/midterm_2024_msg -- -j4 -l4
[2.092s] DEBUG:colcon.colcon_core.event_handler.log_command:Invoking command in '/home/jisang/midterm/ros_ws/build/midterm_2024_msg': CMAKE_PREFIX_PATH=${CMAKE_PREFIX_PATH}:/opt/ros/humble WSLENV=ELECTRON_RUN_AS_NODE/w:WT_SESSION:WT_PROFILE_ID: /usr/bin/cmake --install /home/jisang/midterm/ros_ws/build/midterm_2024_msg
[2.163s] Level 1:colcon.colcon_core.environment:create_environment_scripts_only(midterm_2024_msg)
[2.179s] DEBUG:colcon.colcon_core.event_handler.log_command:Invoked command in '/home/jisang/midterm/ros_ws/build/midterm_2024_msg' returned '0': CMAKE_PREFIX_PATH=${CMAKE_PREFIX_PATH}:/opt/ros/humble WSLENV=ELECTRON_RUN_AS_NODE/w:WT_SESSION:WT_PROFILE_ID: /usr/bin/cmake --install /home/jisang/midterm/ros_ws/build/midterm_2024_msg
[2.187s] Level 1:colcon.colcon_core.environment:checking '/home/jisang/midterm/ros_ws/install/midterm_2024_msg' for CMake module files
[2.188s] Level 1:colcon.colcon_core.environment:checking '/home/jisang/midterm/ros_ws/install/midterm_2024_msg' for CMake config files
[2.188s] Level 1:colcon.colcon_core.shell:create_environment_hook('midterm_2024_msg', 'cmake_prefix_path')
[2.205s] INFO:colcon.colcon_core.shell:Creating environment hook '/home/jisang/midterm/ros_ws/install/midterm_2024_msg/share/midterm_2024_msg/hook/cmake_prefix_path.ps1'
[2.206s] INFO:colcon.colcon_core.shell:Creating environment descriptor '/home/jisang/midterm/ros_ws/install/midterm_2024_msg/share/midterm_2024_msg/hook/cmake_prefix_path.dsv'
[2.206s] INFO:colcon.colcon_core.shell:Creating environment hook '/home/jisang/midterm/ros_ws/install/midterm_2024_msg/share/midterm_2024_msg/hook/cmake_prefix_path.sh'
[2.207s] Level 1:colcon.colcon_core.environment:checking '/home/jisang/midterm/ros_ws/install/midterm_2024_msg/lib'
[2.208s] Level 1:colcon.colcon_core.shell:create_environment_hook('midterm_2024_msg', 'ld_library_path_lib')
[2.224s] INFO:colcon.colcon_core.shell:Creating environment hook '/home/jisang/midterm/ros_ws/install/midterm_2024_msg/share/midterm_2024_msg/hook/ld_library_path_lib.ps1'
[2.224s] INFO:colcon.colcon_core.shell:Creating environment descriptor '/home/jisang/midterm/ros_ws/install/midterm_2024_msg/share/midterm_2024_msg/hook/ld_library_path_lib.dsv'
[2.225s] INFO:colcon.colcon_core.shell:Creating environment hook '/home/jisang/midterm/ros_ws/install/midterm_2024_msg/share/midterm_2024_msg/hook/ld_library_path_lib.sh'
[2.225s] Level 1:colcon.colcon_core.environment:checking '/home/jisang/midterm/ros_ws/install/midterm_2024_msg/bin'
[2.225s] Level 1:colcon.colcon_core.environment:checking '/home/jisang/midterm/ros_ws/install/midterm_2024_msg/lib/pkgconfig/midterm_2024_msg.pc'
[2.226s] Level 1:colcon.colcon_core.environment:checking '/home/jisang/midterm/ros_ws/install/midterm_2024_msg/lib/python3.10/site-packages'
[2.226s] Level 1:colcon.colcon_core.environment:checking '/home/jisang/midterm/ros_ws/install/midterm_2024_msg/bin'
[2.243s] INFO:colcon.colcon_core.shell:Creating package script '/home/jisang/midterm/ros_ws/install/midterm_2024_msg/share/midterm_2024_msg/package.ps1'
[2.245s] INFO:colcon.colcon_core.shell:Creating package descriptor '/home/jisang/midterm/ros_ws/install/midterm_2024_msg/share/midterm_2024_msg/package.dsv'
[2.246s] INFO:colcon.colcon_core.shell:Creating package script '/home/jisang/midterm/ros_ws/install/midterm_2024_msg/share/midterm_2024_msg/package.sh'
[2.247s] INFO:colcon.colcon_core.shell:Creating package script '/home/jisang/midterm/ros_ws/install/midterm_2024_msg/share/midterm_2024_msg/package.bash'
[2.247s] INFO:colcon.colcon_core.shell:Creating package script '/home/jisang/midterm/ros_ws/install/midterm_2024_msg/share/midterm_2024_msg/package.zsh'
[2.248s] Level 1:colcon.colcon_core.environment:create_file_with_runtime_dependencies(/home/jisang/midterm/ros_ws/install/midterm_2024_msg/share/colcon-core/packages/midterm_2024_msg)
[2.330s] Level 1:colcon.colcon_core.environment:create_environment_scripts_only(midterm_2024_msg)
[2.349s] Level 1:colcon.colcon_core.environment:checking '/home/jisang/midterm/ros_ws/install/midterm_2024_msg' for CMake module files
[2.350s] Level 1:colcon.colcon_core.environment:checking '/home/jisang/midterm/ros_ws/install/midterm_2024_msg' for CMake config files
[2.351s] Level 1:colcon.colcon_core.shell:create_environment_hook('midterm_2024_msg', 'cmake_prefix_path')
[2.370s] INFO:colcon.colcon_core.shell:Creating environment hook '/home/jisang/midterm/ros_ws/install/midterm_2024_msg/share/midterm_2024_msg/hook/cmake_prefix_path.ps1'
[2.371s] INFO:colcon.colcon_core.shell:Creating environment descriptor '/home/jisang/midterm/ros_ws/install/midterm_2024_msg/share/midterm_2024_msg/hook/cmake_prefix_path.dsv'
[2.371s] INFO:colcon.colcon_core.shell:Creating environment hook '/home/jisang/midterm/ros_ws/install/midterm_2024_msg/share/midterm_2024_msg/hook/cmake_prefix_path.sh'
[2.372s] Level 1:colcon.colcon_core.environment:checking '/home/jisang/midterm/ros_ws/install/midterm_2024_msg/lib'
[2.372s] Level 1:colcon.colcon_core.shell:create_environment_hook('midterm_2024_msg', 'ld_library_path_lib')
[2.391s] INFO:colcon.colcon_core.shell:Creating environment hook '/home/jisang/midterm/ros_ws/install/midterm_2024_msg/share/midterm_2024_msg/hook/ld_library_path_lib.ps1'
[2.392s] INFO:colcon.colcon_core.shell:Creating environment descriptor '/home/jisang/midterm/ros_ws/install/midterm_2024_msg/share/midterm_2024_msg/hook/ld_library_path_lib.dsv'
[2.392s] INFO:colcon.colcon_core.shell:Creating environment hook '/home/jisang/midterm/ros_ws/install/midterm_2024_msg/share/midterm_2024_msg/hook/ld_library_path_lib.sh'
[2.393s] Level 1:colcon.colcon_core.environment:checking '/home/jisang/midterm/ros_ws/install/midterm_2024_msg/bin'
[2.393s] Level 1:colcon.colcon_core.environment:checking '/home/jisang/midterm/ros_ws/install/midterm_2024_msg/lib/pkgconfig/midterm_2024_msg.pc'
[2.393s] Level 1:colcon.colcon_core.environment:checking '/home/jisang/midterm/ros_ws/install/midterm_2024_msg/lib/python3.10/site-packages'
[2.393s] Level 1:colcon.colcon_core.environment:checking '/home/jisang/midterm/ros_ws/install/midterm_2024_msg/bin'
[2.423s] INFO:colcon.colcon_core.shell:Creating package script '/home/jisang/midterm/ros_ws/install/midterm_2024_msg/share/midterm_2024_msg/package.ps1'
[2.424s] INFO:colcon.colcon_core.shell:Creating package descriptor '/home/jisang/midterm/ros_ws/install/midterm_2024_msg/share/midterm_2024_msg/package.dsv'
[2.425s] INFO:colcon.colcon_core.shell:Creating package script '/home/jisang/midterm/ros_ws/install/midterm_2024_msg/share/midterm_2024_msg/package.sh'
[2.425s] INFO:colcon.colcon_core.shell:Creating package script '/home/jisang/midterm/ros_ws/install/midterm_2024_msg/share/midterm_2024_msg/package.bash'
[2.426s] INFO:colcon.colcon_core.shell:Creating package script '/home/jisang/midterm/ros_ws/install/midterm_2024_msg/share/midterm_2024_msg/package.zsh'
[2.426s] Level 1:colcon.colcon_core.environment:create_file_with_runtime_dependencies(/home/jisang/midterm/ros_ws/install/midterm_2024_msg/share/colcon-core/packages/midterm_2024_msg)
[2.427s] INFO:colcon.colcon_ros.task.ament_cmake.build:Building ROS package in '/home/jisang/midterm/ros_ws/src/midterm_2024' with build type 'ament_cmake'
[2.427s] INFO:colcon.colcon_cmake.task.cmake.build:Building CMake package in '/home/jisang/midterm/ros_ws/src/midterm_2024'
[2.448s] INFO:colcon.colcon_core.shell:Skip shell extension 'powershell' for command environment: Not usable outside of PowerShell
[2.448s] DEBUG:colcon.colcon_core.shell:Skip shell extension 'dsv' for command environment
[2.589s] DEBUG:colcon.colcon_core.event_handler.log_command:Invoking command in '/home/jisang/midterm/ros_ws/build/midterm_2024': CMAKE_PREFIX_PATH=/home/jisang/midterm/ros_ws/install/midterm_2024_msg:/home/jisang/midterm/ros_ws/install/midterm_2024:/opt/ros/humble WSLENV=ELECTRON_RUN_AS_NODE/w:WT_SESSION:WT_PROFILE_ID: /usr/bin/cmake --build /home/jisang/midterm/ros_ws/build/midterm_2024 -- -j4 -l4
[8.783s] DEBUG:colcon.colcon_core.event_handler.log_command:Invoked command in '/home/jisang/midterm/ros_ws/build/midterm_2024' returned '2': CMAKE_PREFIX_PATH=/home/jisang/midterm/ros_ws/install/midterm_2024_msg:/home/jisang/midterm/ros_ws/install/midterm_2024:/opt/ros/humble WSLENV=ELECTRON_RUN_AS_NODE/w:WT_SESSION:WT_PROFILE_ID: /usr/bin/cmake --build /home/jisang/midterm/ros_ws/build/midterm_2024 -- -j4 -l4
[8.824s] Level 1:colcon.colcon_core.environment:create_environment_scripts_only(midterm_2024)
[8.839s] Level 1:colcon.colcon_core.environment:checking '/home/jisang/midterm/ros_ws/install/midterm_2024' for CMake module files
[8.839s] Level 1:colcon.colcon_core.environment:checking '/home/jisang/midterm/ros_ws/install/midterm_2024' for CMake config files
[8.840s] Level 1:colcon.colcon_core.shell:create_environment_hook('midterm_2024', 'cmake_prefix_path')
[8.858s] INFO:colcon.colcon_core.shell:Creating environment hook '/home/jisang/midterm/ros_ws/install/midterm_2024/share/midterm_2024/hook/cmake_prefix_path.ps1'
[8.860s] INFO:colcon.colcon_core.shell:Creating environment descriptor '/home/jisang/midterm/ros_ws/install/midterm_2024/share/midterm_2024/hook/cmake_prefix_path.dsv'
[8.861s] INFO:colcon.colcon_core.shell:Creating environment hook '/home/jisang/midterm/ros_ws/install/midterm_2024/share/midterm_2024/hook/cmake_prefix_path.sh'
[8.862s] Level 1:colcon.colcon_core.environment:checking '/home/jisang/midterm/ros_ws/install/midterm_2024/lib'
[8.863s] Level 1:colcon.colcon_core.environment:checking '/home/jisang/midterm/ros_ws/install/midterm_2024/bin'
[8.863s] Level 1:colcon.colcon_core.environment:checking '/home/jisang/midterm/ros_ws/install/midterm_2024/lib/pkgconfig/midterm_2024.pc'
[8.863s] Level 1:colcon.colcon_core.environment:checking '/home/jisang/midterm/ros_ws/install/midterm_2024/lib/python3.10/site-packages'
[8.864s] Level 1:colcon.colcon_core.environment:checking '/home/jisang/midterm/ros_ws/install/midterm_2024/bin'
[8.880s] INFO:colcon.colcon_core.shell:Creating package script '/home/jisang/midterm/ros_ws/install/midterm_2024/share/midterm_2024/package.ps1'
[8.881s] INFO:colcon.colcon_core.shell:Creating package descriptor '/home/jisang/midterm/ros_ws/install/midterm_2024/share/midterm_2024/package.dsv'
[8.881s] INFO:colcon.colcon_core.shell:Creating package script '/home/jisang/midterm/ros_ws/install/midterm_2024/share/midterm_2024/package.sh'
[8.882s] INFO:colcon.colcon_core.shell:Creating package script '/home/jisang/midterm/ros_ws/install/midterm_2024/share/midterm_2024/package.bash'
[8.883s] INFO:colcon.colcon_core.shell:Creating package script '/home/jisang/midterm/ros_ws/install/midterm_2024/share/midterm_2024/package.zsh'
[8.883s] Level 1:colcon.colcon_core.environment:create_file_with_runtime_dependencies(/home/jisang/midterm/ros_ws/install/midterm_2024/share/colcon-core/packages/midterm_2024)
[8.894s] DEBUG:colcon.colcon_parallel_executor.executor.parallel:closing loop
[8.894s] DEBUG:colcon.colcon_parallel_executor.executor.parallel:loop closed
[8.895s] DEBUG:colcon.colcon_parallel_executor.executor.parallel:run_until_complete finished with '2'
[8.895s] DEBUG:colcon.colcon_core.event_reactor:joining thread
[8.971s] INFO:colcon.colcon_core.plugin_system:Skipping extension 'colcon_notification.desktop_notification.notify_send': Could not find 'notify-send'
[8.971s] INFO:colcon.colcon_core.plugin_system:Skipping extension 'colcon_notification.desktop_notification.terminal_notifier': Not used on non-Darwin systems
[8.971s] INFO:colcon.colcon_core.plugin_system:Skipping extension 'colcon_notification.desktop_notification.win32': Not used on non-Windows systems
[8.971s] INFO:colcon.colcon_notification.desktop_notification:Sending desktop notification using 'notify2'
[138.539s] DEBUG:colcon.colcon_notification.desktop_notification.notify2:Failed to initialize notify2: org.freedesktop.DBus.Error.Spawn.ExecFailed: /usr/bin/dbus-launch terminated abnormally with the following error: Autolaunch error: X11 initialization failed.

[138.540s] DEBUG:colcon.colcon_core.event_reactor:joined thread
[138.559s] INFO:colcon.colcon_core.shell:Creating prefix script '/home/jisang/midterm/ros_ws/install/local_setup.ps1'
[138.560s] INFO:colcon.colcon_core.shell:Creating prefix util module '/home/jisang/midterm/ros_ws/install/_local_setup_util_ps1.py'
[138.561s] INFO:colcon.colcon_core.shell:Creating prefix chain script '/home/jisang/midterm/ros_ws/install/setup.ps1'
[138.577s] INFO:colcon.colcon_core.shell:Creating prefix script '/home/jisang/midterm/ros_ws/install/local_setup.sh'
[138.578s] INFO:colcon.colcon_core.shell:Creating prefix util module '/home/jisang/midterm/ros_ws/install/_local_setup_util_sh.py'
[138.578s] INFO:colcon.colcon_core.shell:Creating prefix chain script '/home/jisang/midterm/ros_ws/install/setup.sh'
[138.594s] INFO:colcon.colcon_core.shell:Creating prefix script '/home/jisang/midterm/ros_ws/install/local_setup.bash'
[138.595s] INFO:colcon.colcon_core.shell:Creating prefix chain script '/home/jisang/midterm/ros_ws/install/setup.bash'
[138.611s] INFO:colcon.colcon_core.shell:Creating prefix script '/home/jisang/midterm/ros_ws/install/local_setup.zsh'
[138.612s] INFO:colcon.colcon_core.shell:Creating prefix chain script '/home/jisang/midterm/ros_ws/install/setup.zsh'
