-- The C compiler identification is GNU 11.4.0
-- The CXX compiler identification is GNU 11.4.0
-- Detecting C compiler ABI info
-- Detecting C compiler ABI info - done
-- Check for working C compiler: /usr/bin/cc - skipped
-- Detecting C compile features
-- Detecting C compile features - done
-- Detecting CXX compiler ABI info
-- Detecting CXX compiler ABI info - done
-- Check for working CXX compiler: /usr/bin/c++ - skipped
-- Detecting CXX compile features
-- Detecting CXX compile features - done
-- Found ament_cmake: 1.3.8 (/opt/ros/humble/share/ament_cmake/cmake)
-- Found Python3: /usr/bin/python3 (found version "3.10.12") found components: Interpreter 
-- Found rosidl_default_generators: 1.2.0 (/opt/ros/humble/share/rosidl_default_generators/cmake)
-- Using all available rosidl_typesupport_c: rosidl_typesupport_fastrtps_c;rosidl_typesupport_introspection_c
-- Found rosidl_adapter: 3.1.5 (/opt/ros/humble/share/rosidl_adapter/cmake)
-- Using all available rosidl_typesupport_cpp: rosidl_typesupport_fastrtps_cpp;rosidl_typesupport_introspection_cpp
-- Found geometry_msgs: 4.2.3 (/opt/ros/humble/share/geometry_msgs/cmake)
-- Found ament_cmake_ros: 0.10.0 (/opt/ros/humble/share/ament_cmake_ros/cmake)
-- Using all available rosidl_typesupport_c: rosidl_typesupport_fastrtps_c;rosidl_typesupport_introspection_c
-- Using all available rosidl_typesupport_cpp: rosidl_typesupport_fastrtps_cpp;rosidl_typesupport_introspection_cpp
-- Found PythonInterp: /usr/bin/python3 (found suitable version "3.10.12", minimum required is "3.6") 
-- Found python_cmake_module: 0.10.0 (/opt/ros/humble/share/python_cmake_module/cmake)
-- Found PythonLibs: /usr/lib/x86_64-linux-gnu/libpython3.10.so (found suitable version "3.10.12", minimum required is "3.5") 
-- Using PYTHON_EXECUTABLE: /usr/bin/python3
-- Using PYTHON_INCLUDE_DIRS: /usr/include/python3.10
-- Using PYTHON_LIBRARIES: /usr/lib/x86_64-linux-gnu/libpython3.10.so
-- Found PythonExtra: .so  
-- Found ament_lint_auto: 0.12.10 (/opt/ros/humble/share/ament_lint_auto/cmake)
-- Added test 'copyright' to check source files copyright and LICENSE
-- Added test 'lint_cmake' to check CMake code style
-- Added test 'xmllint' to check XML markup files
-- Configuring done
-- Generating done
-- Build files have been written to: /home/jisang/midterm/ros_ws/build/midterm_2024_msg
[  3%] [34m[1mGenerating C code for ROS interfaces[0m
[  6%] [34m[1mGenerating C++ code for ROS interfaces[0m
[  6%] Built target ament_cmake_python_copy_midterm_2024_msg
running egg_info
creating midterm_2024_msg.egg-info
writing midterm_2024_msg.egg-info/PKG-INFO
writing dependency_links to midterm_2024_msg.egg-info/dependency_links.txt
writing top-level names to midterm_2024_msg.egg-info/top_level.txt
writing manifest file 'midterm_2024_msg.egg-info/SOURCES.txt'
[  6%] Built target midterm_2024_msg__cpp
reading manifest file 'midterm_2024_msg.egg-info/SOURCES.txt'
writing manifest file 'midterm_2024_msg.egg-info/SOURCES.txt'
[ 12%] [34m[1mGenerating C++ type support for eProsima Fast-RTPS[0m
[ 12%] [34m[1mGenerating C++ type support dispatch for ROS interfaces[0m
[ 16%] [32mBuilding C object CMakeFiles/midterm_2024_msg__rosidl_generator_c.dir/rosidl_generator_c/midterm_2024_msg/msg/detail/midterm__functions.c.o[0m
[ 16%] Built target ament_cmake_python_build_midterm_2024_msg_egg
[ 19%] [34m[1mGenerating C++ introspection for ROS interfaces[0m
[ 22%] [32m[1mLinking C shared library libmidterm_2024_msg__rosidl_generator_c.so[0m
[ 22%] Built target midterm_2024_msg__rosidl_generator_c
[ 25%] [34m[1mGenerating C type support for eProsima Fast-RTPS[0m
[ 29%] [32mBuilding CXX object CMakeFiles/midterm_2024_msg__rosidl_typesupport_cpp.dir/rosidl_typesupport_cpp/midterm_2024_msg/msg/midterm__type_support.cpp.o[0m
[ 32%] [32mBuilding CXX object CMakeFiles/midterm_2024_msg__rosidl_typesupport_fastrtps_cpp.dir/rosidl_typesupport_fastrtps_cpp/midterm_2024_msg/msg/detail/dds_fastrtps/midterm__type_support.cpp.o[0m
[ 35%] [32mBuilding CXX object CMakeFiles/midterm_2024_msg__rosidl_typesupport_introspection_cpp.dir/rosidl_typesupport_introspection_cpp/midterm_2024_msg/msg/detail/midterm__type_support.cpp.o[0m
[ 38%] [32mBuilding CXX object CMakeFiles/midterm_2024_msg__rosidl_typesupport_fastrtps_c.dir/rosidl_typesupport_fastrtps_c/midterm_2024_msg/msg/detail/midterm__type_support_c.cpp.o[0m
[ 41%] [32m[1mLinking CXX shared library libmidterm_2024_msg__rosidl_typesupport_cpp.so[0m
[ 41%] Built target midterm_2024_msg__rosidl_typesupport_cpp
[ 45%] [34m[1mGenerating C introspection for ROS interfaces[0m
[ 48%] [32m[1mLinking CXX shared library libmidterm_2024_msg__rosidl_typesupport_fastrtps_cpp.so[0m
[ 51%] [32m[1mLinking CXX shared library libmidterm_2024_msg__rosidl_typesupport_introspection_cpp.so[0m
[ 54%] [32m[1mLinking CXX shared library libmidterm_2024_msg__rosidl_typesupport_fastrtps_c.so[0m
[ 54%] Built target midterm_2024_msg__rosidl_typesupport_introspection_cpp
[ 58%] [34m[1mGenerating C type support dispatch for ROS interfaces[0m
[ 58%] Built target midterm_2024_msg__rosidl_typesupport_fastrtps_cpp
[ 61%] [32mBuilding C object CMakeFiles/midterm_2024_msg__rosidl_typesupport_introspection_c.dir/rosidl_typesupport_introspection_c/midterm_2024_msg/msg/detail/midterm__type_support.c.o[0m
[ 64%] [32m[1mLinking C shared library libmidterm_2024_msg__rosidl_typesupport_introspection_c.so[0m
[ 64%] Built target midterm_2024_msg__rosidl_typesupport_fastrtps_c
[ 64%] Built target midterm_2024_msg__rosidl_typesupport_introspection_c
[ 67%] [32mBuilding CXX object CMakeFiles/midterm_2024_msg__rosidl_typesupport_c.dir/rosidl_typesupport_c/midterm_2024_msg/msg/midterm__type_support.cpp.o[0m
[ 70%] [32m[1mLinking CXX shared library libmidterm_2024_msg__rosidl_typesupport_c.so[0m
[ 70%] Built target midterm_2024_msg__rosidl_typesupport_c
[ 70%] Built target midterm_2024_msg
[ 74%] [34m[1mGenerating Python code for ROS interfaces[0m
[ 74%] Built target midterm_2024_msg__py
[ 77%] [32mBuilding C object CMakeFiles/midterm_2024_msg__rosidl_generator_py.dir/rosidl_generator_py/midterm_2024_msg/msg/_midterm_s.c.o[0m
[ 80%] [32m[1mLinking C shared library rosidl_generator_py/midterm_2024_msg/libmidterm_2024_msg__rosidl_generator_py.so[0m
[ 80%] Built target midterm_2024_msg__rosidl_generator_py
[ 90%] [32mBuilding C object CMakeFiles/midterm_2024_msg__rosidl_typesupport_introspection_c__pyext.dir/rosidl_generator_py/midterm_2024_msg/_midterm_2024_msg_s.ep.rosidl_typesupport_introspection_c.c.o[0m
[ 90%] [32mBuilding C object CMakeFiles/midterm_2024_msg__rosidl_typesupport_fastrtps_c__pyext.dir/rosidl_generator_py/midterm_2024_msg/_midterm_2024_msg_s.ep.rosidl_typesupport_fastrtps_c.c.o[0m
[ 90%] [32mBuilding C object CMakeFiles/midterm_2024_msg__rosidl_typesupport_c__pyext.dir/rosidl_generator_py/midterm_2024_msg/_midterm_2024_msg_s.ep.rosidl_typesupport_c.c.o[0m
[100%] [32m[1mLinking C shared library rosidl_generator_py/midterm_2024_msg/midterm_2024_msg_s__rosidl_typesupport_fastrtps_c.cpython-310-x86_64-linux-gnu.so[0m
[100%] [32m[1mLinking C shared library rosidl_generator_py/midterm_2024_msg/midterm_2024_msg_s__rosidl_typesupport_c.cpython-310-x86_64-linux-gnu.so[0m
[100%] [32m[1mLinking C shared library rosidl_generator_py/midterm_2024_msg/midterm_2024_msg_s__rosidl_typesupport_introspection_c.cpython-310-x86_64-linux-gnu.so[0m
[100%] Built target midterm_2024_msg__rosidl_typesupport_fastrtps_c__pyext
[100%] Built target midterm_2024_msg__rosidl_typesupport_introspection_c__pyext
[100%] Built target midterm_2024_msg__rosidl_typesupport_c__pyext
-- Install configuration: ""
-- Installing: /home/jisang/midterm/ros_ws/install/midterm_2024_msg/share/ament_index/resource_index/rosidl_interfaces/midterm_2024_msg
-- Installing: /home/jisang/midterm/ros_ws/install/midterm_2024_msg/include/midterm_2024_msg/midterm_2024_msg
-- Installing: /home/jisang/midterm/ros_ws/install/midterm_2024_msg/include/midterm_2024_msg/midterm_2024_msg/msg
-- Installing: /home/jisang/midterm/ros_ws/install/midterm_2024_msg/include/midterm_2024_msg/midterm_2024_msg/msg/midterm.h
-- Installing: /home/jisang/midterm/ros_ws/install/midterm_2024_msg/include/midterm_2024_msg/midterm_2024_msg/msg/rosidl_generator_c__visibility_control.h
-- Installing: /home/jisang/midterm/ros_ws/install/midterm_2024_msg/include/midterm_2024_msg/midterm_2024_msg/msg/detail
-- Installing: /home/jisang/midterm/ros_ws/install/midterm_2024_msg/include/midterm_2024_msg/midterm_2024_msg/msg/detail/midterm__type_support.h
-- Installing: /home/jisang/midterm/ros_ws/install/midterm_2024_msg/include/midterm_2024_msg/midterm_2024_msg/msg/detail/midterm__functions.h
-- Installing: /home/jisang/midterm/ros_ws/install/midterm_2024_msg/include/midterm_2024_msg/midterm_2024_msg/msg/detail/midterm__struct.h
-- Installing: /home/jisang/midterm/ros_ws/install/midterm_2024_msg/include/midterm_2024_msg/midterm_2024_msg/msg/detail/midterm__functions.c
-- Installing: /home/jisang/midterm/ros_ws/install/midterm_2024_msg/share/midterm_2024_msg/environment/library_path.sh
-- Installing: /home/jisang/midterm/ros_ws/install/midterm_2024_msg/share/midterm_2024_msg/environment/library_path.dsv
-- Installing: /home/jisang/midterm/ros_ws/install/midterm_2024_msg/lib/libmidterm_2024_msg__rosidl_generator_c.so
-- Set runtime path of "/home/jisang/midterm/ros_ws/install/midterm_2024_msg/lib/libmidterm_2024_msg__rosidl_generator_c.so" to ""
-- Up-to-date: /home/jisang/midterm/ros_ws/install/midterm_2024_msg/include/midterm_2024_msg/midterm_2024_msg
-- Up-to-date: /home/jisang/midterm/ros_ws/install/midterm_2024_msg/include/midterm_2024_msg/midterm_2024_msg/msg
-- Installing: /home/jisang/midterm/ros_ws/install/midterm_2024_msg/include/midterm_2024_msg/midterm_2024_msg/msg/rosidl_typesupport_fastrtps_c__visibility_control.h
-- Up-to-date: /home/jisang/midterm/ros_ws/install/midterm_2024_msg/include/midterm_2024_msg/midterm_2024_msg/msg/detail
-- Installing: /home/jisang/midterm/ros_ws/install/midterm_2024_msg/include/midterm_2024_msg/midterm_2024_msg/msg/detail/midterm__rosidl_typesupport_fastrtps_c.h
-- Installing: /home/jisang/midterm/ros_ws/install/midterm_2024_msg/lib/libmidterm_2024_msg__rosidl_typesupport_fastrtps_c.so
-- Set runtime path of "/home/jisang/midterm/ros_ws/install/midterm_2024_msg/lib/libmidterm_2024_msg__rosidl_typesupport_fastrtps_c.so" to ""
-- Up-to-date: /home/jisang/midterm/ros_ws/install/midterm_2024_msg/include/midterm_2024_msg/midterm_2024_msg
-- Up-to-date: /home/jisang/midterm/ros_ws/install/midterm_2024_msg/include/midterm_2024_msg/midterm_2024_msg/msg
-- Installing: /home/jisang/midterm/ros_ws/install/midterm_2024_msg/include/midterm_2024_msg/midterm_2024_msg/msg/rosidl_typesupport_introspection_c__visibility_control.h
-- Up-to-date: /home/jisang/midterm/ros_ws/install/midterm_2024_msg/include/midterm_2024_msg/midterm_2024_msg/msg/detail
-- Installing: /home/jisang/midterm/ros_ws/install/midterm_2024_msg/include/midterm_2024_msg/midterm_2024_msg/msg/detail/midterm__rosidl_typesupport_introspection_c.h
-- Installing: /home/jisang/midterm/ros_ws/install/midterm_2024_msg/include/midterm_2024_msg/midterm_2024_msg/msg/detail/midterm__type_support.c
-- Installing: /home/jisang/midterm/ros_ws/install/midterm_2024_msg/lib/libmidterm_2024_msg__rosidl_typesupport_introspection_c.so
-- Set runtime path of "/home/jisang/midterm/ros_ws/install/midterm_2024_msg/lib/libmidterm_2024_msg__rosidl_typesupport_introspection_c.so" to ""
-- Installing: /home/jisang/midterm/ros_ws/install/midterm_2024_msg/lib/libmidterm_2024_msg__rosidl_typesupport_c.so
-- Set runtime path of "/home/jisang/midterm/ros_ws/install/midterm_2024_msg/lib/libmidterm_2024_msg__rosidl_typesupport_c.so" to ""
-- Up-to-date: /home/jisang/midterm/ros_ws/install/midterm_2024_msg/include/midterm_2024_msg/midterm_2024_msg
-- Up-to-date: /home/jisang/midterm/ros_ws/install/midterm_2024_msg/include/midterm_2024_msg/midterm_2024_msg/msg
-- Installing: /home/jisang/midterm/ros_ws/install/midterm_2024_msg/include/midterm_2024_msg/midterm_2024_msg/msg/midterm.hpp
-- Up-to-date: /home/jisang/midterm/ros_ws/install/midterm_2024_msg/include/midterm_2024_msg/midterm_2024_msg/msg/detail
-- Installing: /home/jisang/midterm/ros_ws/install/midterm_2024_msg/include/midterm_2024_msg/midterm_2024_msg/msg/detail/midterm__builder.hpp
-- Installing: /home/jisang/midterm/ros_ws/install/midterm_2024_msg/include/midterm_2024_msg/midterm_2024_msg/msg/detail/midterm__struct.hpp
-- Installing: /home/jisang/midterm/ros_ws/install/midterm_2024_msg/include/midterm_2024_msg/midterm_2024_msg/msg/detail/midterm__traits.hpp
-- Up-to-date: /home/jisang/midterm/ros_ws/install/midterm_2024_msg/include/midterm_2024_msg/midterm_2024_msg
-- Up-to-date: /home/jisang/midterm/ros_ws/install/midterm_2024_msg/include/midterm_2024_msg/midterm_2024_msg/msg
-- Installing: /home/jisang/midterm/ros_ws/install/midterm_2024_msg/include/midterm_2024_msg/midterm_2024_msg/msg/rosidl_typesupport_fastrtps_cpp__visibility_control.h
-- Up-to-date: /home/jisang/midterm/ros_ws/install/midterm_2024_msg/include/midterm_2024_msg/midterm_2024_msg/msg/detail
-- Installing: /home/jisang/midterm/ros_ws/install/midterm_2024_msg/include/midterm_2024_msg/midterm_2024_msg/msg/detail/midterm__rosidl_typesupport_fastrtps_cpp.hpp
-- Installing: /home/jisang/midterm/ros_ws/install/midterm_2024_msg/include/midterm_2024_msg/midterm_2024_msg/msg/detail/dds_fastrtps
-- Installing: /home/jisang/midterm/ros_ws/install/midterm_2024_msg/lib/libmidterm_2024_msg__rosidl_typesupport_fastrtps_cpp.so
-- Set runtime path of "/home/jisang/midterm/ros_ws/install/midterm_2024_msg/lib/libmidterm_2024_msg__rosidl_typesupport_fastrtps_cpp.so" to ""
-- Up-to-date: /home/jisang/midterm/ros_ws/install/midterm_2024_msg/include/midterm_2024_msg/midterm_2024_msg
-- Up-to-date: /home/jisang/midterm/ros_ws/install/midterm_2024_msg/include/midterm_2024_msg/midterm_2024_msg/msg
-- Up-to-date: /home/jisang/midterm/ros_ws/install/midterm_2024_msg/include/midterm_2024_msg/midterm_2024_msg/msg/detail
-- Installing: /home/jisang/midterm/ros_ws/install/midterm_2024_msg/include/midterm_2024_msg/midterm_2024_msg/msg/detail/midterm__rosidl_typesupport_introspection_cpp.hpp
-- Installing: /home/jisang/midterm/ros_ws/install/midterm_2024_msg/include/midterm_2024_msg/midterm_2024_msg/msg/detail/midterm__type_support.cpp
-- Installing: /home/jisang/midterm/ros_ws/install/midterm_2024_msg/lib/libmidterm_2024_msg__rosidl_typesupport_introspection_cpp.so
-- Set runtime path of "/home/jisang/midterm/ros_ws/install/midterm_2024_msg/lib/libmidterm_2024_msg__rosidl_typesupport_introspection_cpp.so" to ""
-- Installing: /home/jisang/midterm/ros_ws/install/midterm_2024_msg/lib/libmidterm_2024_msg__rosidl_typesupport_cpp.so
-- Set runtime path of "/home/jisang/midterm/ros_ws/install/midterm_2024_msg/lib/libmidterm_2024_msg__rosidl_typesupport_cpp.so" to ""
-- Installing: /home/jisang/midterm/ros_ws/install/midterm_2024_msg/share/midterm_2024_msg/environment/pythonpath.sh
-- Installing: /home/jisang/midterm/ros_ws/install/midterm_2024_msg/share/midterm_2024_msg/environment/pythonpath.dsv
-- Installing: /home/jisang/midterm/ros_ws/install/midterm_2024_msg/local/lib/python3.10/dist-packages/midterm_2024_msg-0.0.0-py3.10.egg-info
-- Installing: /home/jisang/midterm/ros_ws/install/midterm_2024_msg/local/lib/python3.10/dist-packages/midterm_2024_msg-0.0.0-py3.10.egg-info/top_level.txt
-- Installing: /home/jisang/midterm/ros_ws/install/midterm_2024_msg/local/lib/python3.10/dist-packages/midterm_2024_msg-0.0.0-py3.10.egg-info/dependency_links.txt
-- Installing: /home/jisang/midterm/ros_ws/install/midterm_2024_msg/local/lib/python3.10/dist-packages/midterm_2024_msg-0.0.0-py3.10.egg-info/SOURCES.txt
-- Installing: /home/jisang/midterm/ros_ws/install/midterm_2024_msg/local/lib/python3.10/dist-packages/midterm_2024_msg-0.0.0-py3.10.egg-info/PKG-INFO
-- Installing: /home/jisang/midterm/ros_ws/install/midterm_2024_msg/local/lib/python3.10/dist-packages/midterm_2024_msg
-- Installing: /home/jisang/midterm/ros_ws/install/midterm_2024_msg/local/lib/python3.10/dist-packages/midterm_2024_msg/midterm_2024_msg_s__rosidl_typesupport_introspection_c.cpython-310-x86_64-linux-gnu.so
-- Installing: /home/jisang/midterm/ros_ws/install/midterm_2024_msg/local/lib/python3.10/dist-packages/midterm_2024_msg/midterm_2024_msg_s__rosidl_typesupport_fastrtps_c.cpython-310-x86_64-linux-gnu.so
-- Installing: /home/jisang/midterm/ros_ws/install/midterm_2024_msg/local/lib/python3.10/dist-packages/midterm_2024_msg/libmidterm_2024_msg__rosidl_generator_py.so
-- Installing: /home/jisang/midterm/ros_ws/install/midterm_2024_msg/local/lib/python3.10/dist-packages/midterm_2024_msg/_midterm_2024_msg_s.ep.rosidl_typesupport_introspection_c.c
-- Installing: /home/jisang/midterm/ros_ws/install/midterm_2024_msg/local/lib/python3.10/dist-packages/midterm_2024_msg/msg
-- Installing: /home/jisang/midterm/ros_ws/install/midterm_2024_msg/local/lib/python3.10/dist-packages/midterm_2024_msg/msg/_midterm.py
-- Installing: /home/jisang/midterm/ros_ws/install/midterm_2024_msg/local/lib/python3.10/dist-packages/midterm_2024_msg/msg/_midterm_s.c
-- Installing: /home/jisang/midterm/ros_ws/install/midterm_2024_msg/local/lib/python3.10/dist-packages/midterm_2024_msg/msg/__init__.py
-- Installing: /home/jisang/midterm/ros_ws/install/midterm_2024_msg/local/lib/python3.10/dist-packages/midterm_2024_msg/_midterm_2024_msg_s.ep.rosidl_typesupport_c.c
-- Installing: /home/jisang/midterm/ros_ws/install/midterm_2024_msg/local/lib/python3.10/dist-packages/midterm_2024_msg/_midterm_2024_msg_s.ep.rosidl_typesupport_fastrtps_c.c
-- Installing: /home/jisang/midterm/ros_ws/install/midterm_2024_msg/local/lib/python3.10/dist-packages/midterm_2024_msg/midterm_2024_msg_s__rosidl_typesupport_c.cpython-310-x86_64-linux-gnu.so
-- Installing: /home/jisang/midterm/ros_ws/install/midterm_2024_msg/local/lib/python3.10/dist-packages/midterm_2024_msg/__init__.py
Listing '/home/jisang/midterm/ros_ws/install/midterm_2024_msg/local/lib/python3.10/dist-packages/midterm_2024_msg'...
Compiling '/home/jisang/midterm/ros_ws/install/midterm_2024_msg/local/lib/python3.10/dist-packages/midterm_2024_msg/__init__.py'...
Listing '/home/jisang/midterm/ros_ws/install/midterm_2024_msg/local/lib/python3.10/dist-packages/midterm_2024_msg/msg'...
Compiling '/home/jisang/midterm/ros_ws/install/midterm_2024_msg/local/lib/python3.10/dist-packages/midterm_2024_msg/msg/__init__.py'...
Compiling '/home/jisang/midterm/ros_ws/install/midterm_2024_msg/local/lib/python3.10/dist-packages/midterm_2024_msg/msg/_midterm.py'...
-- Installing: /home/jisang/midterm/ros_ws/install/midterm_2024_msg/local/lib/python3.10/dist-packages/midterm_2024_msg/midterm_2024_msg_s__rosidl_typesupport_fastrtps_c.cpython-310-x86_64-linux-gnu.so
-- Set runtime path of "/home/jisang/midterm/ros_ws/install/midterm_2024_msg/local/lib/python3.10/dist-packages/midterm_2024_msg/midterm_2024_msg_s__rosidl_typesupport_fastrtps_c.cpython-310-x86_64-linux-gnu.so" to ""
-- Installing: /home/jisang/midterm/ros_ws/install/midterm_2024_msg/local/lib/python3.10/dist-packages/midterm_2024_msg/midterm_2024_msg_s__rosidl_typesupport_introspection_c.cpython-310-x86_64-linux-gnu.so
-- Set runtime path of "/home/jisang/midterm/ros_ws/install/midterm_2024_msg/local/lib/python3.10/dist-packages/midterm_2024_msg/midterm_2024_msg_s__rosidl_typesupport_introspection_c.cpython-310-x86_64-linux-gnu.so" to ""
-- Installing: /home/jisang/midterm/ros_ws/install/midterm_2024_msg/local/lib/python3.10/dist-packages/midterm_2024_msg/midterm_2024_msg_s__rosidl_typesupport_c.cpython-310-x86_64-linux-gnu.so
-- Set runtime path of "/home/jisang/midterm/ros_ws/install/midterm_2024_msg/local/lib/python3.10/dist-packages/midterm_2024_msg/midterm_2024_msg_s__rosidl_typesupport_c.cpython-310-x86_64-linux-gnu.so" to ""
-- Installing: /home/jisang/midterm/ros_ws/install/midterm_2024_msg/lib/libmidterm_2024_msg__rosidl_generator_py.so
-- Set runtime path of "/home/jisang/midterm/ros_ws/install/midterm_2024_msg/lib/libmidterm_2024_msg__rosidl_generator_py.so" to ""
-- Installing: /home/jisang/midterm/ros_ws/install/midterm_2024_msg/share/midterm_2024_msg/msg/Midterm.idl
-- Installing: /home/jisang/midterm/ros_ws/install/midterm_2024_msg/share/midterm_2024_msg/msg/Midterm.msg
-- Installing: /home/jisang/midterm/ros_ws/install/midterm_2024_msg/share/ament_index/resource_index/package_run_dependencies/midterm_2024_msg
-- Installing: /home/jisang/midterm/ros_ws/install/midterm_2024_msg/share/ament_index/resource_index/parent_prefix_path/midterm_2024_msg
-- Installing: /home/jisang/midterm/ros_ws/install/midterm_2024_msg/share/midterm_2024_msg/environment/ament_prefix_path.sh
-- Installing: /home/jisang/midterm/ros_ws/install/midterm_2024_msg/share/midterm_2024_msg/environment/ament_prefix_path.dsv
-- Installing: /home/jisang/midterm/ros_ws/install/midterm_2024_msg/share/midterm_2024_msg/environment/path.sh
-- Installing: /home/jisang/midterm/ros_ws/install/midterm_2024_msg/share/midterm_2024_msg/environment/path.dsv
-- Installing: /home/jisang/midterm/ros_ws/install/midterm_2024_msg/share/midterm_2024_msg/local_setup.bash
-- Installing: /home/jisang/midterm/ros_ws/install/midterm_2024_msg/share/midterm_2024_msg/local_setup.sh
-- Installing: /home/jisang/midterm/ros_ws/install/midterm_2024_msg/share/midterm_2024_msg/local_setup.zsh
-- Installing: /home/jisang/midterm/ros_ws/install/midterm_2024_msg/share/midterm_2024_msg/local_setup.dsv
-- Installing: /home/jisang/midterm/ros_ws/install/midterm_2024_msg/share/midterm_2024_msg/package.dsv
-- Installing: /home/jisang/midterm/ros_ws/install/midterm_2024_msg/share/ament_index/resource_index/packages/midterm_2024_msg
-- Installing: /home/jisang/midterm/ros_ws/install/midterm_2024_msg/share/midterm_2024_msg/cmake/export_midterm_2024_msg__rosidl_generator_cExport.cmake
-- Installing: /home/jisang/midterm/ros_ws/install/midterm_2024_msg/share/midterm_2024_msg/cmake/export_midterm_2024_msg__rosidl_generator_cExport-noconfig.cmake
-- Installing: /home/jisang/midterm/ros_ws/install/midterm_2024_msg/share/midterm_2024_msg/cmake/export_midterm_2024_msg__rosidl_typesupport_fastrtps_cExport.cmake
-- Installing: /home/jisang/midterm/ros_ws/install/midterm_2024_msg/share/midterm_2024_msg/cmake/export_midterm_2024_msg__rosidl_typesupport_fastrtps_cExport-noconfig.cmake
-- Installing: /home/jisang/midterm/ros_ws/install/midterm_2024_msg/share/midterm_2024_msg/cmake/midterm_2024_msg__rosidl_typesupport_introspection_cExport.cmake
-- Installing: /home/jisang/midterm/ros_ws/install/midterm_2024_msg/share/midterm_2024_msg/cmake/midterm_2024_msg__rosidl_typesupport_introspection_cExport-noconfig.cmake
-- Installing: /home/jisang/midterm/ros_ws/install/midterm_2024_msg/share/midterm_2024_msg/cmake/midterm_2024_msg__rosidl_typesupport_cExport.cmake
-- Installing: /home/jisang/midterm/ros_ws/install/midterm_2024_msg/share/midterm_2024_msg/cmake/midterm_2024_msg__rosidl_typesupport_cExport-noconfig.cmake
-- Installing: /home/jisang/midterm/ros_ws/install/midterm_2024_msg/share/midterm_2024_msg/cmake/export_midterm_2024_msg__rosidl_generator_cppExport.cmake
-- Installing: /home/jisang/midterm/ros_ws/install/midterm_2024_msg/share/midterm_2024_msg/cmake/export_midterm_2024_msg__rosidl_typesupport_fastrtps_cppExport.cmake
-- Installing: /home/jisang/midterm/ros_ws/install/midterm_2024_msg/share/midterm_2024_msg/cmake/export_midterm_2024_msg__rosidl_typesupport_fastrtps_cppExport-noconfig.cmake
-- Installing: /home/jisang/midterm/ros_ws/install/midterm_2024_msg/share/midterm_2024_msg/cmake/midterm_2024_msg__rosidl_typesupport_introspection_cppExport.cmake
-- Installing: /home/jisang/midterm/ros_ws/install/midterm_2024_msg/share/midterm_2024_msg/cmake/midterm_2024_msg__rosidl_typesupport_introspection_cppExport-noconfig.cmake
-- Installing: /home/jisang/midterm/ros_ws/install/midterm_2024_msg/share/midterm_2024_msg/cmake/midterm_2024_msg__rosidl_typesupport_cppExport.cmake
-- Installing: /home/jisang/midterm/ros_ws/install/midterm_2024_msg/share/midterm_2024_msg/cmake/midterm_2024_msg__rosidl_typesupport_cppExport-noconfig.cmake
-- Installing: /home/jisang/midterm/ros_ws/install/midterm_2024_msg/share/midterm_2024_msg/cmake/export_midterm_2024_msg__rosidl_generator_pyExport.cmake
-- Installing: /home/jisang/midterm/ros_ws/install/midterm_2024_msg/share/midterm_2024_msg/cmake/export_midterm_2024_msg__rosidl_generator_pyExport-noconfig.cmake
-- Installing: /home/jisang/midterm/ros_ws/install/midterm_2024_msg/share/midterm_2024_msg/cmake/rosidl_cmake-extras.cmake
-- Installing: /home/jisang/midterm/ros_ws/install/midterm_2024_msg/share/midterm_2024_msg/cmake/ament_cmake_export_dependencies-extras.cmake
-- Installing: /home/jisang/midterm/ros_ws/install/midterm_2024_msg/share/midterm_2024_msg/cmake/ament_cmake_export_include_directories-extras.cmake
-- Installing: /home/jisang/midterm/ros_ws/install/midterm_2024_msg/share/midterm_2024_msg/cmake/ament_cmake_export_libraries-extras.cmake
-- Installing: /home/jisang/midterm/ros_ws/install/midterm_2024_msg/share/midterm_2024_msg/cmake/ament_cmake_export_targets-extras.cmake
-- Installing: /home/jisang/midterm/ros_ws/install/midterm_2024_msg/share/midterm_2024_msg/cmake/rosidl_cmake_export_typesupport_targets-extras.cmake
-- Installing: /home/jisang/midterm/ros_ws/install/midterm_2024_msg/share/midterm_2024_msg/cmake/rosidl_cmake_export_typesupport_libraries-extras.cmake
-- Installing: /home/jisang/midterm/ros_ws/install/midterm_2024_msg/share/midterm_2024_msg/cmake/midterm_2024_msgConfig.cmake
-- Installing: /home/jisang/midterm/ros_ws/install/midterm_2024_msg/share/midterm_2024_msg/cmake/midterm_2024_msgConfig-version.cmake
-- Installing: /home/jisang/midterm/ros_ws/install/midterm_2024_msg/share/midterm_2024_msg/package.xml
