[1.210s] DEBUG:colcon:Command line arguments: ['/usr/bin/colcon', 'build']
[1.210s] DEBUG:colcon:Parsed command line arguments: Namespace(log_base=None, log_level=None, verb_name='build', build_base='build', install_base='install', merge_install=False, symlink_install=False, test_result_base=None, continue_on_error=False, executor='parallel', parallel_workers=4, event_handlers=None, ignore_user_meta=False, metas=['./colcon.meta'], base_paths=['.'], packages_ignore=None, packages_ignore_regex=None, paths=None, packages_up_to=None, packages_up_to_regex=None, packages_above=None, packages_above_and_dependencies=None, packages_above_depth=None, packages_select_by_dep=None, packages_skip_by_dep=None, packages_skip_up_to=None, packages_select_build_failed=False, packages_skip_build_finished=False, packages_select_test_failures=False, packages_skip_test_passed=False, packages_select=None, packages_skip=None, packages_select_regex=None, packages_skip_regex=None, packages_start=None, packages_end=None, allow_overriding=[], cmake_args=None, cmake_target=None, cmake_target_skip_unavailable=False, cmake_clean_cache=False, cmake_clean_first=False, cmake_force_configure=False, ament_cmake_args=None, catkin_cmake_args=None, catkin_skip_building_tests=False, verb_parser=<colcon_defaults.argument_parser.defaults.DefaultArgumentsDecorator object at 0x7f3ef149a770>, verb_extension=<colcon_core.verb.build.BuildVerb object at 0x7f3ef15ff220>, main=<bound method BuildVerb.main of <colcon_core.verb.build.BuildVerb object at 0x7f3ef15ff220>>)
[1.259s] Level 1:colcon.colcon_core.package_discovery:discover_packages(colcon_meta) check parameters
[1.259s] Level 1:colcon.colcon_core.package_discovery:discover_packages(recursive) check parameters
[1.259s] Level 1:colcon.colcon_core.package_discovery:discover_packages(ignore) check parameters
[1.259s] Level 1:colcon.colcon_core.package_discovery:discover_packages(path) check parameters
[1.259s] Level 1:colcon.colcon_core.package_discovery:discover_packages(colcon_meta) discover
[1.259s] Level 1:colcon.colcon_core.package_discovery:discover_packages(recursive) discover
[1.259s] INFO:colcon.colcon_core.package_discovery:Crawling recursively for packages in '/home/jisang/midterm/ros_ws'
[1.259s] Level 1:colcon.colcon_core.package_identification:_identify(.) by extensions ['ignore', 'ignore_ament_install']
[1.260s] Level 1:colcon.colcon_core.package_identification:_identify(.) by extension 'ignore'
[1.260s] Level 1:colcon.colcon_core.package_identification:_identify(.) by extension 'ignore_ament_install'
[1.260s] Level 1:colcon.colcon_core.package_identification:_identify(.) by extensions ['colcon_pkg']
[1.260s] Level 1:colcon.colcon_core.package_identification:_identify(.) by extension 'colcon_pkg'
[1.260s] Level 1:colcon.colcon_core.package_identification:_identify(.) by extensions ['colcon_meta']
[1.260s] Level 1:colcon.colcon_core.package_identification:_identify(.) by extension 'colcon_meta'
[1.260s] Level 1:colcon.colcon_core.package_identification:_identify(.) by extensions ['ros']
[1.260s] Level 1:colcon.colcon_core.package_identification:_identify(.) by extension 'ros'
[1.272s] Level 1:colcon.colcon_core.package_identification:_identify(.) by extensions ['cmake', 'python']
[1.272s] Level 1:colcon.colcon_core.package_identification:_identify(.) by extension 'cmake'
[1.272s] Level 1:colcon.colcon_core.package_identification:_identify(.) by extension 'python'
[1.272s] Level 1:colcon.colcon_core.package_identification:_identify(.) by extensions ['python_setup_py']
[1.272s] Level 1:colcon.colcon_core.package_identification:_identify(.) by extension 'python_setup_py'
[1.273s] Level 1:colcon.colcon_core.package_identification:_identify(build) by extensions ['ignore', 'ignore_ament_install']
[1.273s] Level 1:colcon.colcon_core.package_identification:_identify(build) by extension 'ignore'
[1.273s] Level 1:colcon.colcon_core.package_identification:_identify(build) ignored
[1.273s] Level 1:colcon.colcon_core.package_identification:_identify(install) by extensions ['ignore', 'ignore_ament_install']
[1.273s] Level 1:colcon.colcon_core.package_identification:_identify(install) by extension 'ignore'
[1.273s] Level 1:colcon.colcon_core.package_identification:_identify(install) ignored
[1.273s] Level 1:colcon.colcon_core.package_identification:_identify(log) by extensions ['ignore', 'ignore_ament_install']
[1.274s] Level 1:colcon.colcon_core.package_identification:_identify(log) by extension 'ignore'
[1.274s] Level 1:colcon.colcon_core.package_identification:_identify(log) ignored
[1.274s] Level 1:colcon.colcon_core.package_identification:_identify(src) by extensions ['ignore', 'ignore_ament_install']
[1.274s] Level 1:colcon.colcon_core.package_identification:_identify(src) by extension 'ignore'
[1.274s] Level 1:colcon.colcon_core.package_identification:_identify(src) by extension 'ignore_ament_install'
[1.274s] Level 1:colcon.colcon_core.package_identification:_identify(src) by extensions ['colcon_pkg']
[1.274s] Level 1:colcon.colcon_core.package_identification:_identify(src) by extension 'colcon_pkg'
[1.274s] Level 1:colcon.colcon_core.package_identification:_identify(src) by extensions ['colcon_meta']
[1.274s] Level 1:colcon.colcon_core.package_identification:_identify(src) by extension 'colcon_meta'
[1.274s] Level 1:colcon.colcon_core.package_identification:_identify(src) by extensions ['ros']
[1.274s] Level 1:colcon.colcon_core.package_identification:_identify(src) by extension 'ros'
[1.274s] Level 1:colcon.colcon_core.package_identification:_identify(src) by extensions ['cmake', 'python']
[1.274s] Level 1:colcon.colcon_core.package_identification:_identify(src) by extension 'cmake'
[1.274s] Level 1:colcon.colcon_core.package_identification:_identify(src) by extension 'python'
[1.275s] Level 1:colcon.colcon_core.package_identification:_identify(src) by extensions ['python_setup_py']
[1.275s] Level 1:colcon.colcon_core.package_identification:_identify(src) by extension 'python_setup_py'
[1.275s] Level 1:colcon.colcon_core.package_identification:_identify(src/midterm_2024) by extensions ['ignore', 'ignore_ament_install']
[1.275s] Level 1:colcon.colcon_core.package_identification:_identify(src/midterm_2024) by extension 'ignore'
[1.275s] Level 1:colcon.colcon_core.package_identification:_identify(src/midterm_2024) by extension 'ignore_ament_install'
[1.275s] Level 1:colcon.colcon_core.package_identification:_identify(src/midterm_2024) by extensions ['colcon_pkg']
[1.275s] Level 1:colcon.colcon_core.package_identification:_identify(src/midterm_2024) by extension 'colcon_pkg'
[1.275s] Level 1:colcon.colcon_core.package_identification:_identify(src/midterm_2024) by extensions ['colcon_meta']
[1.275s] Level 1:colcon.colcon_core.package_identification:_identify(src/midterm_2024) by extension 'colcon_meta'
[1.275s] Level 1:colcon.colcon_core.package_identification:_identify(src/midterm_2024) by extensions ['ros']
[1.275s] Level 1:colcon.colcon_core.package_identification:_identify(src/midterm_2024) by extension 'ros'
[1.278s] DEBUG:colcon.colcon_core.package_identification:Package 'src/midterm_2024' with type 'ros.ament_cmake' and name 'midterm_2024'
[1.278s] Level 1:colcon.colcon_core.package_identification:_identify(src/midterm_2024_msg) by extensions ['ignore', 'ignore_ament_install']
[1.278s] Level 1:colcon.colcon_core.package_identification:_identify(src/midterm_2024_msg) by extension 'ignore'
[1.279s] Level 1:colcon.colcon_core.package_identification:_identify(src/midterm_2024_msg) by extension 'ignore_ament_install'
[1.279s] Level 1:colcon.colcon_core.package_identification:_identify(src/midterm_2024_msg) by extensions ['colcon_pkg']
[1.279s] Level 1:colcon.colcon_core.package_identification:_identify(src/midterm_2024_msg) by extension 'colcon_pkg'
[1.279s] Level 1:colcon.colcon_core.package_identification:_identify(src/midterm_2024_msg) by extensions ['colcon_meta']
[1.279s] Level 1:colcon.colcon_core.package_identification:_identify(src/midterm_2024_msg) by extension 'colcon_meta'
[1.279s] Level 1:colcon.colcon_core.package_identification:_identify(src/midterm_2024_msg) by extensions ['ros']
[1.279s] Level 1:colcon.colcon_core.package_identification:_identify(src/midterm_2024_msg) by extension 'ros'
[1.280s] DEBUG:colcon.colcon_core.package_identification:Package 'src/midterm_2024_msg' with type 'ros.ament_cmake' and name 'midterm_2024_msg'
[1.280s] Level 1:colcon.colcon_core.package_discovery:discover_packages(recursive) using defaults
[1.280s] Level 1:colcon.colcon_core.package_discovery:discover_packages(ignore) discover
[1.280s] Level 1:colcon.colcon_core.package_discovery:discover_packages(ignore) using defaults
[1.280s] Level 1:colcon.colcon_core.package_discovery:discover_packages(path) discover
[1.280s] Level 1:colcon.colcon_core.package_discovery:discover_packages(path) using defaults
[1.377s] Level 1:colcon.colcon_core.package_discovery:discover_packages(prefix_path) check parameters
[1.377s] Level 1:colcon.colcon_core.package_discovery:discover_packages(prefix_path) discover
[1.410s] DEBUG:colcon.colcon_installed_package_information.package_discovery:Found 2 installed packages in /home/jisang/midterm/ros_ws/install
[1.431s] DEBUG:colcon.colcon_installed_package_information.package_discovery:Found 309 installed packages in /opt/ros/humble
[1.433s] Level 1:colcon.colcon_core.package_discovery:discover_packages(prefix_path) using defaults
[1.545s] Level 5:colcon.colcon_core.verb:set package 'midterm_2024_msg' build argument 'cmake_args' from command line to 'None'
[1.546s] Level 5:colcon.colcon_core.verb:set package 'midterm_2024_msg' build argument 'cmake_target' from command line to 'None'
[1.546s] Level 5:colcon.colcon_core.verb:set package 'midterm_2024_msg' build argument 'cmake_target_skip_unavailable' from command line to 'False'
[1.546s] Level 5:colcon.colcon_core.verb:set package 'midterm_2024_msg' build argument 'cmake_clean_cache' from command line to 'False'
[1.546s] Level 5:colcon.colcon_core.verb:set package 'midterm_2024_msg' build argument 'cmake_clean_first' from command line to 'False'
[1.546s] Level 5:colcon.colcon_core.verb:set package 'midterm_2024_msg' build argument 'cmake_force_configure' from command line to 'False'
[1.546s] Level 5:colcon.colcon_core.verb:set package 'midterm_2024_msg' build argument 'ament_cmake_args' from command line to 'None'
[1.546s] Level 5:colcon.colcon_core.verb:set package 'midterm_2024_msg' build argument 'catkin_cmake_args' from command line to 'None'
[1.546s] Level 5:colcon.colcon_core.verb:set package 'midterm_2024_msg' build argument 'catkin_skip_building_tests' from command line to 'False'
[1.546s] DEBUG:colcon.colcon_core.verb:Building package 'midterm_2024_msg' with the following arguments: {'ament_cmake_args': None, 'build_base': '/home/jisang/midterm/ros_ws/build/midterm_2024_msg', 'catkin_cmake_args': None, 'catkin_skip_building_tests': False, 'cmake_args': None, 'cmake_clean_cache': False, 'cmake_clean_first': False, 'cmake_force_configure': False, 'cmake_target': None, 'cmake_target_skip_unavailable': False, 'install_base': '/home/jisang/midterm/ros_ws/install/midterm_2024_msg', 'merge_install': False, 'path': '/home/jisang/midterm/ros_ws/src/midterm_2024_msg', 'symlink_install': False, 'test_result_base': None}
[1.562s] Level 5:colcon.colcon_core.verb:set package 'midterm_2024' build argument 'cmake_args' from command line to 'None'
[1.563s] Level 5:colcon.colcon_core.verb:set package 'midterm_2024' build argument 'cmake_target' from command line to 'None'
[1.563s] Level 5:colcon.colcon_core.verb:set package 'midterm_2024' build argument 'cmake_target_skip_unavailable' from command line to 'False'
[1.563s] Level 5:colcon.colcon_core.verb:set package 'midterm_2024' build argument 'cmake_clean_cache' from command line to 'False'
[1.564s] Level 5:colcon.colcon_core.verb:set package 'midterm_2024' build argument 'cmake_clean_first' from command line to 'False'
[1.564s] Level 5:colcon.colcon_core.verb:set package 'midterm_2024' build argument 'cmake_force_configure' from command line to 'False'
[1.564s] Level 5:colcon.colcon_core.verb:set package 'midterm_2024' build argument 'ament_cmake_args' from command line to 'None'
[1.564s] Level 5:colcon.colcon_core.verb:set package 'midterm_2024' build argument 'catkin_cmake_args' from command line to 'None'
[1.564s] Level 5:colcon.colcon_core.verb:set package 'midterm_2024' build argument 'catkin_skip_building_tests' from command line to 'False'
[1.564s] DEBUG:colcon.colcon_core.verb:Building package 'midterm_2024' with the following arguments: {'ament_cmake_args': None, 'build_base': '/home/jisang/midterm/ros_ws/build/midterm_2024', 'catkin_cmake_args': None, 'catkin_skip_building_tests': False, 'cmake_args': None, 'cmake_clean_cache': False, 'cmake_clean_first': False, 'cmake_force_configure': False, 'cmake_target': None, 'cmake_target_skip_unavailable': False, 'install_base': '/home/jisang/midterm/ros_ws/install/midterm_2024', 'merge_install': False, 'path': '/home/jisang/midterm/ros_ws/src/midterm_2024', 'symlink_install': False, 'test_result_base': None}
[1.582s] INFO:colcon.colcon_core.executor:Executing jobs using 'parallel' executor
[1.602s] DEBUG:colcon.colcon_parallel_executor.executor.parallel:run_until_complete
[1.603s] INFO:colcon.colcon_ros.task.ament_cmake.build:Building ROS package in '/home/jisang/midterm/ros_ws/src/midterm_2024_msg' with build type 'ament_cmake'
[1.603s] INFO:colcon.colcon_cmake.task.cmake.build:Building CMake package in '/home/jisang/midterm/ros_ws/src/midterm_2024_msg'
[1.622s] INFO:colcon.colcon_core.plugin_system:Skipping extension 'colcon_core.shell.bat': Not used on non-Windows systems
[1.623s] INFO:colcon.colcon_core.shell:Skip shell extension 'powershell' for command environment: Not usable outside of PowerShell
[1.623s] DEBUG:colcon.colcon_core.shell:Skip shell extension 'dsv' for command environment
[1.687s] DEBUG:colcon.colcon_core.event_handler.log_command:Invoking command in '/home/jisang/midterm/ros_ws/build/midterm_2024_msg': CMAKE_PREFIX_PATH=${CMAKE_PREFIX_PATH}:/opt/ros/humble WSLENV=ELECTRON_RUN_AS_NODE/w:WT_SESSION:WT_PROFILE_ID: /usr/bin/cmake --build /home/jisang/midterm/ros_ws/build/midterm_2024_msg -- -j4 -l4
[2.160s] DEBUG:colcon.colcon_core.event_handler.log_command:Invoked command in '/home/jisang/midterm/ros_ws/build/midterm_2024_msg' returned '0': CMAKE_PREFIX_PATH=${CMAKE_PREFIX_PATH}:/opt/ros/humble WSLENV=ELECTRON_RUN_AS_NODE/w:WT_SESSION:WT_PROFILE_ID: /usr/bin/cmake --build /home/jisang/midterm/ros_ws/build/midterm_2024_msg -- -j4 -l4
[2.225s] DEBUG:colcon.colcon_core.event_handler.log_command:Invoking command in '/home/jisang/midterm/ros_ws/build/midterm_2024_msg': CMAKE_PREFIX_PATH=${CMAKE_PREFIX_PATH}:/opt/ros/humble WSLENV=ELECTRON_RUN_AS_NODE/w:WT_SESSION:WT_PROFILE_ID: /usr/bin/cmake --install /home/jisang/midterm/ros_ws/build/midterm_2024_msg
[2.295s] Level 1:colcon.colcon_core.environment:create_environment_scripts_only(midterm_2024_msg)
[2.304s] DEBUG:colcon.colcon_core.event_handler.log_command:Invoked command in '/home/jisang/midterm/ros_ws/build/midterm_2024_msg' returned '0': CMAKE_PREFIX_PATH=${CMAKE_PREFIX_PATH}:/opt/ros/humble WSLENV=ELECTRON_RUN_AS_NODE/w:WT_SESSION:WT_PROFILE_ID: /usr/bin/cmake --install /home/jisang/midterm/ros_ws/build/midterm_2024_msg
[2.317s] Level 1:colcon.colcon_core.environment:checking '/home/jisang/midterm/ros_ws/install/midterm_2024_msg' for CMake module files
[2.318s] Level 1:colcon.colcon_core.environment:checking '/home/jisang/midterm/ros_ws/install/midterm_2024_msg' for CMake config files
[2.319s] Level 1:colcon.colcon_core.shell:create_environment_hook('midterm_2024_msg', 'cmake_prefix_path')
[2.335s] INFO:colcon.colcon_core.shell:Creating environment hook '/home/jisang/midterm/ros_ws/install/midterm_2024_msg/share/midterm_2024_msg/hook/cmake_prefix_path.ps1'
[2.336s] INFO:colcon.colcon_core.shell:Creating environment descriptor '/home/jisang/midterm/ros_ws/install/midterm_2024_msg/share/midterm_2024_msg/hook/cmake_prefix_path.dsv'
[2.336s] INFO:colcon.colcon_core.shell:Creating environment hook '/home/jisang/midterm/ros_ws/install/midterm_2024_msg/share/midterm_2024_msg/hook/cmake_prefix_path.sh'
[2.337s] Level 1:colcon.colcon_core.environment:checking '/home/jisang/midterm/ros_ws/install/midterm_2024_msg/lib'
[2.337s] Level 1:colcon.colcon_core.shell:create_environment_hook('midterm_2024_msg', 'ld_library_path_lib')
[2.353s] INFO:colcon.colcon_core.shell:Creating environment hook '/home/jisang/midterm/ros_ws/install/midterm_2024_msg/share/midterm_2024_msg/hook/ld_library_path_lib.ps1'
[2.353s] INFO:colcon.colcon_core.shell:Creating environment descriptor '/home/jisang/midterm/ros_ws/install/midterm_2024_msg/share/midterm_2024_msg/hook/ld_library_path_lib.dsv'
[2.353s] INFO:colcon.colcon_core.shell:Creating environment hook '/home/jisang/midterm/ros_ws/install/midterm_2024_msg/share/midterm_2024_msg/hook/ld_library_path_lib.sh'
[2.354s] Level 1:colcon.colcon_core.environment:checking '/home/jisang/midterm/ros_ws/install/midterm_2024_msg/bin'
[2.354s] Level 1:colcon.colcon_core.environment:checking '/home/jisang/midterm/ros_ws/install/midterm_2024_msg/lib/pkgconfig/midterm_2024_msg.pc'
[2.354s] Level 1:colcon.colcon_core.environment:checking '/home/jisang/midterm/ros_ws/install/midterm_2024_msg/lib/python3.10/site-packages'
[2.354s] Level 1:colcon.colcon_core.environment:checking '/home/jisang/midterm/ros_ws/install/midterm_2024_msg/bin'
[2.370s] INFO:colcon.colcon_core.shell:Creating package script '/home/jisang/midterm/ros_ws/install/midterm_2024_msg/share/midterm_2024_msg/package.ps1'
[2.371s] INFO:colcon.colcon_core.shell:Creating package descriptor '/home/jisang/midterm/ros_ws/install/midterm_2024_msg/share/midterm_2024_msg/package.dsv'
[2.372s] INFO:colcon.colcon_core.shell:Creating package script '/home/jisang/midterm/ros_ws/install/midterm_2024_msg/share/midterm_2024_msg/package.sh'
[2.373s] INFO:colcon.colcon_core.shell:Creating package script '/home/jisang/midterm/ros_ws/install/midterm_2024_msg/share/midterm_2024_msg/package.bash'
[2.373s] INFO:colcon.colcon_core.shell:Creating package script '/home/jisang/midterm/ros_ws/install/midterm_2024_msg/share/midterm_2024_msg/package.zsh'
[2.374s] Level 1:colcon.colcon_core.environment:create_file_with_runtime_dependencies(/home/jisang/midterm/ros_ws/install/midterm_2024_msg/share/colcon-core/packages/midterm_2024_msg)
[2.449s] Level 1:colcon.colcon_core.environment:create_environment_scripts_only(midterm_2024_msg)
[2.465s] Level 1:colcon.colcon_core.environment:checking '/home/jisang/midterm/ros_ws/install/midterm_2024_msg' for CMake module files
[2.466s] Level 1:colcon.colcon_core.environment:checking '/home/jisang/midterm/ros_ws/install/midterm_2024_msg' for CMake config files
[2.466s] Level 1:colcon.colcon_core.shell:create_environment_hook('midterm_2024_msg', 'cmake_prefix_path')
[2.483s] INFO:colcon.colcon_core.shell:Creating environment hook '/home/jisang/midterm/ros_ws/install/midterm_2024_msg/share/midterm_2024_msg/hook/cmake_prefix_path.ps1'
[2.483s] INFO:colcon.colcon_core.shell:Creating environment descriptor '/home/jisang/midterm/ros_ws/install/midterm_2024_msg/share/midterm_2024_msg/hook/cmake_prefix_path.dsv'
[2.484s] INFO:colcon.colcon_core.shell:Creating environment hook '/home/jisang/midterm/ros_ws/install/midterm_2024_msg/share/midterm_2024_msg/hook/cmake_prefix_path.sh'
[2.485s] Level 1:colcon.colcon_core.environment:checking '/home/jisang/midterm/ros_ws/install/midterm_2024_msg/lib'
[2.485s] Level 1:colcon.colcon_core.shell:create_environment_hook('midterm_2024_msg', 'ld_library_path_lib')
[2.501s] INFO:colcon.colcon_core.shell:Creating environment hook '/home/jisang/midterm/ros_ws/install/midterm_2024_msg/share/midterm_2024_msg/hook/ld_library_path_lib.ps1'
[2.502s] INFO:colcon.colcon_core.shell:Creating environment descriptor '/home/jisang/midterm/ros_ws/install/midterm_2024_msg/share/midterm_2024_msg/hook/ld_library_path_lib.dsv'
[2.502s] INFO:colcon.colcon_core.shell:Creating environment hook '/home/jisang/midterm/ros_ws/install/midterm_2024_msg/share/midterm_2024_msg/hook/ld_library_path_lib.sh'
[2.503s] Level 1:colcon.colcon_core.environment:checking '/home/jisang/midterm/ros_ws/install/midterm_2024_msg/bin'
[2.503s] Level 1:colcon.colcon_core.environment:checking '/home/jisang/midterm/ros_ws/install/midterm_2024_msg/lib/pkgconfig/midterm_2024_msg.pc'
[2.503s] Level 1:colcon.colcon_core.environment:checking '/home/jisang/midterm/ros_ws/install/midterm_2024_msg/lib/python3.10/site-packages'
[2.504s] Level 1:colcon.colcon_core.environment:checking '/home/jisang/midterm/ros_ws/install/midterm_2024_msg/bin'
[2.538s] INFO:colcon.colcon_core.shell:Creating package script '/home/jisang/midterm/ros_ws/install/midterm_2024_msg/share/midterm_2024_msg/package.ps1'
[2.539s] INFO:colcon.colcon_core.shell:Creating package descriptor '/home/jisang/midterm/ros_ws/install/midterm_2024_msg/share/midterm_2024_msg/package.dsv'
[2.539s] INFO:colcon.colcon_core.shell:Creating package script '/home/jisang/midterm/ros_ws/install/midterm_2024_msg/share/midterm_2024_msg/package.sh'
[2.540s] INFO:colcon.colcon_core.shell:Creating package script '/home/jisang/midterm/ros_ws/install/midterm_2024_msg/share/midterm_2024_msg/package.bash'
[2.540s] INFO:colcon.colcon_core.shell:Creating package script '/home/jisang/midterm/ros_ws/install/midterm_2024_msg/share/midterm_2024_msg/package.zsh'
[2.541s] Level 1:colcon.colcon_core.environment:create_file_with_runtime_dependencies(/home/jisang/midterm/ros_ws/install/midterm_2024_msg/share/colcon-core/packages/midterm_2024_msg)
[2.541s] INFO:colcon.colcon_ros.task.ament_cmake.build:Building ROS package in '/home/jisang/midterm/ros_ws/src/midterm_2024' with build type 'ament_cmake'
[2.541s] INFO:colcon.colcon_cmake.task.cmake.build:Building CMake package in '/home/jisang/midterm/ros_ws/src/midterm_2024'
[2.565s] INFO:colcon.colcon_core.shell:Skip shell extension 'powershell' for command environment: Not usable outside of PowerShell
[2.565s] DEBUG:colcon.colcon_core.shell:Skip shell extension 'dsv' for command environment
[2.716s] DEBUG:colcon.colcon_core.event_handler.log_command:Invoking command in '/home/jisang/midterm/ros_ws/build/midterm_2024': CMAKE_PREFIX_PATH=/home/jisang/midterm/ros_ws/install/midterm_2024_msg:/home/jisang/midterm/ros_ws/install/midterm_2024:/opt/ros/humble WSLENV=ELECTRON_RUN_AS_NODE/w:WT_SESSION:WT_PROFILE_ID: /usr/bin/cmake --build /home/jisang/midterm/ros_ws/build/midterm_2024 -- -j4 -l4
[14.854s] DEBUG:colcon.colcon_core.event_handler.log_command:Invoked command in '/home/jisang/midterm/ros_ws/build/midterm_2024' returned '0': CMAKE_PREFIX_PATH=/home/jisang/midterm/ros_ws/install/midterm_2024_msg:/home/jisang/midterm/ros_ws/install/midterm_2024:/opt/ros/humble WSLENV=ELECTRON_RUN_AS_NODE/w:WT_SESSION:WT_PROFILE_ID: /usr/bin/cmake --build /home/jisang/midterm/ros_ws/build/midterm_2024 -- -j4 -l4
[14.889s] DEBUG:colcon.colcon_core.event_handler.log_command:Invoking command in '/home/jisang/midterm/ros_ws/build/midterm_2024': CMAKE_PREFIX_PATH=/home/jisang/midterm/ros_ws/install/midterm_2024_msg:/home/jisang/midterm/ros_ws/install/midterm_2024:/opt/ros/humble WSLENV=ELECTRON_RUN_AS_NODE/w:WT_SESSION:WT_PROFILE_ID: /usr/bin/cmake --install /home/jisang/midterm/ros_ws/build/midterm_2024
[14.903s] Level 1:colcon.colcon_core.environment:create_environment_scripts_only(midterm_2024)
[14.905s] DEBUG:colcon.colcon_core.event_handler.log_command:Invoked command in '/home/jisang/midterm/ros_ws/build/midterm_2024' returned '0': CMAKE_PREFIX_PATH=/home/jisang/midterm/ros_ws/install/midterm_2024_msg:/home/jisang/midterm/ros_ws/install/midterm_2024:/opt/ros/humble WSLENV=ELECTRON_RUN_AS_NODE/w:WT_SESSION:WT_PROFILE_ID: /usr/bin/cmake --install /home/jisang/midterm/ros_ws/build/midterm_2024
[14.924s] Level 1:colcon.colcon_core.environment:checking '/home/jisang/midterm/ros_ws/install/midterm_2024' for CMake module files
[14.925s] Level 1:colcon.colcon_core.environment:checking '/home/jisang/midterm/ros_ws/install/midterm_2024' for CMake config files
[14.925s] Level 1:colcon.colcon_core.shell:create_environment_hook('midterm_2024', 'cmake_prefix_path')
[14.947s] INFO:colcon.colcon_core.shell:Creating environment hook '/home/jisang/midterm/ros_ws/install/midterm_2024/share/midterm_2024/hook/cmake_prefix_path.ps1'
[14.948s] INFO:colcon.colcon_core.shell:Creating environment descriptor '/home/jisang/midterm/ros_ws/install/midterm_2024/share/midterm_2024/hook/cmake_prefix_path.dsv'
[14.948s] INFO:colcon.colcon_core.shell:Creating environment hook '/home/jisang/midterm/ros_ws/install/midterm_2024/share/midterm_2024/hook/cmake_prefix_path.sh'
[14.949s] Level 1:colcon.colcon_core.environment:checking '/home/jisang/midterm/ros_ws/install/midterm_2024/lib'
[14.949s] Level 1:colcon.colcon_core.environment:checking '/home/jisang/midterm/ros_ws/install/midterm_2024/bin'
[14.950s] Level 1:colcon.colcon_core.environment:checking '/home/jisang/midterm/ros_ws/install/midterm_2024/lib/pkgconfig/midterm_2024.pc'
[14.950s] Level 1:colcon.colcon_core.environment:checking '/home/jisang/midterm/ros_ws/install/midterm_2024/lib/python3.10/site-packages'
[14.950s] Level 1:colcon.colcon_core.environment:checking '/home/jisang/midterm/ros_ws/install/midterm_2024/bin'
[14.972s] INFO:colcon.colcon_core.shell:Creating package script '/home/jisang/midterm/ros_ws/install/midterm_2024/share/midterm_2024/package.ps1'
[14.974s] INFO:colcon.colcon_core.shell:Creating package descriptor '/home/jisang/midterm/ros_ws/install/midterm_2024/share/midterm_2024/package.dsv'
[14.977s] INFO:colcon.colcon_core.shell:Creating package script '/home/jisang/midterm/ros_ws/install/midterm_2024/share/midterm_2024/package.sh'
[14.980s] INFO:colcon.colcon_core.shell:Creating package script '/home/jisang/midterm/ros_ws/install/midterm_2024/share/midterm_2024/package.bash'
[14.980s] INFO:colcon.colcon_core.shell:Creating package script '/home/jisang/midterm/ros_ws/install/midterm_2024/share/midterm_2024/package.zsh'
[14.981s] Level 1:colcon.colcon_core.environment:create_file_with_runtime_dependencies(/home/jisang/midterm/ros_ws/install/midterm_2024/share/colcon-core/packages/midterm_2024)
[15.038s] Level 1:colcon.colcon_core.environment:create_environment_scripts_only(midterm_2024)
[15.059s] Level 1:colcon.colcon_core.environment:checking '/home/jisang/midterm/ros_ws/install/midterm_2024' for CMake module files
[15.060s] Level 1:colcon.colcon_core.environment:checking '/home/jisang/midterm/ros_ws/install/midterm_2024' for CMake config files
[15.060s] Level 1:colcon.colcon_core.shell:create_environment_hook('midterm_2024', 'cmake_prefix_path')
[15.080s] INFO:colcon.colcon_core.shell:Creating environment hook '/home/jisang/midterm/ros_ws/install/midterm_2024/share/midterm_2024/hook/cmake_prefix_path.ps1'
[15.081s] INFO:colcon.colcon_core.shell:Creating environment descriptor '/home/jisang/midterm/ros_ws/install/midterm_2024/share/midterm_2024/hook/cmake_prefix_path.dsv'
[15.081s] INFO:colcon.colcon_core.shell:Creating environment hook '/home/jisang/midterm/ros_ws/install/midterm_2024/share/midterm_2024/hook/cmake_prefix_path.sh'
[15.082s] Level 1:colcon.colcon_core.environment:checking '/home/jisang/midterm/ros_ws/install/midterm_2024/lib'
[15.083s] Level 1:colcon.colcon_core.environment:checking '/home/jisang/midterm/ros_ws/install/midterm_2024/bin'
[15.083s] Level 1:colcon.colcon_core.environment:checking '/home/jisang/midterm/ros_ws/install/midterm_2024/lib/pkgconfig/midterm_2024.pc'
[15.083s] Level 1:colcon.colcon_core.environment:checking '/home/jisang/midterm/ros_ws/install/midterm_2024/lib/python3.10/site-packages'
[15.083s] Level 1:colcon.colcon_core.environment:checking '/home/jisang/midterm/ros_ws/install/midterm_2024/bin'
[15.101s] INFO:colcon.colcon_core.shell:Creating package script '/home/jisang/midterm/ros_ws/install/midterm_2024/share/midterm_2024/package.ps1'
[15.102s] INFO:colcon.colcon_core.shell:Creating package descriptor '/home/jisang/midterm/ros_ws/install/midterm_2024/share/midterm_2024/package.dsv'
[15.103s] INFO:colcon.colcon_core.shell:Creating package script '/home/jisang/midterm/ros_ws/install/midterm_2024/share/midterm_2024/package.sh'
[15.103s] INFO:colcon.colcon_core.shell:Creating package script '/home/jisang/midterm/ros_ws/install/midterm_2024/share/midterm_2024/package.bash'
[15.104s] INFO:colcon.colcon_core.shell:Creating package script '/home/jisang/midterm/ros_ws/install/midterm_2024/share/midterm_2024/package.zsh'
[15.104s] Level 1:colcon.colcon_core.environment:create_file_with_runtime_dependencies(/home/jisang/midterm/ros_ws/install/midterm_2024/share/colcon-core/packages/midterm_2024)
[15.105s] DEBUG:colcon.colcon_parallel_executor.executor.parallel:closing loop
[15.106s] DEBUG:colcon.colcon_parallel_executor.executor.parallel:loop closed
[15.106s] DEBUG:colcon.colcon_parallel_executor.executor.parallel:run_until_complete finished with '0'
[15.106s] DEBUG:colcon.colcon_core.event_reactor:joining thread
[15.173s] INFO:colcon.colcon_core.plugin_system:Skipping extension 'colcon_notification.desktop_notification.notify_send': Could not find 'notify-send'
[15.173s] INFO:colcon.colcon_core.plugin_system:Skipping extension 'colcon_notification.desktop_notification.terminal_notifier': Not used on non-Darwin systems
[15.173s] INFO:colcon.colcon_core.plugin_system:Skipping extension 'colcon_notification.desktop_notification.win32': Not used on non-Windows systems
[15.174s] INFO:colcon.colcon_notification.desktop_notification:Sending desktop notification using 'notify2'
[145.451s] DEBUG:colcon.colcon_notification.desktop_notification.notify2:Failed to initialize notify2: org.freedesktop.DBus.Error.Spawn.ExecFailed: /usr/bin/dbus-launch terminated abnormally with the following error: Autolaunch error: X11 initialization failed.

[145.451s] DEBUG:colcon.colcon_core.event_reactor:joined thread
[145.512s] INFO:colcon.colcon_core.shell:Creating prefix script '/home/jisang/midterm/ros_ws/install/local_setup.ps1'
[145.514s] INFO:colcon.colcon_core.shell:Creating prefix util module '/home/jisang/midterm/ros_ws/install/_local_setup_util_ps1.py'
[145.517s] INFO:colcon.colcon_core.shell:Creating prefix chain script '/home/jisang/midterm/ros_ws/install/setup.ps1'
[145.547s] INFO:colcon.colcon_core.shell:Creating prefix script '/home/jisang/midterm/ros_ws/install/local_setup.sh'
[145.548s] INFO:colcon.colcon_core.shell:Creating prefix util module '/home/jisang/midterm/ros_ws/install/_local_setup_util_sh.py'
[145.549s] INFO:colcon.colcon_core.shell:Creating prefix chain script '/home/jisang/midterm/ros_ws/install/setup.sh'
[145.580s] INFO:colcon.colcon_core.shell:Creating prefix script '/home/jisang/midterm/ros_ws/install/local_setup.bash'
[145.581s] INFO:colcon.colcon_core.shell:Creating prefix chain script '/home/jisang/midterm/ros_ws/install/setup.bash'
[145.615s] INFO:colcon.colcon_core.shell:Creating prefix script '/home/jisang/midterm/ros_ws/install/local_setup.zsh'
[145.616s] INFO:colcon.colcon_core.shell:Creating prefix chain script '/home/jisang/midterm/ros_ws/install/setup.zsh'
