[  3%] Built target midterm_2024_msg__cpp
[ 12%] Built target midterm_2024_msg__rosidl_generator_c
[ 12%] Built target ament_cmake_python_copy_midterm_2024_msg
[ 22%] Built target midterm_2024_msg__rosidl_typesupport_fastrtps_cpp
[ 32%] Built target midterm_2024_msg__rosidl_typesupport_cpp
[ 41%] Built target midterm_2024_msg__rosidl_typesupport_introspection_cpp
[ 51%] Built target midterm_2024_msg__rosidl_typesupport_fastrtps_c
[ 61%] Built target midterm_2024_msg__rosidl_typesupport_introspection_c
[ 70%] Built target midterm_2024_msg__rosidl_typesupport_c
[ 70%] Built target midterm_2024_msg
[ 74%] Built target midterm_2024_msg__py
[ 80%] Built target midterm_2024_msg__rosidl_generator_py
[ 87%] Built target midterm_2024_msg__rosidl_typesupport_fastrtps_c__pyext
[ 93%] Built target midterm_2024_msg__rosidl_typesupport_introspection_c__pyext
[100%] Built target midterm_2024_msg__rosidl_typesupport_c__pyext
running egg_info
writing midterm_2024_msg.egg-info/PKG-INFO
writing dependency_links to midterm_2024_msg.egg-info/dependency_links.txt
writing top-level names to midterm_2024_msg.egg-info/top_level.txt
reading manifest file 'midterm_2024_msg.egg-info/SOURCES.txt'
writing manifest file 'midterm_2024_msg.egg-info/SOURCES.txt'
[100%] Built target ament_cmake_python_build_midterm_2024_msg_egg
-- Install configuration: ""
-- Up-to-date: /home/jisang/midterm/ros_ws/install/midterm_2024_msg/share/ament_index/resource_index/rosidl_interfaces/midterm_2024_msg
-- Up-to-date: /home/jisang/midterm/ros_ws/install/midterm_2024_msg/include/midterm_2024_msg/midterm_2024_msg
-- Up-to-date: /home/jisang/midterm/ros_ws/install/midterm_2024_msg/include/midterm_2024_msg/midterm_2024_msg/msg
-- Up-to-date: /home/jisang/midterm/ros_ws/install/midterm_2024_msg/include/midterm_2024_msg/midterm_2024_msg/msg/midterm.h
-- Up-to-date: /home/jisang/midterm/ros_ws/install/midterm_2024_msg/include/midterm_2024_msg/midterm_2024_msg/msg/rosidl_generator_c__visibility_control.h
-- Up-to-date: /home/jisang/midterm/ros_ws/install/midterm_2024_msg/include/midterm_2024_msg/midterm_2024_msg/msg/detail
-- Up-to-date: /home/jisang/midterm/ros_ws/install/midterm_2024_msg/include/midterm_2024_msg/midterm_2024_msg/msg/detail/midterm__type_support.h
-- Up-to-date: /home/jisang/midterm/ros_ws/install/midterm_2024_msg/include/midterm_2024_msg/midterm_2024_msg/msg/detail/midterm__functions.h
-- Up-to-date: /home/jisang/midterm/ros_ws/install/midterm_2024_msg/include/midterm_2024_msg/midterm_2024_msg/msg/detail/midterm__struct.h
-- Up-to-date: /home/jisang/midterm/ros_ws/install/midterm_2024_msg/include/midterm_2024_msg/midterm_2024_msg/msg/detail/midterm__functions.c
-- Up-to-date: /home/jisang/midterm/ros_ws/install/midterm_2024_msg/share/midterm_2024_msg/environment/library_path.sh
-- Up-to-date: /home/jisang/midterm/ros_ws/install/midterm_2024_msg/share/midterm_2024_msg/environment/library_path.dsv
-- Up-to-date: /home/jisang/midterm/ros_ws/install/midterm_2024_msg/lib/libmidterm_2024_msg__rosidl_generator_c.so
-- Up-to-date: /home/jisang/midterm/ros_ws/install/midterm_2024_msg/include/midterm_2024_msg/midterm_2024_msg
-- Up-to-date: /home/jisang/midterm/ros_ws/install/midterm_2024_msg/include/midterm_2024_msg/midterm_2024_msg/msg
-- Up-to-date: /home/jisang/midterm/ros_ws/install/midterm_2024_msg/include/midterm_2024_msg/midterm_2024_msg/msg/rosidl_typesupport_fastrtps_c__visibility_control.h
-- Up-to-date: /home/jisang/midterm/ros_ws/install/midterm_2024_msg/include/midterm_2024_msg/midterm_2024_msg/msg/detail
-- Up-to-date: /home/jisang/midterm/ros_ws/install/midterm_2024_msg/include/midterm_2024_msg/midterm_2024_msg/msg/detail/midterm__rosidl_typesupport_fastrtps_c.h
-- Up-to-date: /home/jisang/midterm/ros_ws/install/midterm_2024_msg/lib/libmidterm_2024_msg__rosidl_typesupport_fastrtps_c.so
-- Up-to-date: /home/jisang/midterm/ros_ws/install/midterm_2024_msg/include/midterm_2024_msg/midterm_2024_msg
-- Up-to-date: /home/jisang/midterm/ros_ws/install/midterm_2024_msg/include/midterm_2024_msg/midterm_2024_msg/msg
-- Up-to-date: /home/jisang/midterm/ros_ws/install/midterm_2024_msg/include/midterm_2024_msg/midterm_2024_msg/msg/rosidl_typesupport_introspection_c__visibility_control.h
-- Up-to-date: /home/jisang/midterm/ros_ws/install/midterm_2024_msg/include/midterm_2024_msg/midterm_2024_msg/msg/detail
-- Up-to-date: /home/jisang/midterm/ros_ws/install/midterm_2024_msg/include/midterm_2024_msg/midterm_2024_msg/msg/detail/midterm__rosidl_typesupport_introspection_c.h
-- Up-to-date: /home/jisang/midterm/ros_ws/install/midterm_2024_msg/include/midterm_2024_msg/midterm_2024_msg/msg/detail/midterm__type_support.c
-- Up-to-date: /home/jisang/midterm/ros_ws/install/midterm_2024_msg/lib/libmidterm_2024_msg__rosidl_typesupport_introspection_c.so
-- Up-to-date: /home/jisang/midterm/ros_ws/install/midterm_2024_msg/lib/libmidterm_2024_msg__rosidl_typesupport_c.so
-- Up-to-date: /home/jisang/midterm/ros_ws/install/midterm_2024_msg/include/midterm_2024_msg/midterm_2024_msg
-- Up-to-date: /home/jisang/midterm/ros_ws/install/midterm_2024_msg/include/midterm_2024_msg/midterm_2024_msg/msg
-- Up-to-date: /home/jisang/midterm/ros_ws/install/midterm_2024_msg/include/midterm_2024_msg/midterm_2024_msg/msg/midterm.hpp
-- Up-to-date: /home/jisang/midterm/ros_ws/install/midterm_2024_msg/include/midterm_2024_msg/midterm_2024_msg/msg/detail
-- Up-to-date: /home/jisang/midterm/ros_ws/install/midterm_2024_msg/include/midterm_2024_msg/midterm_2024_msg/msg/detail/midterm__builder.hpp
-- Up-to-date: /home/jisang/midterm/ros_ws/install/midterm_2024_msg/include/midterm_2024_msg/midterm_2024_msg/msg/detail/midterm__struct.hpp
-- Up-to-date: /home/jisang/midterm/ros_ws/install/midterm_2024_msg/include/midterm_2024_msg/midterm_2024_msg/msg/detail/midterm__traits.hpp
-- Up-to-date: /home/jisang/midterm/ros_ws/install/midterm_2024_msg/include/midterm_2024_msg/midterm_2024_msg
-- Up-to-date: /home/jisang/midterm/ros_ws/install/midterm_2024_msg/include/midterm_2024_msg/midterm_2024_msg/msg
-- Up-to-date: /home/jisang/midterm/ros_ws/install/midterm_2024_msg/include/midterm_2024_msg/midterm_2024_msg/msg/rosidl_typesupport_fastrtps_cpp__visibility_control.h
-- Up-to-date: /home/jisang/midterm/ros_ws/install/midterm_2024_msg/include/midterm_2024_msg/midterm_2024_msg/msg/detail
-- Up-to-date: /home/jisang/midterm/ros_ws/install/midterm_2024_msg/include/midterm_2024_msg/midterm_2024_msg/msg/detail/midterm__rosidl_typesupport_fastrtps_cpp.hpp
-- Up-to-date: /home/jisang/midterm/ros_ws/install/midterm_2024_msg/include/midterm_2024_msg/midterm_2024_msg/msg/detail/dds_fastrtps
-- Up-to-date: /home/jisang/midterm/ros_ws/install/midterm_2024_msg/lib/libmidterm_2024_msg__rosidl_typesupport_fastrtps_cpp.so
-- Up-to-date: /home/jisang/midterm/ros_ws/install/midterm_2024_msg/include/midterm_2024_msg/midterm_2024_msg
-- Up-to-date: /home/jisang/midterm/ros_ws/install/midterm_2024_msg/include/midterm_2024_msg/midterm_2024_msg/msg
-- Up-to-date: /home/jisang/midterm/ros_ws/install/midterm_2024_msg/include/midterm_2024_msg/midterm_2024_msg/msg/detail
-- Up-to-date: /home/jisang/midterm/ros_ws/install/midterm_2024_msg/include/midterm_2024_msg/midterm_2024_msg/msg/detail/midterm__rosidl_typesupport_introspection_cpp.hpp
-- Up-to-date: /home/jisang/midterm/ros_ws/install/midterm_2024_msg/include/midterm_2024_msg/midterm_2024_msg/msg/detail/midterm__type_support.cpp
-- Up-to-date: /home/jisang/midterm/ros_ws/install/midterm_2024_msg/lib/libmidterm_2024_msg__rosidl_typesupport_introspection_cpp.so
-- Up-to-date: /home/jisang/midterm/ros_ws/install/midterm_2024_msg/lib/libmidterm_2024_msg__rosidl_typesupport_cpp.so
-- Up-to-date: /home/jisang/midterm/ros_ws/install/midterm_2024_msg/share/midterm_2024_msg/environment/pythonpath.sh
-- Up-to-date: /home/jisang/midterm/ros_ws/install/midterm_2024_msg/share/midterm_2024_msg/environment/pythonpath.dsv
-- Up-to-date: /home/jisang/midterm/ros_ws/install/midterm_2024_msg/local/lib/python3.10/dist-packages/midterm_2024_msg-0.0.0-py3.10.egg-info
-- Installing: /home/jisang/midterm/ros_ws/install/midterm_2024_msg/local/lib/python3.10/dist-packages/midterm_2024_msg-0.0.0-py3.10.egg-info/top_level.txt
-- Installing: /home/jisang/midterm/ros_ws/install/midterm_2024_msg/local/lib/python3.10/dist-packages/midterm_2024_msg-0.0.0-py3.10.egg-info/dependency_links.txt
-- Installing: /home/jisang/midterm/ros_ws/install/midterm_2024_msg/local/lib/python3.10/dist-packages/midterm_2024_msg-0.0.0-py3.10.egg-info/SOURCES.txt
-- Installing: /home/jisang/midterm/ros_ws/install/midterm_2024_msg/local/lib/python3.10/dist-packages/midterm_2024_msg-0.0.0-py3.10.egg-info/PKG-INFO
-- Up-to-date: /home/jisang/midterm/ros_ws/install/midterm_2024_msg/local/lib/python3.10/dist-packages/midterm_2024_msg
-- Up-to-date: /home/jisang/midterm/ros_ws/install/midterm_2024_msg/local/lib/python3.10/dist-packages/midterm_2024_msg/midterm_2024_msg_s__rosidl_typesupport_introspection_c.cpython-310-x86_64-linux-gnu.so
-- Up-to-date: /home/jisang/midterm/ros_ws/install/midterm_2024_msg/local/lib/python3.10/dist-packages/midterm_2024_msg/midterm_2024_msg_s__rosidl_typesupport_fastrtps_c.cpython-310-x86_64-linux-gnu.so
-- Up-to-date: /home/jisang/midterm/ros_ws/install/midterm_2024_msg/local/lib/python3.10/dist-packages/midterm_2024_msg/libmidterm_2024_msg__rosidl_generator_py.so
-- Up-to-date: /home/jisang/midterm/ros_ws/install/midterm_2024_msg/local/lib/python3.10/dist-packages/midterm_2024_msg/_midterm_2024_msg_s.ep.rosidl_typesupport_introspection_c.c
-- Up-to-date: /home/jisang/midterm/ros_ws/install/midterm_2024_msg/local/lib/python3.10/dist-packages/midterm_2024_msg/msg
-- Up-to-date: /home/jisang/midterm/ros_ws/install/midterm_2024_msg/local/lib/python3.10/dist-packages/midterm_2024_msg/msg/_midterm.py
-- Up-to-date: /home/jisang/midterm/ros_ws/install/midterm_2024_msg/local/lib/python3.10/dist-packages/midterm_2024_msg/msg/_midterm_s.c
-- Up-to-date: /home/jisang/midterm/ros_ws/install/midterm_2024_msg/local/lib/python3.10/dist-packages/midterm_2024_msg/msg/__init__.py
-- Up-to-date: /home/jisang/midterm/ros_ws/install/midterm_2024_msg/local/lib/python3.10/dist-packages/midterm_2024_msg/_midterm_2024_msg_s.ep.rosidl_typesupport_c.c
-- Up-to-date: /home/jisang/midterm/ros_ws/install/midterm_2024_msg/local/lib/python3.10/dist-packages/midterm_2024_msg/_midterm_2024_msg_s.ep.rosidl_typesupport_fastrtps_c.c
-- Up-to-date: /home/jisang/midterm/ros_ws/install/midterm_2024_msg/local/lib/python3.10/dist-packages/midterm_2024_msg/midterm_2024_msg_s__rosidl_typesupport_c.cpython-310-x86_64-linux-gnu.so
-- Up-to-date: /home/jisang/midterm/ros_ws/install/midterm_2024_msg/local/lib/python3.10/dist-packages/midterm_2024_msg/__init__.py
Listing '/home/jisang/midterm/ros_ws/install/midterm_2024_msg/local/lib/python3.10/dist-packages/midterm_2024_msg'...
Listing '/home/jisang/midterm/ros_ws/install/midterm_2024_msg/local/lib/python3.10/dist-packages/midterm_2024_msg/msg'...
-- Up-to-date: /home/jisang/midterm/ros_ws/install/midterm_2024_msg/local/lib/python3.10/dist-packages/midterm_2024_msg/midterm_2024_msg_s__rosidl_typesupport_fastrtps_c.cpython-310-x86_64-linux-gnu.so
-- Up-to-date: /home/jisang/midterm/ros_ws/install/midterm_2024_msg/local/lib/python3.10/dist-packages/midterm_2024_msg/midterm_2024_msg_s__rosidl_typesupport_introspection_c.cpython-310-x86_64-linux-gnu.so
-- Up-to-date: /home/jisang/midterm/ros_ws/install/midterm_2024_msg/local/lib/python3.10/dist-packages/midterm_2024_msg/midterm_2024_msg_s__rosidl_typesupport_c.cpython-310-x86_64-linux-gnu.so
-- Up-to-date: /home/jisang/midterm/ros_ws/install/midterm_2024_msg/lib/libmidterm_2024_msg__rosidl_generator_py.so
-- Up-to-date: /home/jisang/midterm/ros_ws/install/midterm_2024_msg/share/midterm_2024_msg/msg/Midterm.idl
-- Up-to-date: /home/jisang/midterm/ros_ws/install/midterm_2024_msg/share/midterm_2024_msg/msg/Midterm.msg
-- Up-to-date: /home/jisang/midterm/ros_ws/install/midterm_2024_msg/share/ament_index/resource_index/package_run_dependencies/midterm_2024_msg
-- Up-to-date: /home/jisang/midterm/ros_ws/install/midterm_2024_msg/share/ament_index/resource_index/parent_prefix_path/midterm_2024_msg
-- Up-to-date: /home/jisang/midterm/ros_ws/install/midterm_2024_msg/share/midterm_2024_msg/environment/ament_prefix_path.sh
-- Up-to-date: /home/jisang/midterm/ros_ws/install/midterm_2024_msg/share/midterm_2024_msg/environment/ament_prefix_path.dsv
-- Up-to-date: /home/jisang/midterm/ros_ws/install/midterm_2024_msg/share/midterm_2024_msg/environment/path.sh
-- Up-to-date: /home/jisang/midterm/ros_ws/install/midterm_2024_msg/share/midterm_2024_msg/environment/path.dsv
-- Up-to-date: /home/jisang/midterm/ros_ws/install/midterm_2024_msg/share/midterm_2024_msg/local_setup.bash
-- Up-to-date: /home/jisang/midterm/ros_ws/install/midterm_2024_msg/share/midterm_2024_msg/local_setup.sh
-- Up-to-date: /home/jisang/midterm/ros_ws/install/midterm_2024_msg/share/midterm_2024_msg/local_setup.zsh
-- Up-to-date: /home/jisang/midterm/ros_ws/install/midterm_2024_msg/share/midterm_2024_msg/local_setup.dsv
-- Installing: /home/jisang/midterm/ros_ws/install/midterm_2024_msg/share/midterm_2024_msg/package.dsv
-- Up-to-date: /home/jisang/midterm/ros_ws/install/midterm_2024_msg/share/ament_index/resource_index/packages/midterm_2024_msg
-- Up-to-date: /home/jisang/midterm/ros_ws/install/midterm_2024_msg/share/midterm_2024_msg/cmake/export_midterm_2024_msg__rosidl_generator_cExport.cmake
-- Up-to-date: /home/jisang/midterm/ros_ws/install/midterm_2024_msg/share/midterm_2024_msg/cmake/export_midterm_2024_msg__rosidl_generator_cExport-noconfig.cmake
-- Up-to-date: /home/jisang/midterm/ros_ws/install/midterm_2024_msg/share/midterm_2024_msg/cmake/export_midterm_2024_msg__rosidl_typesupport_fastrtps_cExport.cmake
-- Up-to-date: /home/jisang/midterm/ros_ws/install/midterm_2024_msg/share/midterm_2024_msg/cmake/export_midterm_2024_msg__rosidl_typesupport_fastrtps_cExport-noconfig.cmake
-- Up-to-date: /home/jisang/midterm/ros_ws/install/midterm_2024_msg/share/midterm_2024_msg/cmake/midterm_2024_msg__rosidl_typesupport_introspection_cExport.cmake
-- Up-to-date: /home/jisang/midterm/ros_ws/install/midterm_2024_msg/share/midterm_2024_msg/cmake/midterm_2024_msg__rosidl_typesupport_introspection_cExport-noconfig.cmake
-- Up-to-date: /home/jisang/midterm/ros_ws/install/midterm_2024_msg/share/midterm_2024_msg/cmake/midterm_2024_msg__rosidl_typesupport_cExport.cmake
-- Up-to-date: /home/jisang/midterm/ros_ws/install/midterm_2024_msg/share/midterm_2024_msg/cmake/midterm_2024_msg__rosidl_typesupport_cExport-noconfig.cmake
-- Up-to-date: /home/jisang/midterm/ros_ws/install/midterm_2024_msg/share/midterm_2024_msg/cmake/export_midterm_2024_msg__rosidl_generator_cppExport.cmake
-- Up-to-date: /home/jisang/midterm/ros_ws/install/midterm_2024_msg/share/midterm_2024_msg/cmake/export_midterm_2024_msg__rosidl_typesupport_fastrtps_cppExport.cmake
-- Up-to-date: /home/jisang/midterm/ros_ws/install/midterm_2024_msg/share/midterm_2024_msg/cmake/export_midterm_2024_msg__rosidl_typesupport_fastrtps_cppExport-noconfig.cmake
-- Up-to-date: /home/jisang/midterm/ros_ws/install/midterm_2024_msg/share/midterm_2024_msg/cmake/midterm_2024_msg__rosidl_typesupport_introspection_cppExport.cmake
-- Up-to-date: /home/jisang/midterm/ros_ws/install/midterm_2024_msg/share/midterm_2024_msg/cmake/midterm_2024_msg__rosidl_typesupport_introspection_cppExport-noconfig.cmake
-- Up-to-date: /home/jisang/midterm/ros_ws/install/midterm_2024_msg/share/midterm_2024_msg/cmake/midterm_2024_msg__rosidl_typesupport_cppExport.cmake
-- Up-to-date: /home/jisang/midterm/ros_ws/install/midterm_2024_msg/share/midterm_2024_msg/cmake/midterm_2024_msg__rosidl_typesupport_cppExport-noconfig.cmake
-- Up-to-date: /home/jisang/midterm/ros_ws/install/midterm_2024_msg/share/midterm_2024_msg/cmake/export_midterm_2024_msg__rosidl_generator_pyExport.cmake
-- Up-to-date: /home/jisang/midterm/ros_ws/install/midterm_2024_msg/share/midterm_2024_msg/cmake/export_midterm_2024_msg__rosidl_generator_pyExport-noconfig.cmake
-- Up-to-date: /home/jisang/midterm/ros_ws/install/midterm_2024_msg/share/midterm_2024_msg/cmake/rosidl_cmake-extras.cmake
-- Up-to-date: /home/jisang/midterm/ros_ws/install/midterm_2024_msg/share/midterm_2024_msg/cmake/ament_cmake_export_dependencies-extras.cmake
-- Up-to-date: /home/jisang/midterm/ros_ws/install/midterm_2024_msg/share/midterm_2024_msg/cmake/ament_cmake_export_include_directories-extras.cmake
-- Up-to-date: /home/jisang/midterm/ros_ws/install/midterm_2024_msg/share/midterm_2024_msg/cmake/ament_cmake_export_libraries-extras.cmake
-- Up-to-date: /home/jisang/midterm/ros_ws/install/midterm_2024_msg/share/midterm_2024_msg/cmake/ament_cmake_export_targets-extras.cmake
-- Up-to-date: /home/jisang/midterm/ros_ws/install/midterm_2024_msg/share/midterm_2024_msg/cmake/rosidl_cmake_export_typesupport_targets-extras.cmake
-- Up-to-date: /home/jisang/midterm/ros_ws/install/midterm_2024_msg/share/midterm_2024_msg/cmake/rosidl_cmake_export_typesupport_libraries-extras.cmake
-- Up-to-date: /home/jisang/midterm/ros_ws/install/midterm_2024_msg/share/midterm_2024_msg/cmake/midterm_2024_msgConfig.cmake
-- Up-to-date: /home/jisang/midterm/ros_ws/install/midterm_2024_msg/share/midterm_2024_msg/cmake/midterm_2024_msgConfig-version.cmake
-- Up-to-date: /home/jisang/midterm/ros_ws/install/midterm_2024_msg/share/midterm_2024_msg/package.xml
