[1.440s] DEBUG:colcon:Command line arguments: ['/usr/bin/colcon', 'build']
[1.440s] DEBUG:colcon:Parsed command line arguments: Namespace(log_base=None, log_level=None, verb_name='build', build_base='build', install_base='install', merge_install=False, symlink_install=False, test_result_base=None, continue_on_error=False, executor='parallel', parallel_workers=4, event_handlers=None, ignore_user_meta=False, metas=['./colcon.meta'], base_paths=['.'], packages_ignore=None, packages_ignore_regex=None, paths=None, packages_up_to=None, packages_up_to_regex=None, packages_above=None, packages_above_and_dependencies=None, packages_above_depth=None, packages_select_by_dep=None, packages_skip_by_dep=None, packages_skip_up_to=None, packages_select_build_failed=False, packages_skip_build_finished=False, packages_select_test_failures=False, packages_skip_test_passed=False, packages_select=None, packages_skip=None, packages_select_regex=None, packages_skip_regex=None, packages_start=None, packages_end=None, allow_overriding=[], cmake_args=None, cmake_target=None, cmake_target_skip_unavailable=False, cmake_clean_cache=False, cmake_clean_first=False, cmake_force_configure=False, ament_cmake_args=None, catkin_cmake_args=None, catkin_skip_building_tests=False, verb_parser=<colcon_defaults.argument_parser.defaults.DefaultArgumentsDecorator object at 0x7fc2cfa825f0>, verb_extension=<colcon_core.verb.build.BuildVerb object at 0x7fc2cf9fb310>, main=<bound method BuildVerb.main of <colcon_core.verb.build.BuildVerb object at 0x7fc2cf9fb310>>)
[1.503s] Level 1:colcon.colcon_core.package_discovery:discover_packages(colcon_meta) check parameters
[1.504s] Level 1:colcon.colcon_core.package_discovery:discover_packages(recursive) check parameters
[1.504s] Level 1:colcon.colcon_core.package_discovery:discover_packages(ignore) check parameters
[1.504s] Level 1:colcon.colcon_core.package_discovery:discover_packages(path) check parameters
[1.504s] Level 1:colcon.colcon_core.package_discovery:discover_packages(colcon_meta) discover
[1.504s] Level 1:colcon.colcon_core.package_discovery:discover_packages(recursive) discover
[1.505s] INFO:colcon.colcon_core.package_discovery:Crawling recursively for packages in '/home/jisang/midterm/ros_ws'
[1.505s] Level 1:colcon.colcon_core.package_identification:_identify(.) by extensions ['ignore', 'ignore_ament_install']
[1.505s] Level 1:colcon.colcon_core.package_identification:_identify(.) by extension 'ignore'
[1.505s] Level 1:colcon.colcon_core.package_identification:_identify(.) by extension 'ignore_ament_install'
[1.505s] Level 1:colcon.colcon_core.package_identification:_identify(.) by extensions ['colcon_pkg']
[1.506s] Level 1:colcon.colcon_core.package_identification:_identify(.) by extension 'colcon_pkg'
[1.506s] Level 1:colcon.colcon_core.package_identification:_identify(.) by extensions ['colcon_meta']
[1.506s] Level 1:colcon.colcon_core.package_identification:_identify(.) by extension 'colcon_meta'
[1.506s] Level 1:colcon.colcon_core.package_identification:_identify(.) by extensions ['ros']
[1.506s] Level 1:colcon.colcon_core.package_identification:_identify(.) by extension 'ros'
[1.525s] Level 1:colcon.colcon_core.package_identification:_identify(.) by extensions ['cmake', 'python']
[1.525s] Level 1:colcon.colcon_core.package_identification:_identify(.) by extension 'cmake'
[1.526s] Level 1:colcon.colcon_core.package_identification:_identify(.) by extension 'python'
[1.526s] Level 1:colcon.colcon_core.package_identification:_identify(.) by extensions ['python_setup_py']
[1.526s] Level 1:colcon.colcon_core.package_identification:_identify(.) by extension 'python_setup_py'
[1.526s] Level 1:colcon.colcon_core.package_identification:_identify(build) by extensions ['ignore', 'ignore_ament_install']
[1.526s] Level 1:colcon.colcon_core.package_identification:_identify(build) by extension 'ignore'
[1.526s] Level 1:colcon.colcon_core.package_identification:_identify(build) ignored
[1.526s] Level 1:colcon.colcon_core.package_identification:_identify(install) by extensions ['ignore', 'ignore_ament_install']
[1.526s] Level 1:colcon.colcon_core.package_identification:_identify(install) by extension 'ignore'
[1.526s] Level 1:colcon.colcon_core.package_identification:_identify(install) ignored
[1.526s] Level 1:colcon.colcon_core.package_identification:_identify(log) by extensions ['ignore', 'ignore_ament_install']
[1.527s] Level 1:colcon.colcon_core.package_identification:_identify(log) by extension 'ignore'
[1.527s] Level 1:colcon.colcon_core.package_identification:_identify(log) ignored
[1.527s] Level 1:colcon.colcon_core.package_identification:_identify(src) by extensions ['ignore', 'ignore_ament_install']
[1.527s] Level 1:colcon.colcon_core.package_identification:_identify(src) by extension 'ignore'
[1.527s] Level 1:colcon.colcon_core.package_identification:_identify(src) by extension 'ignore_ament_install'
[1.527s] Level 1:colcon.colcon_core.package_identification:_identify(src) by extensions ['colcon_pkg']
[1.528s] Level 1:colcon.colcon_core.package_identification:_identify(src) by extension 'colcon_pkg'
[1.528s] Level 1:colcon.colcon_core.package_identification:_identify(src) by extensions ['colcon_meta']
[1.528s] Level 1:colcon.colcon_core.package_identification:_identify(src) by extension 'colcon_meta'
[1.528s] Level 1:colcon.colcon_core.package_identification:_identify(src) by extensions ['ros']
[1.528s] Level 1:colcon.colcon_core.package_identification:_identify(src) by extension 'ros'
[1.528s] Level 1:colcon.colcon_core.package_identification:_identify(src) by extensions ['cmake', 'python']
[1.528s] Level 1:colcon.colcon_core.package_identification:_identify(src) by extension 'cmake'
[1.528s] Level 1:colcon.colcon_core.package_identification:_identify(src) by extension 'python'
[1.528s] Level 1:colcon.colcon_core.package_identification:_identify(src) by extensions ['python_setup_py']
[1.528s] Level 1:colcon.colcon_core.package_identification:_identify(src) by extension 'python_setup_py'
[1.528s] Level 1:colcon.colcon_core.package_identification:_identify(src/midterm_2024) by extensions ['ignore', 'ignore_ament_install']
[1.528s] Level 1:colcon.colcon_core.package_identification:_identify(src/midterm_2024) by extension 'ignore'
[1.528s] Level 1:colcon.colcon_core.package_identification:_identify(src/midterm_2024) by extension 'ignore_ament_install'
[1.528s] Level 1:colcon.colcon_core.package_identification:_identify(src/midterm_2024) by extensions ['colcon_pkg']
[1.528s] Level 1:colcon.colcon_core.package_identification:_identify(src/midterm_2024) by extension 'colcon_pkg'
[1.528s] Level 1:colcon.colcon_core.package_identification:_identify(src/midterm_2024) by extensions ['colcon_meta']
[1.528s] Level 1:colcon.colcon_core.package_identification:_identify(src/midterm_2024) by extension 'colcon_meta'
[1.529s] Level 1:colcon.colcon_core.package_identification:_identify(src/midterm_2024) by extensions ['ros']
[1.529s] Level 1:colcon.colcon_core.package_identification:_identify(src/midterm_2024) by extension 'ros'
[1.535s] DEBUG:colcon.colcon_core.package_identification:Package 'src/midterm_2024' with type 'ros.ament_cmake' and name 'midterm_2024'
[1.536s] Level 1:colcon.colcon_core.package_identification:_identify(src/midterm_2024_msg) by extensions ['ignore', 'ignore_ament_install']
[1.536s] Level 1:colcon.colcon_core.package_identification:_identify(src/midterm_2024_msg) by extension 'ignore'
[1.536s] Level 1:colcon.colcon_core.package_identification:_identify(src/midterm_2024_msg) by extension 'ignore_ament_install'
[1.536s] Level 1:colcon.colcon_core.package_identification:_identify(src/midterm_2024_msg) by extensions ['colcon_pkg']
[1.536s] Level 1:colcon.colcon_core.package_identification:_identify(src/midterm_2024_msg) by extension 'colcon_pkg'
[1.536s] Level 1:colcon.colcon_core.package_identification:_identify(src/midterm_2024_msg) by extensions ['colcon_meta']
[1.536s] Level 1:colcon.colcon_core.package_identification:_identify(src/midterm_2024_msg) by extension 'colcon_meta'
[1.536s] Level 1:colcon.colcon_core.package_identification:_identify(src/midterm_2024_msg) by extensions ['ros']
[1.536s] Level 1:colcon.colcon_core.package_identification:_identify(src/midterm_2024_msg) by extension 'ros'
[1.537s] DEBUG:colcon.colcon_core.package_identification:Package 'src/midterm_2024_msg' with type 'ros.ament_cmake' and name 'midterm_2024_msg'
[1.538s] Level 1:colcon.colcon_core.package_discovery:discover_packages(recursive) using defaults
[1.538s] Level 1:colcon.colcon_core.package_discovery:discover_packages(ignore) discover
[1.538s] Level 1:colcon.colcon_core.package_discovery:discover_packages(ignore) using defaults
[1.538s] Level 1:colcon.colcon_core.package_discovery:discover_packages(path) discover
[1.538s] Level 1:colcon.colcon_core.package_discovery:discover_packages(path) using defaults
[1.687s] Level 1:colcon.colcon_core.package_discovery:discover_packages(prefix_path) check parameters
[1.687s] Level 1:colcon.colcon_core.package_discovery:discover_packages(prefix_path) discover
[1.733s] DEBUG:colcon.colcon_installed_package_information.package_discovery:Found 2 installed packages in /home/jisang/midterm/ros_ws/install
[1.760s] DEBUG:colcon.colcon_installed_package_information.package_discovery:Found 309 installed packages in /opt/ros/humble
[1.762s] Level 1:colcon.colcon_core.package_discovery:discover_packages(prefix_path) using defaults
[1.923s] Level 5:colcon.colcon_core.verb:set package 'midterm_2024_msg' build argument 'cmake_args' from command line to 'None'
[1.923s] Level 5:colcon.colcon_core.verb:set package 'midterm_2024_msg' build argument 'cmake_target' from command line to 'None'
[1.923s] Level 5:colcon.colcon_core.verb:set package 'midterm_2024_msg' build argument 'cmake_target_skip_unavailable' from command line to 'False'
[1.923s] Level 5:colcon.colcon_core.verb:set package 'midterm_2024_msg' build argument 'cmake_clean_cache' from command line to 'False'
[1.923s] Level 5:colcon.colcon_core.verb:set package 'midterm_2024_msg' build argument 'cmake_clean_first' from command line to 'False'
[1.923s] Level 5:colcon.colcon_core.verb:set package 'midterm_2024_msg' build argument 'cmake_force_configure' from command line to 'False'
[1.924s] Level 5:colcon.colcon_core.verb:set package 'midterm_2024_msg' build argument 'ament_cmake_args' from command line to 'None'
[1.924s] Level 5:colcon.colcon_core.verb:set package 'midterm_2024_msg' build argument 'catkin_cmake_args' from command line to 'None'
[1.924s] Level 5:colcon.colcon_core.verb:set package 'midterm_2024_msg' build argument 'catkin_skip_building_tests' from command line to 'False'
[1.924s] DEBUG:colcon.colcon_core.verb:Building package 'midterm_2024_msg' with the following arguments: {'ament_cmake_args': None, 'build_base': '/home/jisang/midterm/ros_ws/build/midterm_2024_msg', 'catkin_cmake_args': None, 'catkin_skip_building_tests': False, 'cmake_args': None, 'cmake_clean_cache': False, 'cmake_clean_first': False, 'cmake_force_configure': False, 'cmake_target': None, 'cmake_target_skip_unavailable': False, 'install_base': '/home/jisang/midterm/ros_ws/install/midterm_2024_msg', 'merge_install': False, 'path': '/home/jisang/midterm/ros_ws/src/midterm_2024_msg', 'symlink_install': False, 'test_result_base': None}
[1.944s] Level 5:colcon.colcon_core.verb:set package 'midterm_2024' build argument 'cmake_args' from command line to 'None'
[1.944s] Level 5:colcon.colcon_core.verb:set package 'midterm_2024' build argument 'cmake_target' from command line to 'None'
[1.944s] Level 5:colcon.colcon_core.verb:set package 'midterm_2024' build argument 'cmake_target_skip_unavailable' from command line to 'False'
[1.944s] Level 5:colcon.colcon_core.verb:set package 'midterm_2024' build argument 'cmake_clean_cache' from command line to 'False'
[1.944s] Level 5:colcon.colcon_core.verb:set package 'midterm_2024' build argument 'cmake_clean_first' from command line to 'False'
[1.944s] Level 5:colcon.colcon_core.verb:set package 'midterm_2024' build argument 'cmake_force_configure' from command line to 'False'
[1.944s] Level 5:colcon.colcon_core.verb:set package 'midterm_2024' build argument 'ament_cmake_args' from command line to 'None'
[1.944s] Level 5:colcon.colcon_core.verb:set package 'midterm_2024' build argument 'catkin_cmake_args' from command line to 'None'
[1.946s] Level 5:colcon.colcon_core.verb:set package 'midterm_2024' build argument 'catkin_skip_building_tests' from command line to 'False'
[1.946s] DEBUG:colcon.colcon_core.verb:Building package 'midterm_2024' with the following arguments: {'ament_cmake_args': None, 'build_base': '/home/jisang/midterm/ros_ws/build/midterm_2024', 'catkin_cmake_args': None, 'catkin_skip_building_tests': False, 'cmake_args': None, 'cmake_clean_cache': False, 'cmake_clean_first': False, 'cmake_force_configure': False, 'cmake_target': None, 'cmake_target_skip_unavailable': False, 'install_base': '/home/jisang/midterm/ros_ws/install/midterm_2024', 'merge_install': False, 'path': '/home/jisang/midterm/ros_ws/src/midterm_2024', 'symlink_install': False, 'test_result_base': None}
[1.967s] INFO:colcon.colcon_core.executor:Executing jobs using 'parallel' executor
[1.989s] DEBUG:colcon.colcon_parallel_executor.executor.parallel:run_until_complete
[1.989s] INFO:colcon.colcon_ros.task.ament_cmake.build:Building ROS package in '/home/jisang/midterm/ros_ws/src/midterm_2024_msg' with build type 'ament_cmake'
[1.990s] INFO:colcon.colcon_cmake.task.cmake.build:Building CMake package in '/home/jisang/midterm/ros_ws/src/midterm_2024_msg'
[2.016s] INFO:colcon.colcon_core.plugin_system:Skipping extension 'colcon_core.shell.bat': Not used on non-Windows systems
[2.017s] INFO:colcon.colcon_core.shell:Skip shell extension 'powershell' for command environment: Not usable outside of PowerShell
[2.017s] DEBUG:colcon.colcon_core.shell:Skip shell extension 'dsv' for command environment
[2.135s] DEBUG:colcon.colcon_core.event_handler.log_command:Invoking command in '/home/jisang/midterm/ros_ws/build/midterm_2024_msg': CMAKE_PREFIX_PATH=${CMAKE_PREFIX_PATH}:/opt/ros/humble WSLENV=ELECTRON_RUN_AS_NODE/w:WT_SESSION:WT_PROFILE_ID: /usr/bin/cmake --build /home/jisang/midterm/ros_ws/build/midterm_2024_msg -- -j4 -l4
[3.381s] DEBUG:colcon.colcon_core.event_handler.log_command:Invoked command in '/home/jisang/midterm/ros_ws/build/midterm_2024_msg' returned '0': CMAKE_PREFIX_PATH=${CMAKE_PREFIX_PATH}:/opt/ros/humble WSLENV=ELECTRON_RUN_AS_NODE/w:WT_SESSION:WT_PROFILE_ID: /usr/bin/cmake --build /home/jisang/midterm/ros_ws/build/midterm_2024_msg -- -j4 -l4
[3.515s] DEBUG:colcon.colcon_core.event_handler.log_command:Invoking command in '/home/jisang/midterm/ros_ws/build/midterm_2024_msg': CMAKE_PREFIX_PATH=${CMAKE_PREFIX_PATH}:/opt/ros/humble WSLENV=ELECTRON_RUN_AS_NODE/w:WT_SESSION:WT_PROFILE_ID: /usr/bin/cmake --install /home/jisang/midterm/ros_ws/build/midterm_2024_msg
[3.654s] Level 1:colcon.colcon_core.environment:create_environment_scripts_only(midterm_2024_msg)
[3.655s] DEBUG:colcon.colcon_core.event_handler.log_command:Invoked command in '/home/jisang/midterm/ros_ws/build/midterm_2024_msg' returned '0': CMAKE_PREFIX_PATH=${CMAKE_PREFIX_PATH}:/opt/ros/humble WSLENV=ELECTRON_RUN_AS_NODE/w:WT_SESSION:WT_PROFILE_ID: /usr/bin/cmake --install /home/jisang/midterm/ros_ws/build/midterm_2024_msg
[3.679s] Level 1:colcon.colcon_core.environment:checking '/home/jisang/midterm/ros_ws/install/midterm_2024_msg' for CMake module files
[3.682s] Level 1:colcon.colcon_core.environment:checking '/home/jisang/midterm/ros_ws/install/midterm_2024_msg' for CMake config files
[3.682s] Level 1:colcon.colcon_core.shell:create_environment_hook('midterm_2024_msg', 'cmake_prefix_path')
[3.707s] INFO:colcon.colcon_core.shell:Creating environment hook '/home/jisang/midterm/ros_ws/install/midterm_2024_msg/share/midterm_2024_msg/hook/cmake_prefix_path.ps1'
[3.708s] INFO:colcon.colcon_core.shell:Creating environment descriptor '/home/jisang/midterm/ros_ws/install/midterm_2024_msg/share/midterm_2024_msg/hook/cmake_prefix_path.dsv'
[3.708s] INFO:colcon.colcon_core.shell:Creating environment hook '/home/jisang/midterm/ros_ws/install/midterm_2024_msg/share/midterm_2024_msg/hook/cmake_prefix_path.sh'
[3.710s] Level 1:colcon.colcon_core.environment:checking '/home/jisang/midterm/ros_ws/install/midterm_2024_msg/lib'
[3.710s] Level 1:colcon.colcon_core.shell:create_environment_hook('midterm_2024_msg', 'ld_library_path_lib')
[3.741s] INFO:colcon.colcon_core.shell:Creating environment hook '/home/jisang/midterm/ros_ws/install/midterm_2024_msg/share/midterm_2024_msg/hook/ld_library_path_lib.ps1'
[3.741s] INFO:colcon.colcon_core.shell:Creating environment descriptor '/home/jisang/midterm/ros_ws/install/midterm_2024_msg/share/midterm_2024_msg/hook/ld_library_path_lib.dsv'
[3.743s] INFO:colcon.colcon_core.shell:Creating environment hook '/home/jisang/midterm/ros_ws/install/midterm_2024_msg/share/midterm_2024_msg/hook/ld_library_path_lib.sh'
[3.744s] Level 1:colcon.colcon_core.environment:checking '/home/jisang/midterm/ros_ws/install/midterm_2024_msg/bin'
[3.744s] Level 1:colcon.colcon_core.environment:checking '/home/jisang/midterm/ros_ws/install/midterm_2024_msg/lib/pkgconfig/midterm_2024_msg.pc'
[3.744s] Level 1:colcon.colcon_core.environment:checking '/home/jisang/midterm/ros_ws/install/midterm_2024_msg/lib/python3.10/site-packages'
[3.745s] Level 1:colcon.colcon_core.environment:checking '/home/jisang/midterm/ros_ws/install/midterm_2024_msg/bin'
[3.766s] INFO:colcon.colcon_core.shell:Creating package script '/home/jisang/midterm/ros_ws/install/midterm_2024_msg/share/midterm_2024_msg/package.ps1'
[3.768s] INFO:colcon.colcon_core.shell:Creating package descriptor '/home/jisang/midterm/ros_ws/install/midterm_2024_msg/share/midterm_2024_msg/package.dsv'
[3.769s] INFO:colcon.colcon_core.shell:Creating package script '/home/jisang/midterm/ros_ws/install/midterm_2024_msg/share/midterm_2024_msg/package.sh'
[3.770s] INFO:colcon.colcon_core.shell:Creating package script '/home/jisang/midterm/ros_ws/install/midterm_2024_msg/share/midterm_2024_msg/package.bash'
[3.772s] INFO:colcon.colcon_core.shell:Creating package script '/home/jisang/midterm/ros_ws/install/midterm_2024_msg/share/midterm_2024_msg/package.zsh'
[3.773s] Level 1:colcon.colcon_core.environment:create_file_with_runtime_dependencies(/home/jisang/midterm/ros_ws/install/midterm_2024_msg/share/colcon-core/packages/midterm_2024_msg)
[3.908s] Level 1:colcon.colcon_core.environment:create_environment_scripts_only(midterm_2024_msg)
[3.939s] Level 1:colcon.colcon_core.environment:checking '/home/jisang/midterm/ros_ws/install/midterm_2024_msg' for CMake module files
[3.940s] Level 1:colcon.colcon_core.environment:checking '/home/jisang/midterm/ros_ws/install/midterm_2024_msg' for CMake config files
[3.941s] Level 1:colcon.colcon_core.shell:create_environment_hook('midterm_2024_msg', 'cmake_prefix_path')
[3.961s] INFO:colcon.colcon_core.shell:Creating environment hook '/home/jisang/midterm/ros_ws/install/midterm_2024_msg/share/midterm_2024_msg/hook/cmake_prefix_path.ps1'
[3.961s] INFO:colcon.colcon_core.shell:Creating environment descriptor '/home/jisang/midterm/ros_ws/install/midterm_2024_msg/share/midterm_2024_msg/hook/cmake_prefix_path.dsv'
[3.962s] INFO:colcon.colcon_core.shell:Creating environment hook '/home/jisang/midterm/ros_ws/install/midterm_2024_msg/share/midterm_2024_msg/hook/cmake_prefix_path.sh'
[3.963s] Level 1:colcon.colcon_core.environment:checking '/home/jisang/midterm/ros_ws/install/midterm_2024_msg/lib'
[3.963s] Level 1:colcon.colcon_core.shell:create_environment_hook('midterm_2024_msg', 'ld_library_path_lib')
[4.019s] INFO:colcon.colcon_core.shell:Creating environment hook '/home/jisang/midterm/ros_ws/install/midterm_2024_msg/share/midterm_2024_msg/hook/ld_library_path_lib.ps1'
[4.020s] INFO:colcon.colcon_core.shell:Creating environment descriptor '/home/jisang/midterm/ros_ws/install/midterm_2024_msg/share/midterm_2024_msg/hook/ld_library_path_lib.dsv'
[4.021s] INFO:colcon.colcon_core.shell:Creating environment hook '/home/jisang/midterm/ros_ws/install/midterm_2024_msg/share/midterm_2024_msg/hook/ld_library_path_lib.sh'
[4.021s] Level 1:colcon.colcon_core.environment:checking '/home/jisang/midterm/ros_ws/install/midterm_2024_msg/bin'
[4.021s] Level 1:colcon.colcon_core.environment:checking '/home/jisang/midterm/ros_ws/install/midterm_2024_msg/lib/pkgconfig/midterm_2024_msg.pc'
[4.022s] Level 1:colcon.colcon_core.environment:checking '/home/jisang/midterm/ros_ws/install/midterm_2024_msg/lib/python3.10/site-packages'
[4.022s] Level 1:colcon.colcon_core.environment:checking '/home/jisang/midterm/ros_ws/install/midterm_2024_msg/bin'
[4.048s] INFO:colcon.colcon_core.shell:Creating package script '/home/jisang/midterm/ros_ws/install/midterm_2024_msg/share/midterm_2024_msg/package.ps1'
[4.049s] INFO:colcon.colcon_core.shell:Creating package descriptor '/home/jisang/midterm/ros_ws/install/midterm_2024_msg/share/midterm_2024_msg/package.dsv'
[4.051s] INFO:colcon.colcon_core.shell:Creating package script '/home/jisang/midterm/ros_ws/install/midterm_2024_msg/share/midterm_2024_msg/package.sh'
[4.052s] INFO:colcon.colcon_core.shell:Creating package script '/home/jisang/midterm/ros_ws/install/midterm_2024_msg/share/midterm_2024_msg/package.bash'
[4.053s] INFO:colcon.colcon_core.shell:Creating package script '/home/jisang/midterm/ros_ws/install/midterm_2024_msg/share/midterm_2024_msg/package.zsh'
[4.054s] Level 1:colcon.colcon_core.environment:create_file_with_runtime_dependencies(/home/jisang/midterm/ros_ws/install/midterm_2024_msg/share/colcon-core/packages/midterm_2024_msg)
[4.056s] INFO:colcon.colcon_ros.task.ament_cmake.build:Building ROS package in '/home/jisang/midterm/ros_ws/src/midterm_2024' with build type 'ament_cmake'
[4.057s] INFO:colcon.colcon_cmake.task.cmake.build:Building CMake package in '/home/jisang/midterm/ros_ws/src/midterm_2024'
[4.089s] INFO:colcon.colcon_core.shell:Skip shell extension 'powershell' for command environment: Not usable outside of PowerShell
[4.089s] DEBUG:colcon.colcon_core.shell:Skip shell extension 'dsv' for command environment
[4.347s] DEBUG:colcon.colcon_core.event_handler.log_command:Invoking command in '/home/jisang/midterm/ros_ws/build/midterm_2024': CMAKE_PREFIX_PATH=/home/jisang/midterm/ros_ws/install/midterm_2024_msg:/home/jisang/midterm/ros_ws/install/midterm_2024:/opt/ros/humble WSLENV=ELECTRON_RUN_AS_NODE/w:WT_SESSION:WT_PROFILE_ID: /usr/bin/cmake --build /home/jisang/midterm/ros_ws/build/midterm_2024 -- -j4 -l4
[14.102s] DEBUG:colcon.colcon_core.event_handler.log_command:Invoked command in '/home/jisang/midterm/ros_ws/build/midterm_2024' returned '2': CMAKE_PREFIX_PATH=/home/jisang/midterm/ros_ws/install/midterm_2024_msg:/home/jisang/midterm/ros_ws/install/midterm_2024:/opt/ros/humble WSLENV=ELECTRON_RUN_AS_NODE/w:WT_SESSION:WT_PROFILE_ID: /usr/bin/cmake --build /home/jisang/midterm/ros_ws/build/midterm_2024 -- -j4 -l4
[14.172s] Level 1:colcon.colcon_core.environment:create_environment_scripts_only(midterm_2024)
[14.198s] Level 1:colcon.colcon_core.environment:checking '/home/jisang/midterm/ros_ws/install/midterm_2024' for CMake module files
[14.199s] Level 1:colcon.colcon_core.environment:checking '/home/jisang/midterm/ros_ws/install/midterm_2024' for CMake config files
[14.199s] Level 1:colcon.colcon_core.shell:create_environment_hook('midterm_2024', 'cmake_prefix_path')
[14.220s] INFO:colcon.colcon_core.shell:Creating environment hook '/home/jisang/midterm/ros_ws/install/midterm_2024/share/midterm_2024/hook/cmake_prefix_path.ps1'
[14.222s] INFO:colcon.colcon_core.shell:Creating environment descriptor '/home/jisang/midterm/ros_ws/install/midterm_2024/share/midterm_2024/hook/cmake_prefix_path.dsv'
[14.223s] INFO:colcon.colcon_core.shell:Creating environment hook '/home/jisang/midterm/ros_ws/install/midterm_2024/share/midterm_2024/hook/cmake_prefix_path.sh'
[14.229s] Level 1:colcon.colcon_core.environment:checking '/home/jisang/midterm/ros_ws/install/midterm_2024/lib'
[14.230s] Level 1:colcon.colcon_core.environment:checking '/home/jisang/midterm/ros_ws/install/midterm_2024/bin'
[14.232s] Level 1:colcon.colcon_core.environment:checking '/home/jisang/midterm/ros_ws/install/midterm_2024/lib/pkgconfig/midterm_2024.pc'
[14.232s] Level 1:colcon.colcon_core.environment:checking '/home/jisang/midterm/ros_ws/install/midterm_2024/lib/python3.10/site-packages'
[14.234s] Level 1:colcon.colcon_core.environment:checking '/home/jisang/midterm/ros_ws/install/midterm_2024/bin'
[14.252s] INFO:colcon.colcon_core.shell:Creating package script '/home/jisang/midterm/ros_ws/install/midterm_2024/share/midterm_2024/package.ps1'
[14.253s] INFO:colcon.colcon_core.shell:Creating package descriptor '/home/jisang/midterm/ros_ws/install/midterm_2024/share/midterm_2024/package.dsv'
[14.254s] INFO:colcon.colcon_core.shell:Creating package script '/home/jisang/midterm/ros_ws/install/midterm_2024/share/midterm_2024/package.sh'
[14.254s] INFO:colcon.colcon_core.shell:Creating package script '/home/jisang/midterm/ros_ws/install/midterm_2024/share/midterm_2024/package.bash'
[14.255s] INFO:colcon.colcon_core.shell:Creating package script '/home/jisang/midterm/ros_ws/install/midterm_2024/share/midterm_2024/package.zsh'
[14.255s] Level 1:colcon.colcon_core.environment:create_file_with_runtime_dependencies(/home/jisang/midterm/ros_ws/install/midterm_2024/share/colcon-core/packages/midterm_2024)
[14.257s] DEBUG:colcon.colcon_parallel_executor.executor.parallel:closing loop
[14.257s] DEBUG:colcon.colcon_parallel_executor.executor.parallel:loop closed
[14.257s] DEBUG:colcon.colcon_parallel_executor.executor.parallel:run_until_complete finished with '2'
[14.257s] DEBUG:colcon.colcon_core.event_reactor:joining thread
[14.374s] INFO:colcon.colcon_core.plugin_system:Skipping extension 'colcon_notification.desktop_notification.notify_send': Could not find 'notify-send'
[14.374s] INFO:colcon.colcon_core.plugin_system:Skipping extension 'colcon_notification.desktop_notification.terminal_notifier': Not used on non-Darwin systems
[14.374s] INFO:colcon.colcon_core.plugin_system:Skipping extension 'colcon_notification.desktop_notification.win32': Not used on non-Windows systems
[14.374s] INFO:colcon.colcon_notification.desktop_notification:Sending desktop notification using 'notify2'
[71.761s] DEBUG:colcon.colcon_notification.desktop_notification.notify2:Failed to initialize notify2: org.freedesktop.DBus.Error.Spawn.ExecFailed: /usr/bin/dbus-launch terminated abnormally without any error message
