[0.085s] Invoking command in '/home/jisang/midterm/ros_ws/build/midterm_2024_msg': CMAKE_PREFIX_PATH=${CMAKE_PREFIX_PATH}:/opt/ros/humble WSLENV=ELECTRON_RUN_AS_NODE/w:WT_SESSION:WT_PROFILE_ID: /usr/bin/cmake --build /home/jisang/midterm/ros_ws/build/midterm_2024_msg -- -j4 -l4
[0.131s] [  3%] Built target midterm_2024_msg__cpp
[0.132s] [ 12%] Built target midterm_2024_msg__rosidl_generator_c
[0.142s] [ 12%] Built target ament_cmake_python_copy_midterm_2024_msg
[0.156s] [ 22%] Built target midterm_2024_msg__rosidl_typesupport_fastrtps_c
[0.160s] [ 32%] Built target midterm_2024_msg__rosidl_typesupport_c
[0.165s] [ 41%] Built target midterm_2024_msg__rosidl_typesupport_introspection_c
[0.168s] [ 51%] Built target midterm_2024_msg__rosidl_typesupport_fastrtps_cpp
[0.186s] [ 61%] Built target midterm_2024_msg__rosidl_typesupport_introspection_cpp
[0.192s] [ 70%] Built target midterm_2024_msg__rosidl_typesupport_cpp
[0.216s] [ 70%] Built target midterm_2024_msg
[0.239s] [ 74%] Built target midterm_2024_msg__py
[0.263s] [ 80%] Built target midterm_2024_msg__rosidl_generator_py
[0.288s] [ 87%] Built target midterm_2024_msg__rosidl_typesupport_fastrtps_c__pyext
[0.289s] [ 93%] Built target midterm_2024_msg__rosidl_typesupport_introspection_c__pyext
[0.291s] [100%] Built target midterm_2024_msg__rosidl_typesupport_c__pyext
[0.469s] running egg_info
[0.470s] writing midterm_2024_msg.egg-info/PKG-INFO
[0.470s] writing dependency_links to midterm_2024_msg.egg-info/dependency_links.txt
[0.470s] writing top-level names to midterm_2024_msg.egg-info/top_level.txt
[0.473s] reading manifest file 'midterm_2024_msg.egg-info/SOURCES.txt'
[0.474s] writing manifest file 'midterm_2024_msg.egg-info/SOURCES.txt'
[0.503s] [100%] Built target ament_cmake_python_build_midterm_2024_msg_egg
[0.514s] Invoked command in '/home/jisang/midterm/ros_ws/build/midterm_2024_msg' returned '0': CMAKE_PREFIX_PATH=${CMAKE_PREFIX_PATH}:/opt/ros/humble WSLENV=ELECTRON_RUN_AS_NODE/w:WT_SESSION:WT_PROFILE_ID: /usr/bin/cmake --build /home/jisang/midterm/ros_ws/build/midterm_2024_msg -- -j4 -l4
[0.584s] Invoking command in '/home/jisang/midterm/ros_ws/build/midterm_2024_msg': CMAKE_PREFIX_PATH=${CMAKE_PREFIX_PATH}:/opt/ros/humble WSLENV=ELECTRON_RUN_AS_NODE/w:WT_SESSION:WT_PROFILE_ID: /usr/bin/cmake --install /home/jisang/midterm/ros_ws/build/midterm_2024_msg
[0.591s] -- Install configuration: ""
[0.591s] -- Up-to-date: /home/jisang/midterm/ros_ws/install/midterm_2024_msg/share/ament_index/resource_index/rosidl_interfaces/midterm_2024_msg
[0.591s] -- Up-to-date: /home/jisang/midterm/ros_ws/install/midterm_2024_msg/include/midterm_2024_msg/midterm_2024_msg
[0.592s] -- Up-to-date: /home/jisang/midterm/ros_ws/install/midterm_2024_msg/include/midterm_2024_msg/midterm_2024_msg/msg
[0.592s] -- Up-to-date: /home/jisang/midterm/ros_ws/install/midterm_2024_msg/include/midterm_2024_msg/midterm_2024_msg/msg/midterm.h
[0.592s] -- Up-to-date: /home/jisang/midterm/ros_ws/install/midterm_2024_msg/include/midterm_2024_msg/midterm_2024_msg/msg/rosidl_generator_c__visibility_control.h
[0.592s] -- Up-to-date: /home/jisang/midterm/ros_ws/install/midterm_2024_msg/include/midterm_2024_msg/midterm_2024_msg/msg/detail
[0.592s] -- Up-to-date: /home/jisang/midterm/ros_ws/install/midterm_2024_msg/include/midterm_2024_msg/midterm_2024_msg/msg/detail/midterm__type_support.h
[0.592s] -- Up-to-date: /home/jisang/midterm/ros_ws/install/midterm_2024_msg/include/midterm_2024_msg/midterm_2024_msg/msg/detail/midterm__functions.h
[0.592s] -- Up-to-date: /home/jisang/midterm/ros_ws/install/midterm_2024_msg/include/midterm_2024_msg/midterm_2024_msg/msg/detail/midterm__struct.h
[0.592s] -- Up-to-date: /home/jisang/midterm/ros_ws/install/midterm_2024_msg/include/midterm_2024_msg/midterm_2024_msg/msg/detail/midterm__functions.c
[0.592s] -- Up-to-date: /home/jisang/midterm/ros_ws/install/midterm_2024_msg/share/midterm_2024_msg/environment/library_path.sh
[0.592s] -- Up-to-date: /home/jisang/midterm/ros_ws/install/midterm_2024_msg/share/midterm_2024_msg/environment/library_path.dsv
[0.593s] -- Up-to-date: /home/jisang/midterm/ros_ws/install/midterm_2024_msg/lib/libmidterm_2024_msg__rosidl_generator_c.so
[0.593s] -- Up-to-date: /home/jisang/midterm/ros_ws/install/midterm_2024_msg/include/midterm_2024_msg/midterm_2024_msg
[0.593s] -- Up-to-date: /home/jisang/midterm/ros_ws/install/midterm_2024_msg/include/midterm_2024_msg/midterm_2024_msg/msg
[0.593s] -- Up-to-date: /home/jisang/midterm/ros_ws/install/midterm_2024_msg/include/midterm_2024_msg/midterm_2024_msg/msg/rosidl_typesupport_fastrtps_c__visibility_control.h
[0.594s] -- Up-to-date: /home/jisang/midterm/ros_ws/install/midterm_2024_msg/include/midterm_2024_msg/midterm_2024_msg/msg/detail
[0.594s] -- Up-to-date: /home/jisang/midterm/ros_ws/install/midterm_2024_msg/include/midterm_2024_msg/midterm_2024_msg/msg/detail/midterm__rosidl_typesupport_fastrtps_c.h
[0.594s] -- Up-to-date: /home/jisang/midterm/ros_ws/install/midterm_2024_msg/lib/libmidterm_2024_msg__rosidl_typesupport_fastrtps_c.so
[0.594s] -- Up-to-date: /home/jisang/midterm/ros_ws/install/midterm_2024_msg/include/midterm_2024_msg/midterm_2024_msg
[0.594s] -- Up-to-date: /home/jisang/midterm/ros_ws/install/midterm_2024_msg/include/midterm_2024_msg/midterm_2024_msg/msg
[0.595s] -- Up-to-date: /home/jisang/midterm/ros_ws/install/midterm_2024_msg/include/midterm_2024_msg/midterm_2024_msg/msg/rosidl_typesupport_introspection_c__visibility_control.h
[0.595s] -- Up-to-date: /home/jisang/midterm/ros_ws/install/midterm_2024_msg/include/midterm_2024_msg/midterm_2024_msg/msg/detail
[0.595s] -- Up-to-date: /home/jisang/midterm/ros_ws/install/midterm_2024_msg/include/midterm_2024_msg/midterm_2024_msg/msg/detail/midterm__rosidl_typesupport_introspection_c.h
[0.596s] -- Up-to-date: /home/jisang/midterm/ros_ws/install/midterm_2024_msg/include/midterm_2024_msg/midterm_2024_msg/msg/detail/midterm__type_support.c
[0.596s] -- Up-to-date: /home/jisang/midterm/ros_ws/install/midterm_2024_msg/lib/libmidterm_2024_msg__rosidl_typesupport_introspection_c.so
[0.596s] -- Up-to-date: /home/jisang/midterm/ros_ws/install/midterm_2024_msg/lib/libmidterm_2024_msg__rosidl_typesupport_c.so
[0.596s] -- Up-to-date: /home/jisang/midterm/ros_ws/install/midterm_2024_msg/include/midterm_2024_msg/midterm_2024_msg
[0.597s] -- Up-to-date: /home/jisang/midterm/ros_ws/install/midterm_2024_msg/include/midterm_2024_msg/midterm_2024_msg/msg
[0.597s] -- Up-to-date: /home/jisang/midterm/ros_ws/install/midterm_2024_msg/include/midterm_2024_msg/midterm_2024_msg/msg/midterm.hpp
[0.597s] -- Up-to-date: /home/jisang/midterm/ros_ws/install/midterm_2024_msg/include/midterm_2024_msg/midterm_2024_msg/msg/detail
[0.597s] -- Up-to-date: /home/jisang/midterm/ros_ws/install/midterm_2024_msg/include/midterm_2024_msg/midterm_2024_msg/msg/detail/midterm__builder.hpp
[0.597s] -- Up-to-date: /home/jisang/midterm/ros_ws/install/midterm_2024_msg/include/midterm_2024_msg/midterm_2024_msg/msg/detail/midterm__struct.hpp
[0.597s] -- Up-to-date: /home/jisang/midterm/ros_ws/install/midterm_2024_msg/include/midterm_2024_msg/midterm_2024_msg/msg/detail/midterm__traits.hpp
[0.597s] -- Up-to-date: /home/jisang/midterm/ros_ws/install/midterm_2024_msg/include/midterm_2024_msg/midterm_2024_msg
[0.597s] -- Up-to-date: /home/jisang/midterm/ros_ws/install/midterm_2024_msg/include/midterm_2024_msg/midterm_2024_msg/msg
[0.597s] -- Up-to-date: /home/jisang/midterm/ros_ws/install/midterm_2024_msg/include/midterm_2024_msg/midterm_2024_msg/msg/rosidl_typesupport_fastrtps_cpp__visibility_control.h
[0.597s] -- Up-to-date: /home/jisang/midterm/ros_ws/install/midterm_2024_msg/include/midterm_2024_msg/midterm_2024_msg/msg/detail
[0.597s] -- Up-to-date: /home/jisang/midterm/ros_ws/install/midterm_2024_msg/include/midterm_2024_msg/midterm_2024_msg/msg/detail/midterm__rosidl_typesupport_fastrtps_cpp.hpp
[0.597s] -- Up-to-date: /home/jisang/midterm/ros_ws/install/midterm_2024_msg/include/midterm_2024_msg/midterm_2024_msg/msg/detail/dds_fastrtps
[0.597s] -- Up-to-date: /home/jisang/midterm/ros_ws/install/midterm_2024_msg/lib/libmidterm_2024_msg__rosidl_typesupport_fastrtps_cpp.so
[0.597s] -- Up-to-date: /home/jisang/midterm/ros_ws/install/midterm_2024_msg/include/midterm_2024_msg/midterm_2024_msg
[0.597s] -- Up-to-date: /home/jisang/midterm/ros_ws/install/midterm_2024_msg/include/midterm_2024_msg/midterm_2024_msg/msg
[0.598s] -- Up-to-date: /home/jisang/midterm/ros_ws/install/midterm_2024_msg/include/midterm_2024_msg/midterm_2024_msg/msg/detail
[0.598s] -- Up-to-date: /home/jisang/midterm/ros_ws/install/midterm_2024_msg/include/midterm_2024_msg/midterm_2024_msg/msg/detail/midterm__rosidl_typesupport_introspection_cpp.hpp
[0.598s] -- Up-to-date: /home/jisang/midterm/ros_ws/install/midterm_2024_msg/include/midterm_2024_msg/midterm_2024_msg/msg/detail/midterm__type_support.cpp
[0.598s] -- Up-to-date: /home/jisang/midterm/ros_ws/install/midterm_2024_msg/lib/libmidterm_2024_msg__rosidl_typesupport_introspection_cpp.so
[0.598s] -- Up-to-date: /home/jisang/midterm/ros_ws/install/midterm_2024_msg/lib/libmidterm_2024_msg__rosidl_typesupport_cpp.so
[0.598s] -- Up-to-date: /home/jisang/midterm/ros_ws/install/midterm_2024_msg/share/midterm_2024_msg/environment/pythonpath.sh
[0.598s] -- Up-to-date: /home/jisang/midterm/ros_ws/install/midterm_2024_msg/share/midterm_2024_msg/environment/pythonpath.dsv
[0.598s] -- Up-to-date: /home/jisang/midterm/ros_ws/install/midterm_2024_msg/local/lib/python3.10/dist-packages/midterm_2024_msg-0.0.0-py3.10.egg-info
[0.598s] -- Installing: /home/jisang/midterm/ros_ws/install/midterm_2024_msg/local/lib/python3.10/dist-packages/midterm_2024_msg-0.0.0-py3.10.egg-info/top_level.txt
[0.598s] -- Installing: /home/jisang/midterm/ros_ws/install/midterm_2024_msg/local/lib/python3.10/dist-packages/midterm_2024_msg-0.0.0-py3.10.egg-info/dependency_links.txt
[0.598s] -- Installing: /home/jisang/midterm/ros_ws/install/midterm_2024_msg/local/lib/python3.10/dist-packages/midterm_2024_msg-0.0.0-py3.10.egg-info/SOURCES.txt
[0.598s] -- Installing: /home/jisang/midterm/ros_ws/install/midterm_2024_msg/local/lib/python3.10/dist-packages/midterm_2024_msg-0.0.0-py3.10.egg-info/PKG-INFO
[0.598s] -- Up-to-date: /home/jisang/midterm/ros_ws/install/midterm_2024_msg/local/lib/python3.10/dist-packages/midterm_2024_msg
[0.598s] -- Up-to-date: /home/jisang/midterm/ros_ws/install/midterm_2024_msg/local/lib/python3.10/dist-packages/midterm_2024_msg/midterm_2024_msg_s__rosidl_typesupport_introspection_c.cpython-310-x86_64-linux-gnu.so
[0.598s] -- Up-to-date: /home/jisang/midterm/ros_ws/install/midterm_2024_msg/local/lib/python3.10/dist-packages/midterm_2024_msg/midterm_2024_msg_s__rosidl_typesupport_fastrtps_c.cpython-310-x86_64-linux-gnu.so
[0.598s] -- Up-to-date: /home/jisang/midterm/ros_ws/install/midterm_2024_msg/local/lib/python3.10/dist-packages/midterm_2024_msg/libmidterm_2024_msg__rosidl_generator_py.so
[0.598s] -- Up-to-date: /home/jisang/midterm/ros_ws/install/midterm_2024_msg/local/lib/python3.10/dist-packages/midterm_2024_msg/_midterm_2024_msg_s.ep.rosidl_typesupport_introspection_c.c
[0.599s] -- Up-to-date: /home/jisang/midterm/ros_ws/install/midterm_2024_msg/local/lib/python3.10/dist-packages/midterm_2024_msg/msg
[0.599s] -- Up-to-date: /home/jisang/midterm/ros_ws/install/midterm_2024_msg/local/lib/python3.10/dist-packages/midterm_2024_msg/msg/_midterm.py
[0.599s] -- Up-to-date: /home/jisang/midterm/ros_ws/install/midterm_2024_msg/local/lib/python3.10/dist-packages/midterm_2024_msg/msg/_midterm_s.c
[0.599s] -- Up-to-date: /home/jisang/midterm/ros_ws/install/midterm_2024_msg/local/lib/python3.10/dist-packages/midterm_2024_msg/msg/__init__.py
[0.599s] -- Up-to-date: /home/jisang/midterm/ros_ws/install/midterm_2024_msg/local/lib/python3.10/dist-packages/midterm_2024_msg/_midterm_2024_msg_s.ep.rosidl_typesupport_c.c
[0.599s] -- Up-to-date: /home/jisang/midterm/ros_ws/install/midterm_2024_msg/local/lib/python3.10/dist-packages/midterm_2024_msg/_midterm_2024_msg_s.ep.rosidl_typesupport_fastrtps_c.c
[0.599s] -- Up-to-date: /home/jisang/midterm/ros_ws/install/midterm_2024_msg/local/lib/python3.10/dist-packages/midterm_2024_msg/midterm_2024_msg_s__rosidl_typesupport_c.cpython-310-x86_64-linux-gnu.so
[0.599s] -- Up-to-date: /home/jisang/midterm/ros_ws/install/midterm_2024_msg/local/lib/python3.10/dist-packages/midterm_2024_msg/__init__.py
[0.635s] Listing '/home/jisang/midterm/ros_ws/install/midterm_2024_msg/local/lib/python3.10/dist-packages/midterm_2024_msg'...
[0.635s] Listing '/home/jisang/midterm/ros_ws/install/midterm_2024_msg/local/lib/python3.10/dist-packages/midterm_2024_msg/msg'...
[0.644s] -- Up-to-date: /home/jisang/midterm/ros_ws/install/midterm_2024_msg/local/lib/python3.10/dist-packages/midterm_2024_msg/midterm_2024_msg_s__rosidl_typesupport_fastrtps_c.cpython-310-x86_64-linux-gnu.so
[0.644s] -- Up-to-date: /home/jisang/midterm/ros_ws/install/midterm_2024_msg/local/lib/python3.10/dist-packages/midterm_2024_msg/midterm_2024_msg_s__rosidl_typesupport_introspection_c.cpython-310-x86_64-linux-gnu.so
[0.644s] -- Up-to-date: /home/jisang/midterm/ros_ws/install/midterm_2024_msg/local/lib/python3.10/dist-packages/midterm_2024_msg/midterm_2024_msg_s__rosidl_typesupport_c.cpython-310-x86_64-linux-gnu.so
[0.644s] -- Up-to-date: /home/jisang/midterm/ros_ws/install/midterm_2024_msg/lib/libmidterm_2024_msg__rosidl_generator_py.so
[0.646s] -- Up-to-date: /home/jisang/midterm/ros_ws/install/midterm_2024_msg/share/midterm_2024_msg/msg/Midterm.idl
[0.646s] -- Up-to-date: /home/jisang/midterm/ros_ws/install/midterm_2024_msg/share/midterm_2024_msg/msg/Midterm.msg
[0.646s] -- Up-to-date: /home/jisang/midterm/ros_ws/install/midterm_2024_msg/share/ament_index/resource_index/package_run_dependencies/midterm_2024_msg
[0.646s] -- Up-to-date: /home/jisang/midterm/ros_ws/install/midterm_2024_msg/share/ament_index/resource_index/parent_prefix_path/midterm_2024_msg
[0.647s] -- Up-to-date: /home/jisang/midterm/ros_ws/install/midterm_2024_msg/share/midterm_2024_msg/environment/ament_prefix_path.sh
[0.647s] -- Up-to-date: /home/jisang/midterm/ros_ws/install/midterm_2024_msg/share/midterm_2024_msg/environment/ament_prefix_path.dsv
[0.647s] -- Up-to-date: /home/jisang/midterm/ros_ws/install/midterm_2024_msg/share/midterm_2024_msg/environment/path.sh
[0.648s] -- Up-to-date: /home/jisang/midterm/ros_ws/install/midterm_2024_msg/share/midterm_2024_msg/environment/path.dsv
[0.648s] -- Up-to-date: /home/jisang/midterm/ros_ws/install/midterm_2024_msg/share/midterm_2024_msg/local_setup.bash
[0.648s] -- Up-to-date: /home/jisang/midterm/ros_ws/install/midterm_2024_msg/share/midterm_2024_msg/local_setup.sh
[0.648s] -- Up-to-date: /home/jisang/midterm/ros_ws/install/midterm_2024_msg/share/midterm_2024_msg/local_setup.zsh
[0.648s] -- Up-to-date: /home/jisang/midterm/ros_ws/install/midterm_2024_msg/share/midterm_2024_msg/local_setup.dsv
[0.648s] -- Installing: /home/jisang/midterm/ros_ws/install/midterm_2024_msg/share/midterm_2024_msg/package.dsv
[0.648s] -- Up-to-date: /home/jisang/midterm/ros_ws/install/midterm_2024_msg/share/ament_index/resource_index/packages/midterm_2024_msg
[0.649s] -- Up-to-date: /home/jisang/midterm/ros_ws/install/midterm_2024_msg/share/midterm_2024_msg/cmake/export_midterm_2024_msg__rosidl_generator_cExport.cmake
[0.649s] -- Up-to-date: /home/jisang/midterm/ros_ws/install/midterm_2024_msg/share/midterm_2024_msg/cmake/export_midterm_2024_msg__rosidl_generator_cExport-noconfig.cmake
[0.650s] -- Up-to-date: /home/jisang/midterm/ros_ws/install/midterm_2024_msg/share/midterm_2024_msg/cmake/export_midterm_2024_msg__rosidl_typesupport_fastrtps_cExport.cmake
[0.650s] -- Up-to-date: /home/jisang/midterm/ros_ws/install/midterm_2024_msg/share/midterm_2024_msg/cmake/export_midterm_2024_msg__rosidl_typesupport_fastrtps_cExport-noconfig.cmake
[0.650s] -- Up-to-date: /home/jisang/midterm/ros_ws/install/midterm_2024_msg/share/midterm_2024_msg/cmake/midterm_2024_msg__rosidl_typesupport_introspection_cExport.cmake
[0.650s] -- Up-to-date: /home/jisang/midterm/ros_ws/install/midterm_2024_msg/share/midterm_2024_msg/cmake/midterm_2024_msg__rosidl_typesupport_introspection_cExport-noconfig.cmake
[0.651s] -- Up-to-date: /home/jisang/midterm/ros_ws/install/midterm_2024_msg/share/midterm_2024_msg/cmake/midterm_2024_msg__rosidl_typesupport_cExport.cmake
[0.651s] -- Up-to-date: /home/jisang/midterm/ros_ws/install/midterm_2024_msg/share/midterm_2024_msg/cmake/midterm_2024_msg__rosidl_typesupport_cExport-noconfig.cmake
[0.652s] -- Up-to-date: /home/jisang/midterm/ros_ws/install/midterm_2024_msg/share/midterm_2024_msg/cmake/export_midterm_2024_msg__rosidl_generator_cppExport.cmake
[0.652s] -- Up-to-date: /home/jisang/midterm/ros_ws/install/midterm_2024_msg/share/midterm_2024_msg/cmake/export_midterm_2024_msg__rosidl_typesupport_fastrtps_cppExport.cmake
[0.652s] -- Up-to-date: /home/jisang/midterm/ros_ws/install/midterm_2024_msg/share/midterm_2024_msg/cmake/export_midterm_2024_msg__rosidl_typesupport_fastrtps_cppExport-noconfig.cmake
[0.652s] -- Up-to-date: /home/jisang/midterm/ros_ws/install/midterm_2024_msg/share/midterm_2024_msg/cmake/midterm_2024_msg__rosidl_typesupport_introspection_cppExport.cmake
[0.653s] -- Up-to-date: /home/jisang/midterm/ros_ws/install/midterm_2024_msg/share/midterm_2024_msg/cmake/midterm_2024_msg__rosidl_typesupport_introspection_cppExport-noconfig.cmake
[0.653s] -- Up-to-date: /home/jisang/midterm/ros_ws/install/midterm_2024_msg/share/midterm_2024_msg/cmake/midterm_2024_msg__rosidl_typesupport_cppExport.cmake
[0.653s] -- Up-to-date: /home/jisang/midterm/ros_ws/install/midterm_2024_msg/share/midterm_2024_msg/cmake/midterm_2024_msg__rosidl_typesupport_cppExport-noconfig.cmake
[0.653s] -- Up-to-date: /home/jisang/midterm/ros_ws/install/midterm_2024_msg/share/midterm_2024_msg/cmake/export_midterm_2024_msg__rosidl_generator_pyExport.cmake
[0.653s] -- Up-to-date: /home/jisang/midterm/ros_ws/install/midterm_2024_msg/share/midterm_2024_msg/cmake/export_midterm_2024_msg__rosidl_generator_pyExport-noconfig.cmake
[0.654s] -- Up-to-date: /home/jisang/midterm/ros_ws/install/midterm_2024_msg/share/midterm_2024_msg/cmake/rosidl_cmake-extras.cmake
[0.654s] -- Up-to-date: /home/jisang/midterm/ros_ws/install/midterm_2024_msg/share/midterm_2024_msg/cmake/ament_cmake_export_dependencies-extras.cmake
[0.654s] -- Up-to-date: /home/jisang/midterm/ros_ws/install/midterm_2024_msg/share/midterm_2024_msg/cmake/ament_cmake_export_include_directories-extras.cmake
[0.660s] -- Up-to-date: /home/jisang/midterm/ros_ws/install/midterm_2024_msg/share/midterm_2024_msg/cmake/ament_cmake_export_libraries-extras.cmake
[0.663s] -- Up-to-date: /home/jisang/midterm/ros_ws/install/midterm_2024_msg/share/midterm_2024_msg/cmake/ament_cmake_export_targets-extras.cmake
[0.664s] -- Up-to-date: /home/jisang/midterm/ros_ws/install/midterm_2024_msg/share/midterm_2024_msg/cmake/rosidl_cmake_export_typesupport_targets-extras.cmake
[0.665s] -- Up-to-date: /home/jisang/midterm/ros_ws/install/midterm_2024_msg/share/midterm_2024_msg/cmake/rosidl_cmake_export_typesupport_libraries-extras.cmake
[0.667s] -- Up-to-date: /home/jisang/midterm/ros_ws/install/midterm_2024_msg/share/midterm_2024_msg/cmake/midterm_2024_msgConfig.cmake
[0.669s] -- Up-to-date: /home/jisang/midterm/ros_ws/install/midterm_2024_msg/share/midterm_2024_msg/cmake/midterm_2024_msgConfig-version.cmake
[0.670s] -- Up-to-date: /home/jisang/midterm/ros_ws/install/midterm_2024_msg/share/midterm_2024_msg/package.xml
[0.670s] Invoked command in '/home/jisang/midterm/ros_ws/build/midterm_2024_msg' returned '0': CMAKE_PREFIX_PATH=${CMAKE_PREFIX_PATH}:/opt/ros/humble WSLENV=ELECTRON_RUN_AS_NODE/w:WT_SESSION:WT_PROFILE_ID: /usr/bin/cmake --install /home/jisang/midterm/ros_ws/build/midterm_2024_msg
