-- The C compiler identification is GNU 11.4.0
-- The CXX compiler identification is GNU 11.4.0
-- Detecting C compiler ABI info
-- Detecting C compiler ABI info - done
-- Check for working C compiler: /usr/bin/cc - skipped
-- Detecting C compile features
-- Detecting C compile features - done
-- Detecting CXX compiler ABI info
-- Detecting CXX compiler ABI info - done
-- Check for working CXX compiler: /usr/bin/c++ - skipped
-- Detecting CXX compile features
-- Detecting CXX compile features - done
-- Found ament_cmake: 1.3.8 (/opt/ros/humble/share/ament_cmake/cmake)
-- Found Python3: /usr/bin/python3 (found version "3.10.12") found components: Interpreter 
-- Found rclcpp: 16.0.8 (/opt/ros/humble/share/rclcpp/cmake)
-- Found rosidl_generator_c: 3.1.5 (/opt/ros/humble/share/rosidl_generator_c/cmake)
-- Found rosidl_adapter: 3.1.5 (/opt/ros/humble/share/rosidl_adapter/cmake)
-- Found rosidl_generator_cpp: 3.1.5 (/opt/ros/humble/share/rosidl_generator_cpp/cmake)
-- Using all available rosidl_typesupport_c: rosidl_typesupport_fastrtps_c;rosidl_typesupport_introspection_c
-- Using all available rosidl_typesupport_cpp: rosidl_typesupport_fastrtps_cpp;rosidl_typesupport_introspection_cpp
-- Found rmw_implementation_cmake: 6.1.1 (/opt/ros/humble/share/rmw_implementation_cmake/cmake)
-- Found rmw_fastrtps_cpp: 6.2.6 (/opt/ros/humble/share/rmw_fastrtps_cpp/cmake)
-- Found OpenSSL: /usr/lib/x86_64-linux-gnu/libcrypto.so (found version "3.0.2")  
-- Found FastRTPS: /opt/ros/humble/include  
-- Using RMW implementation 'rmw_fastrtps_cpp' as default
-- Looking for pthread.h
-- Looking for pthread.h - found
-- Performing Test CMAKE_HAVE_LIBC_PTHREAD
-- Performing Test CMAKE_HAVE_LIBC_PTHREAD - Success
-- Found Threads: TRUE  
-- Found gazebo_msgs: 3.7.0 (/opt/ros/humble/share/gazebo_msgs/cmake)
-- Found midterm_2024_msg: 0.0.0 (/home/jisang/midterm/ros_ws/install/midterm_2024_msg/share/midterm_2024_msg/cmake)
-- Found mymat library: /home/jisang/midterm/ros_ws/src/midterm_2024/lib/libmymat.so
-- Found ament_lint_auto: 0.12.10 (/opt/ros/humble/share/ament_lint_auto/cmake)
-- Added test 'copyright' to check source files copyright and LICENSE
-- Added test 'cppcheck' to perform static code analysis on C / C++ code
-- Configured cppcheck include dirs: /home/jisang/midterm/ros_ws/src/midterm_2024/include
-- Configured cppcheck exclude dirs and/or files: 
-- Added test 'cpplint' to check C / C++ code against the Google style
-- Configured cpplint exclude dirs and/or files: 
-- Added test 'flake8' to check Python code syntax and style conventions
-- Added test 'lint_cmake' to check CMake code style
-- Added test 'pep257' to check Python code against some of the docstring style conventions in PEP 257
-- Added test 'uncrustify' to check C / C++ code style
-- Configured uncrustify additional arguments: 
-- Added test 'xmllint' to check XML markup files
-- Configuring done
-- Generating done
-- Build files have been written to: /home/jisang/midterm/ros_ws/build/midterm_2024
[ 50%] [32mBuilding CXX object CMakeFiles/sun_torque_generator_20190837.dir/src/sun_torque_generator_20190837.cpp.o[0m
[ 50%] [32mBuilding CXX object CMakeFiles/recorder_20190837.dir/src/recorder_20190837.cpp.o[0m
[ 75%] [32m[1mLinking CXX executable recorder_20190837[0m
[100%] [32m[1mLinking CXX executable sun_torque_generator_20190837[0m
[100%] Built target recorder_20190837
[100%] Built target sun_torque_generator_20190837
-- Install configuration: ""
-- Installing: /home/jisang/midterm/ros_ws/install/midterm_2024/lib/midterm_2024/sun_torque_generator_20190837
-- Set runtime path of "/home/jisang/midterm/ros_ws/install/midterm_2024/lib/midterm_2024/sun_torque_generator_20190837" to "/home/jisang/midterm/ros_ws/src/midterm_2024/lib"
-- Installing: /home/jisang/midterm/ros_ws/install/midterm_2024/lib/midterm_2024/recorder_20190837
-- Set runtime path of "/home/jisang/midterm/ros_ws/install/midterm_2024/lib/midterm_2024/recorder_20190837" to "/home/jisang/midterm/ros_ws/src/midterm_2024/lib"
-- Installing: /home/jisang/midterm/ros_ws/install/midterm_2024/share/midterm_2024/launch
-- Installing: /home/jisang/midterm/ros_ws/install/midterm_2024/share/midterm_2024/launch/midterm_launch.py
-- Installing: /home/jisang/midterm/ros_ws/install/midterm_2024/share/midterm_2024/rsc
-- Installing: /home/jisang/midterm/ros_ws/install/midterm_2024/share/midterm_2024/rsc/earth_dae.dae
-- Installing: /home/jisang/midterm/ros_ws/install/midterm_2024/share/midterm_2024/rsc/urdf
-- Installing: /home/jisang/midterm/ros_ws/install/midterm_2024/share/midterm_2024/rsc/urdf/earth.urdf
-- Installing: /home/jisang/midterm/ros_ws/install/midterm_2024/share/midterm_2024/rsc/urdf/earth.sdf
-- Installing: /home/jisang/midterm/ros_ws/install/midterm_2024/share/midterm_2024/worlds
-- Installing: /home/jisang/midterm/ros_ws/install/midterm_2024/share/midterm_2024/worlds/midterm.world
-- Installing: /home/jisang/midterm/ros_ws/install/midterm_2024/share/midterm_2024/include
-- Installing: /home/jisang/midterm/ros_ws/install/midterm_2024/share/midterm_2024/include/myQuaternion.hpp
-- Installing: /home/jisang/midterm/ros_ws/install/midterm_2024/share/midterm_2024/include/mymat.hpp
-- Installing: /home/jisang/midterm/ros_ws/install/midterm_2024/share/midterm_2024/lib
-- Installing: /home/jisang/midterm/ros_ws/install/midterm_2024/share/midterm_2024/lib/libmyQuaternion_20190837.so
-- Installing: /home/jisang/midterm/ros_ws/install/midterm_2024/share/midterm_2024/lib/libmymat.so
-- Installing: /home/jisang/midterm/ros_ws/install/midterm_2024/share/midterm_2024/models
-- Installing: /home/jisang/midterm/ros_ws/install/midterm_2024/share/midterm_2024/models/earth_dae.dae
-- Installing: /home/jisang/midterm/ros_ws/install/midterm_2024/share/ament_index/resource_index/package_run_dependencies/midterm_2024
-- Installing: /home/jisang/midterm/ros_ws/install/midterm_2024/share/ament_index/resource_index/parent_prefix_path/midterm_2024
-- Installing: /home/jisang/midterm/ros_ws/install/midterm_2024/share/midterm_2024/environment/ament_prefix_path.sh
-- Installing: /home/jisang/midterm/ros_ws/install/midterm_2024/share/midterm_2024/environment/ament_prefix_path.dsv
-- Installing: /home/jisang/midterm/ros_ws/install/midterm_2024/share/midterm_2024/environment/path.sh
-- Installing: /home/jisang/midterm/ros_ws/install/midterm_2024/share/midterm_2024/environment/path.dsv
-- Installing: /home/jisang/midterm/ros_ws/install/midterm_2024/share/midterm_2024/local_setup.bash
-- Installing: /home/jisang/midterm/ros_ws/install/midterm_2024/share/midterm_2024/local_setup.sh
-- Installing: /home/jisang/midterm/ros_ws/install/midterm_2024/share/midterm_2024/local_setup.zsh
-- Installing: /home/jisang/midterm/ros_ws/install/midterm_2024/share/midterm_2024/local_setup.dsv
-- Installing: /home/jisang/midterm/ros_ws/install/midterm_2024/share/midterm_2024/package.dsv
-- Installing: /home/jisang/midterm/ros_ws/install/midterm_2024/share/ament_index/resource_index/packages/midterm_2024
-- Installing: /home/jisang/midterm/ros_ws/install/midterm_2024/share/midterm_2024/cmake/midterm_2024Config.cmake
-- Installing: /home/jisang/midterm/ros_ws/install/midterm_2024/share/midterm_2024/cmake/midterm_2024Config-version.cmake
-- Installing: /home/jisang/midterm/ros_ws/install/midterm_2024/share/midterm_2024/package.xml
