[35m[1mConsolidate compiler generated dependencies of target sun_torque_generator_20190837[0m
[35m[1mConsolidate compiler generated dependencies of target recorder_20190837[0m
[ 50%] Built target sun_torque_generator_20190837
[ 75%] [32mBuilding CXX object CMakeFiles/recorder_20190837.dir/src/recorder_20190837.cpp.o[0m
[100%] [32m[1mLinking CXX executable recorder_20190837[0m
[100%] Built target recorder_20190837
-- Install configuration: ""
-- Up-to-date: /home/jisang/midterm/ros_ws/install/midterm_2024/lib/midterm_2024/sun_torque_generator_20190837
-- Installing: /home/jisang/midterm/ros_ws/install/midterm_2024/lib/midterm_2024/recorder_20190837
-- Set runtime path of "/home/jisang/midterm/ros_ws/install/midterm_2024/lib/midterm_2024/recorder_20190837" to "/home/jisang/midterm/ros_ws/src/midterm_2024/lib"
-- Up-to-date: /home/jisang/midterm/ros_ws/install/midterm_2024/share/midterm_2024/launch
-- Up-to-date: /home/jisang/midterm/ros_ws/install/midterm_2024/share/midterm_2024/launch/midterm_launch.py
-- Up-to-date: /home/jisang/midterm/ros_ws/install/midterm_2024/share/midterm_2024/rsc
-- Up-to-date: /home/jisang/midterm/ros_ws/install/midterm_2024/share/midterm_2024/rsc/earth_dae.dae
-- Up-to-date: /home/jisang/midterm/ros_ws/install/midterm_2024/share/midterm_2024/rsc/urdf
-- Up-to-date: /home/jisang/midterm/ros_ws/install/midterm_2024/share/midterm_2024/rsc/urdf/earth.urdf
-- Up-to-date: /home/jisang/midterm/ros_ws/install/midterm_2024/share/midterm_2024/rsc/urdf/earth.sdf
-- Up-to-date: /home/jisang/midterm/ros_ws/install/midterm_2024/share/midterm_2024/worlds
-- Up-to-date: /home/jisang/midterm/ros_ws/install/midterm_2024/share/midterm_2024/worlds/midterm.world
-- Up-to-date: /home/jisang/midterm/ros_ws/install/midterm_2024/share/midterm_2024/include
-- Up-to-date: /home/jisang/midterm/ros_ws/install/midterm_2024/share/midterm_2024/include/myQuaternion.hpp
-- Up-to-date: /home/jisang/midterm/ros_ws/install/midterm_2024/share/midterm_2024/include/mymat.hpp
-- Up-to-date: /home/jisang/midterm/ros_ws/install/midterm_2024/share/midterm_2024/lib
-- Up-to-date: /home/jisang/midterm/ros_ws/install/midterm_2024/share/midterm_2024/lib/libmyQuaternion_20190837.so
-- Up-to-date: /home/jisang/midterm/ros_ws/install/midterm_2024/share/midterm_2024/lib/libmymat.so
-- Up-to-date: /home/jisang/midterm/ros_ws/install/midterm_2024/share/midterm_2024/models
-- Up-to-date: /home/jisang/midterm/ros_ws/install/midterm_2024/share/midterm_2024/models/earth_dae.dae
-- Up-to-date: /home/jisang/midterm/ros_ws/install/midterm_2024/share/ament_index/resource_index/package_run_dependencies/midterm_2024
-- Up-to-date: /home/jisang/midterm/ros_ws/install/midterm_2024/share/ament_index/resource_index/parent_prefix_path/midterm_2024
-- Up-to-date: /home/jisang/midterm/ros_ws/install/midterm_2024/share/midterm_2024/environment/ament_prefix_path.sh
-- Up-to-date: /home/jisang/midterm/ros_ws/install/midterm_2024/share/midterm_2024/environment/ament_prefix_path.dsv
-- Up-to-date: /home/jisang/midterm/ros_ws/install/midterm_2024/share/midterm_2024/environment/path.sh
-- Up-to-date: /home/jisang/midterm/ros_ws/install/midterm_2024/share/midterm_2024/environment/path.dsv
-- Up-to-date: /home/jisang/midterm/ros_ws/install/midterm_2024/share/midterm_2024/local_setup.bash
-- Up-to-date: /home/jisang/midterm/ros_ws/install/midterm_2024/share/midterm_2024/local_setup.sh
-- Up-to-date: /home/jisang/midterm/ros_ws/install/midterm_2024/share/midterm_2024/local_setup.zsh
-- Up-to-date: /home/jisang/midterm/ros_ws/install/midterm_2024/share/midterm_2024/local_setup.dsv
-- Installing: /home/jisang/midterm/ros_ws/install/midterm_2024/share/midterm_2024/package.dsv
-- Up-to-date: /home/jisang/midterm/ros_ws/install/midterm_2024/share/ament_index/resource_index/packages/midterm_2024
-- Up-to-date: /home/jisang/midterm/ros_ws/install/midterm_2024/share/midterm_2024/cmake/midterm_2024Config.cmake
-- Up-to-date: /home/jisang/midterm/ros_ws/install/midterm_2024/share/midterm_2024/cmake/midterm_2024Config-version.cmake
-- Up-to-date: /home/jisang/midterm/ros_ws/install/midterm_2024/share/midterm_2024/package.xml
